CRITICAL - 2023-01-04 10:31:54 --> syntax error, unexpected '$tanggalLahir' (T_VARIABLE), expecting ']'
in APPPATH\Controllers\Admin\Anggota.php on line 115.
 1 SYSTEMPATH\Autoloader\Autoloader.php(259): CodeIgniter\Autoloader\Autoloader->includeFile('APPPATH\\Controllers\\Admin\\Anggota.php')
 2 SYSTEMPATH\Autoloader\Autoloader.php(237): CodeIgniter\Autoloader\Autoloader->loadInNamespace('App\\Controllers\\Admin\\Anggota')
 3 [internal function]: CodeIgniter\Autoloader\Autoloader->loadClass('App\\Controllers\\Admin\\Anggota')
 4 [internal function]: spl_autoload_call('App\\Controllers\\Admin\\Anggota')
 5 SYSTEMPATH\CodeIgniter.php(877): class_exists('\\App\\Controllers\\Admin\\Anggota', true)
 6 SYSTEMPATH\CodeIgniter.php(469): CodeIgniter\CodeIgniter->startController()
 7 SYSTEMPATH\CodeIgniter.php(351): CodeIgniter\CodeIgniter->handleRequest(null, Object(Config\Cache), false)
 8 FCPATH\index.php(67): CodeIgniter\CodeIgniter->run()
 9 SYSTEMPATH\Commands\Server\rewrite.php(46): require_once('FCPATH\\index.php')
CRITICAL - 2023-01-04 10:32:12 --> syntax error, unexpected '$tanggalLahir' (T_VARIABLE), expecting ']'
in APPPATH\Controllers\Admin\Anggota.php on line 115.
 1 SYSTEMPATH\Autoloader\Autoloader.php(259): CodeIgniter\Autoloader\Autoloader->includeFile('APPPATH\\Controllers\\Admin\\Anggota.php')
 2 SYSTEMPATH\Autoloader\Autoloader.php(237): CodeIgniter\Autoloader\Autoloader->loadInNamespace('App\\Controllers\\Admin\\Anggota')
 3 [internal function]: CodeIgniter\Autoloader\Autoloader->loadClass('App\\Controllers\\Admin\\Anggota')
 4 [internal function]: spl_autoload_call('App\\Controllers\\Admin\\Anggota')
 5 SYSTEMPATH\CodeIgniter.php(877): class_exists('\\App\\Controllers\\Admin\\Anggota', true)
 6 SYSTEMPATH\CodeIgniter.php(469): CodeIgniter\CodeIgniter->startController()
 7 SYSTEMPATH\CodeIgniter.php(351): CodeIgniter\CodeIgniter->handleRequest(null, Object(Config\Cache), false)
 8 FCPATH\index.php(67): CodeIgniter\CodeIgniter->run()
 9 SYSTEMPATH\Commands\Server\rewrite.php(46): require_once('FCPATH\\index.php')
CRITICAL - 2023-01-04 10:32:14 --> syntax error, unexpected '$tanggalLahir' (T_VARIABLE), expecting ']'
in APPPATH\Controllers\Admin\Anggota.php on line 115.
 1 SYSTEMPATH\Autoloader\Autoloader.php(259): CodeIgniter\Autoloader\Autoloader->includeFile('APPPATH\\Controllers\\Admin\\Anggota.php')
 2 SYSTEMPATH\Autoloader\Autoloader.php(237): CodeIgniter\Autoloader\Autoloader->loadInNamespace('App\\Controllers\\Admin\\Anggota')
 3 [internal function]: CodeIgniter\Autoloader\Autoloader->loadClass('App\\Controllers\\Admin\\Anggota')
 4 [internal function]: spl_autoload_call('App\\Controllers\\Admin\\Anggota')
 5 SYSTEMPATH\CodeIgniter.php(877): class_exists('\\App\\Controllers\\Admin\\Anggota', true)
 6 SYSTEMPATH\CodeIgniter.php(469): CodeIgniter\CodeIgniter->startController()
 7 SYSTEMPATH\CodeIgniter.php(351): CodeIgniter\CodeIgniter->handleRequest(null, Object(Config\Cache), false)
 8 FCPATH\index.php(67): CodeIgniter\CodeIgniter->run()
 9 SYSTEMPATH\Commands\Server\rewrite.php(46): require_once('FCPATH\\index.php')
CRITICAL - 2023-01-04 18:38:38 --> syntax error, unexpected 'dd' (T_STRING)
in APPPATH\Controllers\Admin\Anggota.php on line 64.
 1 SYSTEMPATH\Autoloader\Autoloader.php(259): CodeIgniter\Autoloader\Autoloader->includeFile('APPPATH\\Controllers\\Admin\\Anggota.php')
 2 SYSTEMPATH\Autoloader\Autoloader.php(237): CodeIgniter\Autoloader\Autoloader->loadInNamespace('App\\Controllers\\Admin\\Anggota')
 3 [internal function]: CodeIgniter\Autoloader\Autoloader->loadClass('App\\Controllers\\Admin\\Anggota')
 4 [internal function]: spl_autoload_call('App\\Controllers\\Admin\\Anggota')
 5 SYSTEMPATH\CodeIgniter.php(877): class_exists('\\App\\Controllers\\Admin\\Anggota', true)
 6 SYSTEMPATH\CodeIgniter.php(469): CodeIgniter\CodeIgniter->startController()
 7 SYSTEMPATH\CodeIgniter.php(351): CodeIgniter\CodeIgniter->handleRequest(null, Object(Config\Cache), false)
 8 FCPATH\index.php(67): CodeIgniter\CodeIgniter->run()
 9 SYSTEMPATH\Commands\Server\rewrite.php(46): require_once('FCPATH\\index.php')
