CRITICAL - 2023-02-14 05:01:00 --> Undefined index: idKomunitas
in APPPATH\Views\superadmin\suratMasuk.php on line 58.
 1 APPPATH\Views\superadmin\suratMasuk.php(58): CodeIgniter\Debug\Exceptions->errorHandler(8, 'Undefined index: idKomunitas', 'APPPATH\\Views\\superadmin\\suratMasuk.php', 58, [...])
 2 SYSTEMPATH\View\View.php(213): include('APPPATH\\Views\\superadmin\\suratMasuk.php')
 3 SYSTEMPATH\View\View.php(216): CodeIgniter\View\View->CodeIgniter\View\{closure}()
 4 SYSTEMPATH\Common.php(1134): CodeIgniter\View\View->render('superadmin/suratMasuk', [], true)
 5 APPPATH\Controllers\SuperAdmin\Surat.php(25): view('superadmin/suratMasuk', [...])
 6 SYSTEMPATH\CodeIgniter.php(927): App\Controllers\SuperAdmin\Surat->suratMasuk()
 7 SYSTEMPATH\CodeIgniter.php(482): CodeIgniter\CodeIgniter->runController(Object(App\Controllers\SuperAdmin\Surat))
 8 SYSTEMPATH\CodeIgniter.php(351): CodeIgniter\CodeIgniter->handleRequest(null, Object(Config\Cache), false)
 9 FCPATH\index.php(67): CodeIgniter\CodeIgniter->run()
10 SYSTEMPATH\Commands\Server\rewrite.php(46): require_once('FCPATH\\index.php')
CRITICAL - 2023-02-14 05:01:04 --> Invalid file: sa/suratKeluar.php
in SYSTEMPATH\Exceptions\FrameworkException.php on line 33.
 1 SYSTEMPATH\View\View.php(201): CodeIgniter\Exceptions\FrameworkException::forInvalidFile('sa/suratKeluar.php')
 2 SYSTEMPATH\Common.php(1134): CodeIgniter\View\View->render('sa/suratKeluar', [], true)
 3 APPPATH\Controllers\SuperAdmin\Surat.php(155): view('sa/suratKeluar', [...])
 4 SYSTEMPATH\CodeIgniter.php(927): App\Controllers\SuperAdmin\Surat->suratKeluar()
 5 SYSTEMPATH\CodeIgniter.php(482): CodeIgniter\CodeIgniter->runController(Object(App\Controllers\SuperAdmin\Surat))
 6 SYSTEMPATH\CodeIgniter.php(351): CodeIgniter\CodeIgniter->handleRequest(null, Object(Config\Cache), false)
 7 FCPATH\index.php(67): CodeIgniter\CodeIgniter->run()
 8 SYSTEMPATH\Commands\Server\rewrite.php(46): require_once('FCPATH\\index.php')
CRITICAL - 2023-02-14 05:03:13 --> Invalid file: sa/suratKeluar.php
in SYSTEMPATH\Exceptions\FrameworkException.php on line 33.
 1 SYSTEMPATH\View\View.php(201): CodeIgniter\Exceptions\FrameworkException::forInvalidFile('sa/suratKeluar.php')
 2 SYSTEMPATH\Common.php(1134): CodeIgniter\View\View->render('sa/suratKeluar', [], true)
 3 APPPATH\Controllers\SuperAdmin\Surat.php(155): view('sa/suratKeluar', [...])
 4 SYSTEMPATH\CodeIgniter.php(927): App\Controllers\SuperAdmin\Surat->suratKeluar()
 5 SYSTEMPATH\CodeIgniter.php(482): CodeIgniter\CodeIgniter->runController(Object(App\Controllers\SuperAdmin\Surat))
 6 SYSTEMPATH\CodeIgniter.php(351): CodeIgniter\CodeIgniter->handleRequest(null, Object(Config\Cache), false)
 7 FCPATH\index.php(67): CodeIgniter\CodeIgniter->run()
 8 SYSTEMPATH\Commands\Server\rewrite.php(46): require_once('FCPATH\\index.php')
CRITICAL - 2023-02-14 05:03:55 --> Undefined index: idKomunitas
in APPPATH\Views\superadmin\suratMasuk.php on line 58.
 1 APPPATH\Views\superadmin\suratMasuk.php(58): CodeIgniter\Debug\Exceptions->errorHandler(8, 'Undefined index: idKomunitas', 'APPPATH\\Views\\superadmin\\suratMasuk.php', 58, [...])
 2 SYSTEMPATH\View\View.php(213): include('APPPATH\\Views\\superadmin\\suratMasuk.php')
 3 SYSTEMPATH\View\View.php(216): CodeIgniter\View\View->CodeIgniter\View\{closure}()
 4 SYSTEMPATH\Common.php(1134): CodeIgniter\View\View->render('superadmin/suratMasuk', [], true)
 5 APPPATH\Controllers\SuperAdmin\Surat.php(25): view('superadmin/suratMasuk', [...])
 6 SYSTEMPATH\CodeIgniter.php(927): App\Controllers\SuperAdmin\Surat->suratMasuk()
 7 SYSTEMPATH\CodeIgniter.php(482): CodeIgniter\CodeIgniter->runController(Object(App\Controllers\SuperAdmin\Surat))
 8 SYSTEMPATH\CodeIgniter.php(351): CodeIgniter\CodeIgniter->handleRequest(null, Object(Config\Cache), false)
 9 FCPATH\index.php(67): CodeIgniter\CodeIgniter->run()
10 SYSTEMPATH\Commands\Server\rewrite.php(46): require_once('FCPATH\\index.php')
CRITICAL - 2023-02-14 08:34:38 --> Undefined index: idKomunitas
in APPPATH\Views\superadmin\suratMasuk.php on line 58.
 1 APPPATH\Views\superadmin\suratMasuk.php(58): CodeIgniter\Debug\Exceptions->errorHandler(8, 'Undefined index: idKomunitas', 'APPPATH\\Views\\superadmin\\suratMasuk.php', 58, [...])
 2 SYSTEMPATH\View\View.php(213): include('APPPATH\\Views\\superadmin\\suratMasuk.php')
 3 SYSTEMPATH\View\View.php(216): CodeIgniter\View\View->CodeIgniter\View\{closure}()
 4 SYSTEMPATH\Common.php(1134): CodeIgniter\View\View->render('superadmin/suratMasuk', [], true)
 5 APPPATH\Controllers\SuperAdmin\Surat.php(25): view('superadmin/suratMasuk', [...])
 6 SYSTEMPATH\CodeIgniter.php(927): App\Controllers\SuperAdmin\Surat->suratMasuk()
 7 SYSTEMPATH\CodeIgniter.php(482): CodeIgniter\CodeIgniter->runController(Object(App\Controllers\SuperAdmin\Surat))
 8 SYSTEMPATH\CodeIgniter.php(351): CodeIgniter\CodeIgniter->handleRequest(null, Object(Config\Cache), false)
 9 FCPATH\index.php(67): CodeIgniter\CodeIgniter->run()
10 SYSTEMPATH\Commands\Server\rewrite.php(46): require_once('FCPATH\\index.php')
CRITICAL - 2023-02-14 08:34:56 --> Undefined index: idKomunitas
in APPPATH\Views\superadmin\suratMasuk.php on line 58.
 1 APPPATH\Views\superadmin\suratMasuk.php(58): CodeIgniter\Debug\Exceptions->errorHandler(8, 'Undefined index: idKomunitas', 'APPPATH\\Views\\superadmin\\suratMasuk.php', 58, [...])
 2 SYSTEMPATH\View\View.php(213): include('APPPATH\\Views\\superadmin\\suratMasuk.php')
 3 SYSTEMPATH\View\View.php(216): CodeIgniter\View\View->CodeIgniter\View\{closure}()
 4 SYSTEMPATH\Common.php(1134): CodeIgniter\View\View->render('superadmin/suratMasuk', [], true)
 5 APPPATH\Controllers\SuperAdmin\Surat.php(25): view('superadmin/suratMasuk', [...])
 6 SYSTEMPATH\CodeIgniter.php(927): App\Controllers\SuperAdmin\Surat->suratMasuk()
 7 SYSTEMPATH\CodeIgniter.php(482): CodeIgniter\CodeIgniter->runController(Object(App\Controllers\SuperAdmin\Surat))
 8 SYSTEMPATH\CodeIgniter.php(351): CodeIgniter\CodeIgniter->handleRequest(null, Object(Config\Cache), false)
 9 FCPATH\index.php(67): CodeIgniter\CodeIgniter->run()
10 SYSTEMPATH\Commands\Server\rewrite.php(46): require_once('FCPATH\\index.php')
CRITICAL - 2023-02-14 08:34:59 --> Undefined index: idKomunitas
in APPPATH\Views\superadmin\suratMasuk.php on line 58.
 1 APPPATH\Views\superadmin\suratMasuk.php(58): CodeIgniter\Debug\Exceptions->errorHandler(8, 'Undefined index: idKomunitas', 'APPPATH\\Views\\superadmin\\suratMasuk.php', 58, [...])
 2 SYSTEMPATH\View\View.php(213): include('APPPATH\\Views\\superadmin\\suratMasuk.php')
 3 SYSTEMPATH\View\View.php(216): CodeIgniter\View\View->CodeIgniter\View\{closure}()
 4 SYSTEMPATH\Common.php(1134): CodeIgniter\View\View->render('superadmin/suratMasuk', [], true)
 5 APPPATH\Controllers\SuperAdmin\Surat.php(25): view('superadmin/suratMasuk', [...])
 6 SYSTEMPATH\CodeIgniter.php(927): App\Controllers\SuperAdmin\Surat->suratMasuk()
 7 SYSTEMPATH\CodeIgniter.php(482): CodeIgniter\CodeIgniter->runController(Object(App\Controllers\SuperAdmin\Surat))
 8 SYSTEMPATH\CodeIgniter.php(351): CodeIgniter\CodeIgniter->handleRequest(null, Object(Config\Cache), false)
 9 FCPATH\index.php(67): CodeIgniter\CodeIgniter->run()
10 SYSTEMPATH\Commands\Server\rewrite.php(46): require_once('FCPATH\\index.php')
CRITICAL - 2023-02-14 08:42:15 --> Undefined index: namaKomunitas
in APPPATH\Views\superadmin\suratMasuk.php on line 155.
 1 APPPATH\Views\superadmin\suratMasuk.php(155): CodeIgniter\Debug\Exceptions->errorHandler(8, 'Undefined index: namaKomunitas', 'APPPATH\\Views\\superadmin\\suratMasuk.php', 155, [...])
 2 SYSTEMPATH\View\View.php(213): include('APPPATH\\Views\\superadmin\\suratMasuk.php')
 3 SYSTEMPATH\View\View.php(216): CodeIgniter\View\View->CodeIgniter\View\{closure}()
 4 SYSTEMPATH\Common.php(1134): CodeIgniter\View\View->render('superadmin/suratMasuk', [], true)
 5 APPPATH\Controllers\SuperAdmin\Surat.php(25): view('superadmin/suratMasuk', [...])
 6 SYSTEMPATH\CodeIgniter.php(927): App\Controllers\SuperAdmin\Surat->suratMasuk()
 7 SYSTEMPATH\CodeIgniter.php(482): CodeIgniter\CodeIgniter->runController(Object(App\Controllers\SuperAdmin\Surat))
 8 SYSTEMPATH\CodeIgniter.php(351): CodeIgniter\CodeIgniter->handleRequest(null, Object(Config\Cache), false)
 9 FCPATH\index.php(67): CodeIgniter\CodeIgniter->run()
10 SYSTEMPATH\Commands\Server\rewrite.php(46): require_once('FCPATH\\index.php')
CRITICAL - 2023-02-14 08:42:47 --> Undefined index: nomorSurat
in APPPATH\Views\superadmin\suratMasuk.php on line 150.
 1 APPPATH\Views\superadmin\suratMasuk.php(150): CodeIgniter\Debug\Exceptions->errorHandler(8, 'Undefined index: nomorSurat', 'APPPATH\\Views\\superadmin\\suratMasuk.php', 150, [...])
 2 SYSTEMPATH\View\View.php(213): include('APPPATH\\Views\\superadmin\\suratMasuk.php')
 3 SYSTEMPATH\View\View.php(216): CodeIgniter\View\View->CodeIgniter\View\{closure}()
 4 SYSTEMPATH\Common.php(1134): CodeIgniter\View\View->render('superadmin/suratMasuk', [], true)
 5 APPPATH\Controllers\SuperAdmin\Surat.php(25): view('superadmin/suratMasuk', [...])
 6 SYSTEMPATH\CodeIgniter.php(927): App\Controllers\SuperAdmin\Surat->suratMasuk()
 7 SYSTEMPATH\CodeIgniter.php(482): CodeIgniter\CodeIgniter->runController(Object(App\Controllers\SuperAdmin\Surat))
 8 SYSTEMPATH\CodeIgniter.php(351): CodeIgniter\CodeIgniter->handleRequest(null, Object(Config\Cache), false)
 9 FCPATH\index.php(67): CodeIgniter\CodeIgniter->run()
10 SYSTEMPATH\Commands\Server\rewrite.php(46): require_once('FCPATH\\index.php')
