ERROR - 2022-12-18 13:20:50 --> Error connecting to the database: mysqli_sql_exception: No connection could be made because the target machine actively refused it.
 in C:\xampp\htdocs\si-biara\vendor\codeigniter4\framework\system\Database\MySQLi\Connection.php:171
Stack trace:
#0 C:\xampp\htdocs\si-biara\vendor\codeigniter4\framework\system\Database\MySQLi\Connection.php(171): mysqli->real_connect('localhost', 'root', '', 'si-biara', 3306, '', 0)
#1 C:\xampp\htdocs\si-biara\vendor\codeigniter4\framework\system\Database\BaseConnection.php(382): CodeIgniter\Database\MySQLi\Connection->connect(false)
#2 C:\xampp\htdocs\si-biara\vendor\codeigniter4\framework\system\Database\BaseConnection.php(561): CodeIgniter\Database\BaseConnection->initialize()
#3 C:\xampp\htdocs\si-biara\vendor\codeigniter4\framework\system\Database\BaseBuilder.php(1585): CodeIgniter\Database\BaseConnection->query('SELECT *\nFROM `...', Array, false)
#4 C:\xampp\htdocs\si-biara\vendor\codeigniter4\framework\system\Model.php(250): CodeIgniter\Database\BaseBuilder->get()
#5 C:\xampp\htdocs\si-biara\vendor\codeigniter4\framework\system\BaseModel.php(623): CodeIgniter\Model->doFirst()
#6 C:\xampp\htdocs\si-biara\app\Controllers\Auth.php(39): CodeIgniter\BaseModel->first()
#7 C:\xampp\htdocs\si-biara\vendor\codeigniter4\framework\system\CodeIgniter.php(927): App\Controllers\Auth->login()
#8 C:\xampp\htdocs\si-biara\vendor\codeigniter4\framework\system\CodeIgniter.php(482): CodeIgniter\CodeIgniter->runController(Object(App\Controllers\Auth))
#9 C:\xampp\htdocs\si-biara\vendor\codeigniter4\framework\system\CodeIgniter.php(351): CodeIgniter\CodeIgniter->handleRequest(NULL, Object(Config\Cache), false)
#10 C:\xampp\htdocs\si-biara\public\index.php(67): CodeIgniter\CodeIgniter->run()
#11 C:\xampp\htdocs\si-biara\vendor\codeigniter4\framework\system\Commands\Server\rewrite.php(46): require_once('C:\\xampp\\htdocs...')
#12 {main}

Next CodeIgniter\Database\Exceptions\DatabaseException: No connection could be made because the target machine actively refused it.
 in C:\xampp\htdocs\si-biara\vendor\codeigniter4\framework\system\Database\MySQLi\Connection.php:215
Stack trace:
#0 C:\xampp\htdocs\si-biara\vendor\codeigniter4\framework\system\Database\BaseConnection.php(382): CodeIgniter\Database\MySQLi\Connection->connect(false)
#1 C:\xampp\htdocs\si-biara\vendor\codeigniter4\framework\system\Database\BaseConnection.php(561): CodeIgniter\Database\BaseConnection->initialize()
#2 C:\xampp\htdocs\si-biara\vendor\codeigniter4\framework\system\Database\BaseBuilder.php(1585): CodeIgniter\Database\BaseConnection->query('SELECT *\nFROM `...', Array, false)
#3 C:\xampp\htdocs\si-biara\vendor\codeigniter4\framework\system\Model.php(250): CodeIgniter\Database\BaseBuilder->get()
#4 C:\xampp\htdocs\si-biara\vendor\codeigniter4\framework\system\BaseModel.php(623): CodeIgniter\Model->doFirst()
#5 C:\xampp\htdocs\si-biara\app\Controllers\Auth.php(39): CodeIgniter\BaseModel->first()
#6 C:\xampp\htdocs\si-biara\vendor\codeigniter4\framework\system\CodeIgniter.php(927): App\Controllers\Auth->login()
#7 C:\xampp\htdocs\si-biara\vendor\codeigniter4\framework\system\CodeIgniter.php(482): CodeIgniter\CodeIgniter->runController(Object(App\Controllers\Auth))
#8 C:\xampp\htdocs\si-biara\vendor\codeigniter4\framework\system\CodeIgniter.php(351): CodeIgniter\CodeIgniter->handleRequest(NULL, Object(Config\Cache), false)
#9 C:\xampp\htdocs\si-biara\public\index.php(67): CodeIgniter\CodeIgniter->run()
#10 C:\xampp\htdocs\si-biara\vendor\codeigniter4\framework\system\Commands\Server\rewrite.php(46): require_once('C:\\xampp\\htdocs...')
#11 {main}
CRITICAL - 2022-12-18 13:20:50 --> Unable to connect to the database.
Main connection [MySQLi]: No connection could be made because the target machine actively refused it.

in SYSTEMPATH\Database\BaseConnection.php on line 418.
 1 SYSTEMPATH\Database\BaseConnection.php(561): CodeIgniter\Database\BaseConnection->initialize()
 2 SYSTEMPATH\Database\BaseBuilder.php(1585): CodeIgniter\Database\BaseConnection->query('SELECT *
FROM `anggota`
WHERE `nomorBaju` = :nomorBaju:
 LIMIT 1', [...], false)
 3 SYSTEMPATH\Model.php(250): CodeIgniter\Database\BaseBuilder->get()
 4 SYSTEMPATH\BaseModel.php(623): CodeIgniter\Model->doFirst()
 5 APPPATH\Controllers\Auth.php(39): CodeIgniter\BaseModel->first()
 6 SYSTEMPATH\CodeIgniter.php(927): App\Controllers\Auth->login()
 7 SYSTEMPATH\CodeIgniter.php(482): CodeIgniter\CodeIgniter->runController(Object(App\Controllers\Auth))
 8 SYSTEMPATH\CodeIgniter.php(351): CodeIgniter\CodeIgniter->handleRequest(null, Object(Config\Cache), false)
 9 FCPATH\index.php(67): CodeIgniter\CodeIgniter->run()
10 SYSTEMPATH\Commands\Server\rewrite.php(46): require_once('FCPATH\\index.php')
ERROR - 2022-12-18 13:22:25 --> mysqli_sql_exception: Unknown column 'penugasan.idKomunitas' in 'on clause' in C:\xampp\htdocs\si-biara\vendor\codeigniter4\framework\system\Database\MySQLi\Connection.php:292
Stack trace:
#0 C:\xampp\htdocs\si-biara\vendor\codeigniter4\framework\system\Database\MySQLi\Connection.php(292): mysqli->query('SELECT *\nFROM `...', 0)
#1 C:\xampp\htdocs\si-biara\vendor\codeigniter4\framework\system\Database\BaseConnection.php(666): CodeIgniter\Database\MySQLi\Connection->execute('SELECT *\nFROM `...')
#2 C:\xampp\htdocs\si-biara\vendor\codeigniter4\framework\system\Database\BaseConnection.php(593): CodeIgniter\Database\BaseConnection->simpleQuery('SELECT *\nFROM `...')
#3 C:\xampp\htdocs\si-biara\vendor\codeigniter4\framework\system\Database\BaseBuilder.php(1585): CodeIgniter\Database\BaseConnection->query('SELECT *\nFROM `...', Array, false)
#4 C:\xampp\htdocs\si-biara\app\Models\AnggotaModel.php(24): CodeIgniter\Database\BaseBuilder->get()
#5 C:\xampp\htdocs\si-biara\app\Controllers\Admin\Penugasan.php(22): App\Models\AnggotaModel->getAnggota()
#6 C:\xampp\htdocs\si-biara\vendor\codeigniter4\framework\system\CodeIgniter.php(927): App\Controllers\Admin\Penugasan->index()
#7 C:\xampp\htdocs\si-biara\vendor\codeigniter4\framework\system\CodeIgniter.php(482): CodeIgniter\CodeIgniter->runController(Object(App\Controllers\Admin\Penugasan))
#8 C:\xampp\htdocs\si-biara\vendor\codeigniter4\framework\system\CodeIgniter.php(351): CodeIgniter\CodeIgniter->handleRequest(NULL, Object(Config\Cache), false)
#9 C:\xampp\htdocs\si-biara\public\index.php(67): CodeIgniter\CodeIgniter->run()
#10 C:\xampp\htdocs\si-biara\vendor\codeigniter4\framework\system\Commands\Server\rewrite.php(46): require_once('C:\\xampp\\htdocs...')
#11 {main}
CRITICAL - 2022-12-18 13:22:25 --> Call to a member function getResultArray() on bool
in APPPATH\Models\AnggotaModel.php on line 24.
 1 APPPATH\Controllers\Admin\Penugasan.php(22): App\Models\AnggotaModel->getAnggota()
 2 SYSTEMPATH\CodeIgniter.php(927): App\Controllers\Admin\Penugasan->index()
 3 SYSTEMPATH\CodeIgniter.php(482): CodeIgniter\CodeIgniter->runController(Object(App\Controllers\Admin\Penugasan))
 4 SYSTEMPATH\CodeIgniter.php(351): CodeIgniter\CodeIgniter->handleRequest(null, Object(Config\Cache), false)
 5 FCPATH\index.php(67): CodeIgniter\CodeIgniter->run()
 6 SYSTEMPATH\Commands\Server\rewrite.php(46): require_once('FCPATH\\index.php')
ERROR - 2022-12-18 13:22:55 --> mysqli_sql_exception: Unknown column 'penugasan.idKomunitas' in 'on clause' in C:\xampp\htdocs\si-biara\vendor\codeigniter4\framework\system\Database\MySQLi\Connection.php:292
Stack trace:
#0 C:\xampp\htdocs\si-biara\vendor\codeigniter4\framework\system\Database\MySQLi\Connection.php(292): mysqli->query('SELECT *\nFROM `...', 0)
#1 C:\xampp\htdocs\si-biara\vendor\codeigniter4\framework\system\Database\BaseConnection.php(666): CodeIgniter\Database\MySQLi\Connection->execute('SELECT *\nFROM `...')
#2 C:\xampp\htdocs\si-biara\vendor\codeigniter4\framework\system\Database\BaseConnection.php(593): CodeIgniter\Database\BaseConnection->simpleQuery('SELECT *\nFROM `...')
#3 C:\xampp\htdocs\si-biara\vendor\codeigniter4\framework\system\Database\BaseBuilder.php(1585): CodeIgniter\Database\BaseConnection->query('SELECT *\nFROM `...', Array, false)
#4 C:\xampp\htdocs\si-biara\vendor\codeigniter4\framework\system\Model.php(772): CodeIgniter\Database\BaseBuilder->get()
#5 C:\xampp\htdocs\si-biara\app\Models\AnggotaModel.php(24): CodeIgniter\Model->__call('get', Array)
#6 C:\xampp\htdocs\si-biara\app\Controllers\Admin\Penugasan.php(22): App\Models\AnggotaModel->getAnggota()
#7 C:\xampp\htdocs\si-biara\vendor\codeigniter4\framework\system\CodeIgniter.php(927): App\Controllers\Admin\Penugasan->index()
#8 C:\xampp\htdocs\si-biara\vendor\codeigniter4\framework\system\CodeIgniter.php(482): CodeIgniter\CodeIgniter->runController(Object(App\Controllers\Admin\Penugasan))
#9 C:\xampp\htdocs\si-biara\vendor\codeigniter4\framework\system\CodeIgniter.php(351): CodeIgniter\CodeIgniter->handleRequest(NULL, Object(Config\Cache), false)
#10 C:\xampp\htdocs\si-biara\public\index.php(67): CodeIgniter\CodeIgniter->run()
#11 C:\xampp\htdocs\si-biara\vendor\codeigniter4\framework\system\Commands\Server\rewrite.php(46): require_once('C:\\xampp\\htdocs...')
#12 {main}
CRITICAL - 2022-12-18 13:22:55 --> Call to a member function getResultArray() on bool
in APPPATH\Models\AnggotaModel.php on line 24.
 1 APPPATH\Controllers\Admin\Penugasan.php(22): App\Models\AnggotaModel->getAnggota()
 2 SYSTEMPATH\CodeIgniter.php(927): App\Controllers\Admin\Penugasan->index()
 3 SYSTEMPATH\CodeIgniter.php(482): CodeIgniter\CodeIgniter->runController(Object(App\Controllers\Admin\Penugasan))
 4 SYSTEMPATH\CodeIgniter.php(351): CodeIgniter\CodeIgniter->handleRequest(null, Object(Config\Cache), false)
 5 FCPATH\index.php(67): CodeIgniter\CodeIgniter->run()
 6 SYSTEMPATH\Commands\Server\rewrite.php(46): require_once('FCPATH\\index.php')
ERROR - 2022-12-18 13:23:50 --> mysqli_sql_exception: Unknown column 'penugasan.idKomunitas' in 'on clause' in C:\xampp\htdocs\si-biara\vendor\codeigniter4\framework\system\Database\MySQLi\Connection.php:292
Stack trace:
#0 C:\xampp\htdocs\si-biara\vendor\codeigniter4\framework\system\Database\MySQLi\Connection.php(292): mysqli->query('SELECT *\nFROM `...', 0)
#1 C:\xampp\htdocs\si-biara\vendor\codeigniter4\framework\system\Database\BaseConnection.php(666): CodeIgniter\Database\MySQLi\Connection->execute('SELECT *\nFROM `...')
#2 C:\xampp\htdocs\si-biara\vendor\codeigniter4\framework\system\Database\BaseConnection.php(593): CodeIgniter\Database\BaseConnection->simpleQuery('SELECT *\nFROM `...')
#3 C:\xampp\htdocs\si-biara\vendor\codeigniter4\framework\system\Database\BaseBuilder.php(1585): CodeIgniter\Database\BaseConnection->query('SELECT *\nFROM `...', Array, false)
#4 C:\xampp\htdocs\si-biara\vendor\codeigniter4\framework\system\Model.php(223): CodeIgniter\Database\BaseBuilder->get()
#5 C:\xampp\htdocs\si-biara\vendor\codeigniter4\framework\system\BaseModel.php(585): CodeIgniter\Model->doFindAll(0, 0)
#6 C:\xampp\htdocs\si-biara\app\Models\AnggotaModel.php(23): CodeIgniter\BaseModel->findAll()
#7 C:\xampp\htdocs\si-biara\app\Controllers\Admin\Penugasan.php(22): App\Models\AnggotaModel->getAnggota()
#8 C:\xampp\htdocs\si-biara\vendor\codeigniter4\framework\system\CodeIgniter.php(927): App\Controllers\Admin\Penugasan->index()
#9 C:\xampp\htdocs\si-biara\vendor\codeigniter4\framework\system\CodeIgniter.php(482): CodeIgniter\CodeIgniter->runController(Object(App\Controllers\Admin\Penugasan))
#10 C:\xampp\htdocs\si-biara\vendor\codeigniter4\framework\system\CodeIgniter.php(351): CodeIgniter\CodeIgniter->handleRequest(NULL, Object(Config\Cache), false)
#11 C:\xampp\htdocs\si-biara\public\index.php(67): CodeIgniter\CodeIgniter->run()
#12 C:\xampp\htdocs\si-biara\vendor\codeigniter4\framework\system\Commands\Server\rewrite.php(46): require_once('C:\\xampp\\htdocs...')
#13 {main}
CRITICAL - 2022-12-18 13:23:50 --> Call to a member function getResult() on bool
in SYSTEMPATH\Model.php on line 224.
 1 SYSTEMPATH\BaseModel.php(585): CodeIgniter\Model->doFindAll(0, 0)
 2 APPPATH\Models\AnggotaModel.php(23): CodeIgniter\BaseModel->findAll()
 3 APPPATH\Controllers\Admin\Penugasan.php(22): App\Models\AnggotaModel->getAnggota()
 4 SYSTEMPATH\CodeIgniter.php(927): App\Controllers\Admin\Penugasan->index()
 5 SYSTEMPATH\CodeIgniter.php(482): CodeIgniter\CodeIgniter->runController(Object(App\Controllers\Admin\Penugasan))
 6 SYSTEMPATH\CodeIgniter.php(351): CodeIgniter\CodeIgniter->handleRequest(null, Object(Config\Cache), false)
 7 FCPATH\index.php(67): CodeIgniter\CodeIgniter->run()
 8 SYSTEMPATH\Commands\Server\rewrite.php(46): require_once('FCPATH\\index.php')
ERROR - 2022-12-18 13:28:14 --> mysqli_sql_exception: Unknown column 'penugasan.idKomunitas' in 'on clause' in C:\xampp\htdocs\si-biara\vendor\codeigniter4\framework\system\Database\MySQLi\Connection.php:292
Stack trace:
#0 C:\xampp\htdocs\si-biara\vendor\codeigniter4\framework\system\Database\MySQLi\Connection.php(292): mysqli->query('SELECT *\nFROM `...', 0)
#1 C:\xampp\htdocs\si-biara\vendor\codeigniter4\framework\system\Database\BaseConnection.php(666): CodeIgniter\Database\MySQLi\Connection->execute('SELECT *\nFROM `...')
#2 C:\xampp\htdocs\si-biara\vendor\codeigniter4\framework\system\Database\BaseConnection.php(593): CodeIgniter\Database\BaseConnection->simpleQuery('SELECT *\nFROM `...')
#3 C:\xampp\htdocs\si-biara\vendor\codeigniter4\framework\system\Database\BaseBuilder.php(1585): CodeIgniter\Database\BaseConnection->query('SELECT *\nFROM `...', Array, false)
#4 C:\xampp\htdocs\si-biara\app\Models\AnggotaModel.php(26): CodeIgniter\Database\BaseBuilder->get()
#5 C:\xampp\htdocs\si-biara\app\Controllers\Admin\Penugasan.php(22): App\Models\AnggotaModel->getAnggota()
#6 C:\xampp\htdocs\si-biara\vendor\codeigniter4\framework\system\CodeIgniter.php(927): App\Controllers\Admin\Penugasan->index()
#7 C:\xampp\htdocs\si-biara\vendor\codeigniter4\framework\system\CodeIgniter.php(482): CodeIgniter\CodeIgniter->runController(Object(App\Controllers\Admin\Penugasan))
#8 C:\xampp\htdocs\si-biara\vendor\codeigniter4\framework\system\CodeIgniter.php(351): CodeIgniter\CodeIgniter->handleRequest(NULL, Object(Config\Cache), false)
#9 C:\xampp\htdocs\si-biara\public\index.php(67): CodeIgniter\CodeIgniter->run()
#10 C:\xampp\htdocs\si-biara\vendor\codeigniter4\framework\system\Commands\Server\rewrite.php(46): require_once('C:\\xampp\\htdocs...')
#11 {main}
ERROR - 2022-12-18 13:36:24 --> mysqli_sql_exception: Unknown column 'penugasan.idKomunitas' in 'on clause' in C:\xampp\htdocs\si-biara\vendor\codeigniter4\framework\system\Database\MySQLi\Connection.php:292
Stack trace:
#0 C:\xampp\htdocs\si-biara\vendor\codeigniter4\framework\system\Database\MySQLi\Connection.php(292): mysqli->query('SELECT *\nFROM `...', 0)
#1 C:\xampp\htdocs\si-biara\vendor\codeigniter4\framework\system\Database\BaseConnection.php(666): CodeIgniter\Database\MySQLi\Connection->execute('SELECT *\nFROM `...')
#2 C:\xampp\htdocs\si-biara\vendor\codeigniter4\framework\system\Database\BaseConnection.php(593): CodeIgniter\Database\BaseConnection->simpleQuery('SELECT *\nFROM `...')
#3 C:\xampp\htdocs\si-biara\vendor\codeigniter4\framework\system\Database\BaseBuilder.php(1585): CodeIgniter\Database\BaseConnection->query('SELECT *\nFROM `...', Array, false)
#4 C:\xampp\htdocs\si-biara\app\Models\AnggotaModel.php(23): CodeIgniter\Database\BaseBuilder->get()
#5 C:\xampp\htdocs\si-biara\app\Controllers\Admin\Penugasan.php(22): App\Models\AnggotaModel->getAnggota()
#6 C:\xampp\htdocs\si-biara\vendor\codeigniter4\framework\system\CodeIgniter.php(927): App\Controllers\Admin\Penugasan->index()
#7 C:\xampp\htdocs\si-biara\vendor\codeigniter4\framework\system\CodeIgniter.php(482): CodeIgniter\CodeIgniter->runController(Object(App\Controllers\Admin\Penugasan))
#8 C:\xampp\htdocs\si-biara\vendor\codeigniter4\framework\system\CodeIgniter.php(351): CodeIgniter\CodeIgniter->handleRequest(NULL, Object(Config\Cache), false)
#9 C:\xampp\htdocs\si-biara\public\index.php(67): CodeIgniter\CodeIgniter->run()
#10 C:\xampp\htdocs\si-biara\vendor\codeigniter4\framework\system\Commands\Server\rewrite.php(46): require_once('C:\\xampp\\htdocs...')
#11 {main}
CRITICAL - 2022-12-18 13:36:24 --> Call to a member function getResult() on bool
in APPPATH\Models\AnggotaModel.php on line 23.
 1 APPPATH\Controllers\Admin\Penugasan.php(22): App\Models\AnggotaModel->getAnggota()
 2 SYSTEMPATH\CodeIgniter.php(927): App\Controllers\Admin\Penugasan->index()
 3 SYSTEMPATH\CodeIgniter.php(482): CodeIgniter\CodeIgniter->runController(Object(App\Controllers\Admin\Penugasan))
 4 SYSTEMPATH\CodeIgniter.php(351): CodeIgniter\CodeIgniter->handleRequest(null, Object(Config\Cache), false)
 5 FCPATH\index.php(67): CodeIgniter\CodeIgniter->run()
 6 SYSTEMPATH\Commands\Server\rewrite.php(46): require_once('FCPATH\\index.php')
ERROR - 2022-12-18 13:36:59 --> mysqli_sql_exception: Unknown column 'penugasan.tanggal' in 'order clause' in C:\xampp\htdocs\si-biara\vendor\codeigniter4\framework\system\Database\MySQLi\Connection.php:292
Stack trace:
#0 C:\xampp\htdocs\si-biara\vendor\codeigniter4\framework\system\Database\MySQLi\Connection.php(292): mysqli->query('SELECT *\nFROM `...', 0)
#1 C:\xampp\htdocs\si-biara\vendor\codeigniter4\framework\system\Database\BaseConnection.php(666): CodeIgniter\Database\MySQLi\Connection->execute('SELECT *\nFROM `...')
#2 C:\xampp\htdocs\si-biara\vendor\codeigniter4\framework\system\Database\BaseConnection.php(593): CodeIgniter\Database\BaseConnection->simpleQuery('SELECT *\nFROM `...')
#3 C:\xampp\htdocs\si-biara\vendor\codeigniter4\framework\system\Database\BaseBuilder.php(1585): CodeIgniter\Database\BaseConnection->query('SELECT *\nFROM `...', Array, false)
#4 C:\xampp\htdocs\si-biara\app\Models\AnggotaModel.php(23): CodeIgniter\Database\BaseBuilder->get()
#5 C:\xampp\htdocs\si-biara\app\Controllers\Admin\Penugasan.php(22): App\Models\AnggotaModel->getAnggota()
#6 C:\xampp\htdocs\si-biara\vendor\codeigniter4\framework\system\CodeIgniter.php(927): App\Controllers\Admin\Penugasan->index()
#7 C:\xampp\htdocs\si-biara\vendor\codeigniter4\framework\system\CodeIgniter.php(482): CodeIgniter\CodeIgniter->runController(Object(App\Controllers\Admin\Penugasan))
#8 C:\xampp\htdocs\si-biara\vendor\codeigniter4\framework\system\CodeIgniter.php(351): CodeIgniter\CodeIgniter->handleRequest(NULL, Object(Config\Cache), false)
#9 C:\xampp\htdocs\si-biara\public\index.php(67): CodeIgniter\CodeIgniter->run()
#10 C:\xampp\htdocs\si-biara\vendor\codeigniter4\framework\system\Commands\Server\rewrite.php(46): require_once('C:\\xampp\\htdocs...')
#11 {main}
CRITICAL - 2022-12-18 13:36:59 --> Call to a member function getResult() on bool
in APPPATH\Models\AnggotaModel.php on line 23.
 1 APPPATH\Controllers\Admin\Penugasan.php(22): App\Models\AnggotaModel->getAnggota()
 2 SYSTEMPATH\CodeIgniter.php(927): App\Controllers\Admin\Penugasan->index()
 3 SYSTEMPATH\CodeIgniter.php(482): CodeIgniter\CodeIgniter->runController(Object(App\Controllers\Admin\Penugasan))
 4 SYSTEMPATH\CodeIgniter.php(351): CodeIgniter\CodeIgniter->handleRequest(null, Object(Config\Cache), false)
 5 FCPATH\index.php(67): CodeIgniter\CodeIgniter->run()
 6 SYSTEMPATH\Commands\Server\rewrite.php(46): require_once('FCPATH\\index.php')
ERROR - 2022-12-18 13:38:23 --> mysqli_sql_exception: Unknown column 'penugasan.tanggal' in 'order clause' in C:\xampp\htdocs\si-biara\vendor\codeigniter4\framework\system\Database\MySQLi\Connection.php:292
Stack trace:
#0 C:\xampp\htdocs\si-biara\vendor\codeigniter4\framework\system\Database\MySQLi\Connection.php(292): mysqli->query('SELECT *\nFROM `...', 0)
#1 C:\xampp\htdocs\si-biara\vendor\codeigniter4\framework\system\Database\BaseConnection.php(666): CodeIgniter\Database\MySQLi\Connection->execute('SELECT *\nFROM `...')
#2 C:\xampp\htdocs\si-biara\vendor\codeigniter4\framework\system\Database\BaseConnection.php(593): CodeIgniter\Database\BaseConnection->simpleQuery('SELECT *\nFROM `...')
#3 C:\xampp\htdocs\si-biara\vendor\codeigniter4\framework\system\Database\BaseBuilder.php(1585): CodeIgniter\Database\BaseConnection->query('SELECT *\nFROM `...', Array, false)
#4 C:\xampp\htdocs\si-biara\app\Models\AnggotaModel.php(22): CodeIgniter\Database\BaseBuilder->get()
#5 C:\xampp\htdocs\si-biara\app\Controllers\Admin\Penugasan.php(22): App\Models\AnggotaModel->getAnggota()
#6 C:\xampp\htdocs\si-biara\vendor\codeigniter4\framework\system\CodeIgniter.php(927): App\Controllers\Admin\Penugasan->index()
#7 C:\xampp\htdocs\si-biara\vendor\codeigniter4\framework\system\CodeIgniter.php(482): CodeIgniter\CodeIgniter->runController(Object(App\Controllers\Admin\Penugasan))
#8 C:\xampp\htdocs\si-biara\vendor\codeigniter4\framework\system\CodeIgniter.php(351): CodeIgniter\CodeIgniter->handleRequest(NULL, Object(Config\Cache), false)
#9 C:\xampp\htdocs\si-biara\public\index.php(67): CodeIgniter\CodeIgniter->run()
#10 C:\xampp\htdocs\si-biara\vendor\codeigniter4\framework\system\Commands\Server\rewrite.php(46): require_once('C:\\xampp\\htdocs...')
#11 {main}
CRITICAL - 2022-12-18 13:38:23 --> Call to a member function getResult() on bool
in APPPATH\Models\AnggotaModel.php on line 22.
 1 APPPATH\Controllers\Admin\Penugasan.php(22): App\Models\AnggotaModel->getAnggota()
 2 SYSTEMPATH\CodeIgniter.php(927): App\Controllers\Admin\Penugasan->index()
 3 SYSTEMPATH\CodeIgniter.php(482): CodeIgniter\CodeIgniter->runController(Object(App\Controllers\Admin\Penugasan))
 4 SYSTEMPATH\CodeIgniter.php(351): CodeIgniter\CodeIgniter->handleRequest(null, Object(Config\Cache), false)
 5 FCPATH\index.php(67): CodeIgniter\CodeIgniter->run()
 6 SYSTEMPATH\Commands\Server\rewrite.php(46): require_once('FCPATH\\index.php')
ERROR - 2022-12-18 13:38:34 --> mysqli_sql_exception: Unknown column 'penugasan.tanggal' in 'order clause' in C:\xampp\htdocs\si-biara\vendor\codeigniter4\framework\system\Database\MySQLi\Connection.php:292
Stack trace:
#0 C:\xampp\htdocs\si-biara\vendor\codeigniter4\framework\system\Database\MySQLi\Connection.php(292): mysqli->query('SELECT *\nFROM `...', 0)
#1 C:\xampp\htdocs\si-biara\vendor\codeigniter4\framework\system\Database\BaseConnection.php(666): CodeIgniter\Database\MySQLi\Connection->execute('SELECT *\nFROM `...')
#2 C:\xampp\htdocs\si-biara\vendor\codeigniter4\framework\system\Database\BaseConnection.php(593): CodeIgniter\Database\BaseConnection->simpleQuery('SELECT *\nFROM `...')
#3 C:\xampp\htdocs\si-biara\vendor\codeigniter4\framework\system\Database\BaseBuilder.php(1585): CodeIgniter\Database\BaseConnection->query('SELECT *\nFROM `...', Array, false)
#4 C:\xampp\htdocs\si-biara\app\Models\AnggotaModel.php(22): CodeIgniter\Database\BaseBuilder->get()
#5 C:\xampp\htdocs\si-biara\app\Controllers\Admin\Penugasan.php(22): App\Models\AnggotaModel->getAnggota()
#6 C:\xampp\htdocs\si-biara\vendor\codeigniter4\framework\system\CodeIgniter.php(927): App\Controllers\Admin\Penugasan->index()
#7 C:\xampp\htdocs\si-biara\vendor\codeigniter4\framework\system\CodeIgniter.php(482): CodeIgniter\CodeIgniter->runController(Object(App\Controllers\Admin\Penugasan))
#8 C:\xampp\htdocs\si-biara\vendor\codeigniter4\framework\system\CodeIgniter.php(351): CodeIgniter\CodeIgniter->handleRequest(NULL, Object(Config\Cache), false)
#9 C:\xampp\htdocs\si-biara\public\index.php(67): CodeIgniter\CodeIgniter->run()
#10 C:\xampp\htdocs\si-biara\vendor\codeigniter4\framework\system\Commands\Server\rewrite.php(46): require_once('C:\\xampp\\htdocs...')
#11 {main}
CRITICAL - 2022-12-18 13:38:34 --> Call to a member function getResultArray() on bool
in APPPATH\Models\AnggotaModel.php on line 22.
 1 APPPATH\Controllers\Admin\Penugasan.php(22): App\Models\AnggotaModel->getAnggota()
 2 SYSTEMPATH\CodeIgniter.php(927): App\Controllers\Admin\Penugasan->index()
 3 SYSTEMPATH\CodeIgniter.php(482): CodeIgniter\CodeIgniter->runController(Object(App\Controllers\Admin\Penugasan))
 4 SYSTEMPATH\CodeIgniter.php(351): CodeIgniter\CodeIgniter->handleRequest(null, Object(Config\Cache), false)
 5 FCPATH\index.php(67): CodeIgniter\CodeIgniter->run()
 6 SYSTEMPATH\Commands\Server\rewrite.php(46): require_once('FCPATH\\index.php')
ERROR - 2022-12-18 13:41:35 --> mysqli_sql_exception: Unknown column 'penugasan.tanggal' in 'order clause' in C:\xampp\htdocs\si-biara\vendor\codeigniter4\framework\system\Database\MySQLi\Connection.php:292
Stack trace:
#0 C:\xampp\htdocs\si-biara\vendor\codeigniter4\framework\system\Database\MySQLi\Connection.php(292): mysqli->query('SELECT *\nFROM `...', 0)
#1 C:\xampp\htdocs\si-biara\vendor\codeigniter4\framework\system\Database\BaseConnection.php(666): CodeIgniter\Database\MySQLi\Connection->execute('SELECT *\nFROM `...')
#2 C:\xampp\htdocs\si-biara\vendor\codeigniter4\framework\system\Database\BaseConnection.php(593): CodeIgniter\Database\BaseConnection->simpleQuery('SELECT *\nFROM `...')
#3 C:\xampp\htdocs\si-biara\vendor\codeigniter4\framework\system\Database\BaseBuilder.php(1585): CodeIgniter\Database\BaseConnection->query('SELECT *\nFROM `...', Array, false)
#4 C:\xampp\htdocs\si-biara\app\Models\AnggotaModel.php(22): CodeIgniter\Database\BaseBuilder->get()
#5 C:\xampp\htdocs\si-biara\app\Controllers\Admin\Penugasan.php(22): App\Models\AnggotaModel->getAnggota()
#6 C:\xampp\htdocs\si-biara\vendor\codeigniter4\framework\system\CodeIgniter.php(927): App\Controllers\Admin\Penugasan->index()
#7 C:\xampp\htdocs\si-biara\vendor\codeigniter4\framework\system\CodeIgniter.php(482): CodeIgniter\CodeIgniter->runController(Object(App\Controllers\Admin\Penugasan))
#8 C:\xampp\htdocs\si-biara\vendor\codeigniter4\framework\system\CodeIgniter.php(351): CodeIgniter\CodeIgniter->handleRequest(NULL, Object(Config\Cache), false)
#9 C:\xampp\htdocs\si-biara\public\index.php(67): CodeIgniter\CodeIgniter->run()
#10 C:\xampp\htdocs\si-biara\vendor\codeigniter4\framework\system\Commands\Server\rewrite.php(46): require_once('C:\\xampp\\htdocs...')
#11 {main}
CRITICAL - 2022-12-18 13:41:35 --> Call to a member function getResultArray() on bool
in APPPATH\Models\AnggotaModel.php on line 22.
 1 APPPATH\Controllers\Admin\Penugasan.php(22): App\Models\AnggotaModel->getAnggota()
 2 SYSTEMPATH\CodeIgniter.php(927): App\Controllers\Admin\Penugasan->index()
 3 SYSTEMPATH\CodeIgniter.php(482): CodeIgniter\CodeIgniter->runController(Object(App\Controllers\Admin\Penugasan))
 4 SYSTEMPATH\CodeIgniter.php(351): CodeIgniter\CodeIgniter->handleRequest(null, Object(Config\Cache), false)
 5 FCPATH\index.php(67): CodeIgniter\CodeIgniter->run()
 6 SYSTEMPATH\Commands\Server\rewrite.php(46): require_once('FCPATH\\index.php')
