CRITICAL - 2023-02-06 10:15:03 --> Undefined index: namaKomunitas
in APPPATH\Views\superadmin\anggota.php on line 49.
 1 APPPATH\Views\superadmin\anggota.php(49): CodeIgniter\Debug\Exceptions->errorHandler(8, 'Undefined index: namaKomunitas', 'APPPATH\\Views\\superadmin\\anggota.php', 49, [...])
 2 SYSTEMPATH\View\View.php(213): include('APPPATH\\Views\\superadmin\\anggota.php')
 3 SYSTEMPATH\View\View.php(216): CodeIgniter\View\View->CodeIgniter\View\{closure}()
 4 SYSTEMPATH\Common.php(1134): CodeIgniter\View\View->render('superadmin/anggota', [], true)
 5 APPPATH\Controllers\SuperAdmin\Anggota.php(39): view('superadmin/anggota', [...])
 6 SYSTEMPATH\CodeIgniter.php(927): App\Controllers\SuperAdmin\Anggota->index()
 7 SYSTEMPATH\CodeIgniter.php(482): CodeIgniter\CodeIgniter->runController(Object(App\Controllers\SuperAdmin\Anggota))
 8 SYSTEMPATH\CodeIgniter.php(351): CodeIgniter\CodeIgniter->handleRequest(null, Object(Config\Cache), false)
 9 FCPATH\index.php(67): CodeIgniter\CodeIgniter->run()
10 SYSTEMPATH\Commands\Server\rewrite.php(46): require_once('FCPATH\\index.php')
CRITICAL - 2023-02-06 10:16:21 --> Undefined index: namaKomunitas
in APPPATH\Views\superadmin\anggota.php on line 49.
 1 APPPATH\Views\superadmin\anggota.php(49): CodeIgniter\Debug\Exceptions->errorHandler(8, 'Undefined index: namaKomunitas', 'APPPATH\\Views\\superadmin\\anggota.php', 49, [...])
 2 SYSTEMPATH\View\View.php(213): include('APPPATH\\Views\\superadmin\\anggota.php')
 3 SYSTEMPATH\View\View.php(216): CodeIgniter\View\View->CodeIgniter\View\{closure}()
 4 SYSTEMPATH\Common.php(1134): CodeIgniter\View\View->render('superadmin/anggota', [], true)
 5 APPPATH\Controllers\SuperAdmin\Anggota.php(39): view('superadmin/anggota', [...])
 6 SYSTEMPATH\CodeIgniter.php(927): App\Controllers\SuperAdmin\Anggota->index()
 7 SYSTEMPATH\CodeIgniter.php(482): CodeIgniter\CodeIgniter->runController(Object(App\Controllers\SuperAdmin\Anggota))
 8 SYSTEMPATH\CodeIgniter.php(351): CodeIgniter\CodeIgniter->handleRequest(null, Object(Config\Cache), false)
 9 FCPATH\index.php(67): CodeIgniter\CodeIgniter->run()
10 SYSTEMPATH\Commands\Server\rewrite.php(46): require_once('FCPATH\\index.php')
CRITICAL - 2023-02-06 10:16:51 --> Too few arguments to function App\Models\RelationTable::getAnggotaAll(), 0 passed in C:\xampp\htdocs\si-biara\app\Controllers\SuperAdmin\Anggota.php on line 36 and exactly 1 expected
in APPPATH\Models\RelationTable.php on line 77.
 1 APPPATH\Controllers\SuperAdmin\Anggota.php(36): App\Models\RelationTable->getAnggotaAll()
 2 SYSTEMPATH\CodeIgniter.php(927): App\Controllers\SuperAdmin\Anggota->index()
 3 SYSTEMPATH\CodeIgniter.php(482): CodeIgniter\CodeIgniter->runController(Object(App\Controllers\SuperAdmin\Anggota))
 4 SYSTEMPATH\CodeIgniter.php(351): CodeIgniter\CodeIgniter->handleRequest(null, Object(Config\Cache), false)
 5 FCPATH\index.php(67): CodeIgniter\CodeIgniter->run()
 6 SYSTEMPATH\Commands\Server\rewrite.php(46): require_once('FCPATH\\index.php')
