ERROR - 2023-01-22 07:13:14 --> mysqli_sql_exception: Unknown column 'kerasulan.idJenisKerasulan' in 'on clause' in C:\xampp\htdocs\si-biara\vendor\codeigniter4\framework\system\Database\MySQLi\Connection.php:292
Stack trace:
#0 C:\xampp\htdocs\si-biara\vendor\codeigniter4\framework\system\Database\MySQLi\Connection.php(292): mysqli->query('SELECT `kerasul...', 0)
#1 C:\xampp\htdocs\si-biara\vendor\codeigniter4\framework\system\Database\BaseConnection.php(666): CodeIgniter\Database\MySQLi\Connection->execute('SELECT `kerasul...')
#2 C:\xampp\htdocs\si-biara\vendor\codeigniter4\framework\system\Database\BaseConnection.php(593): CodeIgniter\Database\BaseConnection->simpleQuery('SELECT `kerasul...')
#3 C:\xampp\htdocs\si-biara\vendor\codeigniter4\framework\system\Database\BaseBuilder.php(1585): CodeIgniter\Database\BaseConnection->query('SELECT `kerasul...', Array, false)
#4 C:\xampp\htdocs\si-biara\app\Models\RelationTable.php(22): CodeIgniter\Database\BaseBuilder->get()
#5 C:\xampp\htdocs\si-biara\app\Controllers\Admin\Kerasulan.php(25): App\Models\RelationTable->listKerasulan()
#6 C:\xampp\htdocs\si-biara\vendor\codeigniter4\framework\system\CodeIgniter.php(927): App\Controllers\Admin\kerasulan->index()
#7 C:\xampp\htdocs\si-biara\vendor\codeigniter4\framework\system\CodeIgniter.php(482): CodeIgniter\CodeIgniter->runController(Object(App\Controllers\Admin\kerasulan))
#8 C:\xampp\htdocs\si-biara\vendor\codeigniter4\framework\system\CodeIgniter.php(351): CodeIgniter\CodeIgniter->handleRequest(NULL, Object(Config\Cache), false)
#9 C:\xampp\htdocs\si-biara\public\index.php(67): CodeIgniter\CodeIgniter->run()
#10 C:\xampp\htdocs\si-biara\vendor\codeigniter4\framework\system\Commands\Server\rewrite.php(46): require_once('C:\\xampp\\htdocs...')
#11 {main}
CRITICAL - 2023-01-22 07:13:14 --> Call to a member function getResultArray() on bool
in APPPATH\Models\RelationTable.php on line 22.
 1 APPPATH\Controllers\Admin\Kerasulan.php(25): App\Models\RelationTable->listKerasulan()
 2 SYSTEMPATH\CodeIgniter.php(927): App\Controllers\Admin\kerasulan->index()
 3 SYSTEMPATH\CodeIgniter.php(482): CodeIgniter\CodeIgniter->runController(Object(App\Controllers\Admin\kerasulan))
 4 SYSTEMPATH\CodeIgniter.php(351): CodeIgniter\CodeIgniter->handleRequest(null, Object(Config\Cache), false)
 5 FCPATH\index.php(67): CodeIgniter\CodeIgniter->run()
 6 SYSTEMPATH\Commands\Server\rewrite.php(46): require_once('FCPATH\\index.php')
CRITICAL - 2023-01-22 07:14:30 --> Undefined variable: isEdit
in APPPATH\Views\admin\kerasulan.php on line 24.
 1 APPPATH\Views\admin\kerasulan.php(24): CodeIgniter\Debug\Exceptions->errorHandler(8, 'Undefined variable: isEdit', 'APPPATH\\Views\\admin\\kerasulan.php', 24, [...])
 2 SYSTEMPATH\View\View.php(213): include('APPPATH\\Views\\admin\\kerasulan.php')
 3 SYSTEMPATH\View\View.php(216): CodeIgniter\View\View->CodeIgniter\View\{closure}()
 4 SYSTEMPATH\Common.php(1134): CodeIgniter\View\View->render('admin/kerasulan', [], true)
 5 APPPATH\Controllers\Admin\Kerasulan.php(26): view('admin/kerasulan', [...])
 6 SYSTEMPATH\CodeIgniter.php(927): App\Controllers\Admin\kerasulan->index()
 7 SYSTEMPATH\CodeIgniter.php(482): CodeIgniter\CodeIgniter->runController(Object(App\Controllers\Admin\kerasulan))
 8 SYSTEMPATH\CodeIgniter.php(351): CodeIgniter\CodeIgniter->handleRequest(null, Object(Config\Cache), false)
 9 FCPATH\index.php(67): CodeIgniter\CodeIgniter->run()
10 SYSTEMPATH\Commands\Server\rewrite.php(46): require_once('FCPATH\\index.php')
CRITICAL - 2023-01-22 07:15:06 --> Undefined variable: validation
in APPPATH\Views\admin\kerasulan.php on line 32.
 1 APPPATH\Views\admin\kerasulan.php(32): CodeIgniter\Debug\Exceptions->errorHandler(8, 'Undefined variable: validation', 'APPPATH\\Views\\admin\\kerasulan.php', 32, [...])
 2 SYSTEMPATH\View\View.php(213): include('APPPATH\\Views\\admin\\kerasulan.php')
 3 SYSTEMPATH\View\View.php(216): CodeIgniter\View\View->CodeIgniter\View\{closure}()
 4 SYSTEMPATH\Common.php(1134): CodeIgniter\View\View->render('admin/kerasulan', [], true)
 5 APPPATH\Controllers\Admin\Kerasulan.php(24): view('admin/kerasulan', [...])
 6 SYSTEMPATH\CodeIgniter.php(927): App\Controllers\Admin\kerasulan->index()
 7 SYSTEMPATH\CodeIgniter.php(482): CodeIgniter\CodeIgniter->runController(Object(App\Controllers\Admin\kerasulan))
 8 SYSTEMPATH\CodeIgniter.php(351): CodeIgniter\CodeIgniter->handleRequest(null, Object(Config\Cache), false)
 9 FCPATH\index.php(67): CodeIgniter\CodeIgniter->run()
10 SYSTEMPATH\Commands\Server\rewrite.php(46): require_once('FCPATH\\index.php')
CRITICAL - 2023-01-22 07:27:54 --> Call to a member function getName() on null
in APPPATH\Controllers\Admin\Kerasulan.php on line 60.
 1 SYSTEMPATH\CodeIgniter.php(927): App\Controllers\Admin\kerasulan->save()
 2 SYSTEMPATH\CodeIgniter.php(482): CodeIgniter\CodeIgniter->runController(Object(App\Controllers\Admin\kerasulan))
 3 SYSTEMPATH\CodeIgniter.php(351): CodeIgniter\CodeIgniter->handleRequest(null, Object(Config\Cache), false)
 4 FCPATH\index.php(67): CodeIgniter\CodeIgniter->run()
 5 SYSTEMPATH\Commands\Server\rewrite.php(46): require_once('FCPATH\\index.php')
CRITICAL - 2023-01-22 07:37:42 --> Call to a member function getName() on null
in APPPATH\Controllers\Admin\Kerasulan.php on line 70.
 1 SYSTEMPATH\CodeIgniter.php(927): App\Controllers\Admin\kerasulan->save()
 2 SYSTEMPATH\CodeIgniter.php(482): CodeIgniter\CodeIgniter->runController(Object(App\Controllers\Admin\kerasulan))
 3 SYSTEMPATH\CodeIgniter.php(351): CodeIgniter\CodeIgniter->handleRequest(null, Object(Config\Cache), false)
 4 FCPATH\index.php(67): CodeIgniter\CodeIgniter->run()
 5 SYSTEMPATH\Commands\Server\rewrite.php(46): require_once('FCPATH\\index.php')
CRITICAL - 2023-01-22 07:59:53 --> Undefined variable: dataEdit
in APPPATH\Views\admin\kerasulan.php on line 64.
 1 APPPATH\Views\admin\kerasulan.php(64): CodeIgniter\Debug\Exceptions->errorHandler(8, 'Undefined variable: dataEdit', 'APPPATH\\Views\\admin\\kerasulan.php', 64, [...])
 2 SYSTEMPATH\View\View.php(213): include('APPPATH\\Views\\admin\\kerasulan.php')
 3 SYSTEMPATH\View\View.php(216): CodeIgniter\View\View->CodeIgniter\View\{closure}()
 4 SYSTEMPATH\Common.php(1134): CodeIgniter\View\View->render('admin/kerasulan', [], true)
 5 APPPATH\Controllers\Admin\Kerasulan.php(36): view('admin/kerasulan', [...])
 6 SYSTEMPATH\CodeIgniter.php(927): App\Controllers\Admin\kerasulan->edit('1')
 7 SYSTEMPATH\CodeIgniter.php(482): CodeIgniter\CodeIgniter->runController(Object(App\Controllers\Admin\kerasulan))
 8 SYSTEMPATH\CodeIgniter.php(351): CodeIgniter\CodeIgniter->handleRequest(null, Object(Config\Cache), false)
 9 FCPATH\index.php(67): CodeIgniter\CodeIgniter->run()
10 SYSTEMPATH\Commands\Server\rewrite.php(46): require_once('FCPATH\\index.php')
CRITICAL - 2023-01-22 09:28:21 --> Trying to access array offset on value of type null
in APPPATH\Controllers\Admin\Kerasulan.php on line 138.
 1 APPPATH\Controllers\Admin\Kerasulan.php(138): CodeIgniter\Debug\Exceptions->errorHandler(8, 'Trying to access array offset on value of type null', 'APPPATH\\Controllers\\Admin\\Kerasulan.php', 138, [...])
 2 SYSTEMPATH\CodeIgniter.php(927): App\Controllers\Admin\kerasulan->delete('2')
 3 SYSTEMPATH\CodeIgniter.php(482): CodeIgniter\CodeIgniter->runController(Object(App\Controllers\Admin\kerasulan))
 4 SYSTEMPATH\CodeIgniter.php(351): CodeIgniter\CodeIgniter->handleRequest(null, Object(Config\Cache), false)
 5 FCPATH\index.php(67): CodeIgniter\CodeIgniter->run()
 6 SYSTEMPATH\Commands\Server\rewrite.php(46): require_once('FCPATH\\index.php')
