CRITICAL - 2023-01-27 19:23:29 --> Class 'App\Models\SuratMasukModel' not found
in APPPATH\Controllers\Admin\Surat.php on line 15.
 1 SYSTEMPATH\CodeIgniter.php(889): App\Controllers\Admin\Surat->__construct()
 2 SYSTEMPATH\CodeIgniter.php(473): CodeIgniter\CodeIgniter->createController()
 3 SYSTEMPATH\CodeIgniter.php(351): CodeIgniter\CodeIgniter->handleRequest(null, Object(Config\Cache), false)
 4 FCPATH\index.php(67): CodeIgniter\CodeIgniter->run()
 5 SYSTEMPATH\Commands\Server\rewrite.php(46): require_once('FCPATH\\index.php')
CRITICAL - 2023-01-27 19:24:00 --> Undefined variable: dataEdit
in APPPATH\Views\admin\suratMasuk.php on line 49.
 1 APPPATH\Views\admin\suratMasuk.php(49): CodeIgniter\Debug\Exceptions->errorHandler(8, 'Undefined variable: dataEdit', 'APPPATH\\Views\\admin\\suratMasuk.php', 49, [...])
 2 SYSTEMPATH\View\View.php(213): include('APPPATH\\Views\\admin\\suratMasuk.php')
 3 SYSTEMPATH\View\View.php(216): CodeIgniter\View\View->CodeIgniter\View\{closure}()
 4 SYSTEMPATH\Common.php(1134): CodeIgniter\View\View->render('admin/suratMasuk', [], true)
 5 APPPATH\Controllers\Admin\Surat.php(23): view('admin/suratMasuk', [...])
 6 SYSTEMPATH\CodeIgniter.php(927): App\Controllers\Admin\Surat->suratMasuk()
 7 SYSTEMPATH\CodeIgniter.php(482): CodeIgniter\CodeIgniter->runController(Object(App\Controllers\Admin\Surat))
 8 SYSTEMPATH\CodeIgniter.php(351): CodeIgniter\CodeIgniter->handleRequest(null, Object(Config\Cache), false)
 9 FCPATH\index.php(67): CodeIgniter\CodeIgniter->run()
10 SYSTEMPATH\Commands\Server\rewrite.php(46): require_once('FCPATH\\index.php')
CRITICAL - 2023-01-27 19:24:57 --> Undefined variable: dataEdit
in APPPATH\Views\admin\suratMasuk.php on line 64.
 1 APPPATH\Views\admin\suratMasuk.php(64): CodeIgniter\Debug\Exceptions->errorHandler(8, 'Undefined variable: dataEdit', 'APPPATH\\Views\\admin\\suratMasuk.php', 64, [...])
 2 SYSTEMPATH\View\View.php(213): include('APPPATH\\Views\\admin\\suratMasuk.php')
 3 SYSTEMPATH\View\View.php(216): CodeIgniter\View\View->CodeIgniter\View\{closure}()
 4 SYSTEMPATH\Common.php(1134): CodeIgniter\View\View->render('admin/suratMasuk', [], true)
 5 APPPATH\Controllers\Admin\Surat.php(23): view('admin/suratMasuk', [...])
 6 SYSTEMPATH\CodeIgniter.php(927): App\Controllers\Admin\Surat->suratMasuk()
 7 SYSTEMPATH\CodeIgniter.php(482): CodeIgniter\CodeIgniter->runController(Object(App\Controllers\Admin\Surat))
 8 SYSTEMPATH\CodeIgniter.php(351): CodeIgniter\CodeIgniter->handleRequest(null, Object(Config\Cache), false)
 9 FCPATH\index.php(67): CodeIgniter\CodeIgniter->run()
10 SYSTEMPATH\Commands\Server\rewrite.php(46): require_once('FCPATH\\index.php')
CRITICAL - 2023-01-27 19:25:05 --> Undefined variable: dataEdit
in APPPATH\Views\admin\suratMasuk.php on line 49.
 1 APPPATH\Views\admin\suratMasuk.php(49): CodeIgniter\Debug\Exceptions->errorHandler(8, 'Undefined variable: dataEdit', 'APPPATH\\Views\\admin\\suratMasuk.php', 49, [...])
 2 SYSTEMPATH\View\View.php(213): include('APPPATH\\Views\\admin\\suratMasuk.php')
 3 SYSTEMPATH\View\View.php(216): CodeIgniter\View\View->CodeIgniter\View\{closure}()
 4 SYSTEMPATH\Common.php(1134): CodeIgniter\View\View->render('admin/suratMasuk', [], true)
 5 APPPATH\Controllers\Admin\Surat.php(23): view('admin/suratMasuk', [...])
 6 SYSTEMPATH\CodeIgniter.php(927): App\Controllers\Admin\Surat->suratMasuk()
 7 SYSTEMPATH\CodeIgniter.php(482): CodeIgniter\CodeIgniter->runController(Object(App\Controllers\Admin\Surat))
 8 SYSTEMPATH\CodeIgniter.php(351): CodeIgniter\CodeIgniter->handleRequest(null, Object(Config\Cache), false)
 9 FCPATH\index.php(67): CodeIgniter\CodeIgniter->run()
10 SYSTEMPATH\Commands\Server\rewrite.php(46): require_once('FCPATH\\index.php')
CRITICAL - 2023-01-27 19:27:43 --> Undefined variable: dataEdit
in APPPATH\Views\admin\suratMasuk.php on line 49.
 1 APPPATH\Views\admin\suratMasuk.php(49): CodeIgniter\Debug\Exceptions->errorHandler(8, 'Undefined variable: dataEdit', 'APPPATH\\Views\\admin\\suratMasuk.php', 49, [...])
 2 SYSTEMPATH\View\View.php(213): include('APPPATH\\Views\\admin\\suratMasuk.php')
 3 SYSTEMPATH\View\View.php(216): CodeIgniter\View\View->CodeIgniter\View\{closure}()
 4 SYSTEMPATH\Common.php(1134): CodeIgniter\View\View->render('admin/suratMasuk', [], true)
 5 APPPATH\Controllers\Admin\Surat.php(23): view('admin/suratMasuk', [...])
 6 SYSTEMPATH\CodeIgniter.php(927): App\Controllers\Admin\Surat->suratMasuk()
 7 SYSTEMPATH\CodeIgniter.php(482): CodeIgniter\CodeIgniter->runController(Object(App\Controllers\Admin\Surat))
 8 SYSTEMPATH\CodeIgniter.php(351): CodeIgniter\CodeIgniter->handleRequest(null, Object(Config\Cache), false)
 9 FCPATH\index.php(67): CodeIgniter\CodeIgniter->run()
10 SYSTEMPATH\Commands\Server\rewrite.php(46): require_once('FCPATH\\index.php')
CRITICAL - 2023-01-27 19:30:36 --> Undefined variable: dataEdit
in APPPATH\Views\admin\suratMasuk.php on line 49.
 1 APPPATH\Views\admin\suratMasuk.php(49): CodeIgniter\Debug\Exceptions->errorHandler(8, 'Undefined variable: dataEdit', 'APPPATH\\Views\\admin\\suratMasuk.php', 49, [...])
 2 SYSTEMPATH\View\View.php(213): include('APPPATH\\Views\\admin\\suratMasuk.php')
 3 SYSTEMPATH\View\View.php(216): CodeIgniter\View\View->CodeIgniter\View\{closure}()
 4 SYSTEMPATH\Common.php(1134): CodeIgniter\View\View->render('admin/suratMasuk', [], true)
 5 APPPATH\Controllers\Admin\Surat.php(23): view('admin/suratMasuk', [...])
 6 SYSTEMPATH\CodeIgniter.php(927): App\Controllers\Admin\Surat->suratMasuk()
 7 SYSTEMPATH\CodeIgniter.php(482): CodeIgniter\CodeIgniter->runController(Object(App\Controllers\Admin\Surat))
 8 SYSTEMPATH\CodeIgniter.php(351): CodeIgniter\CodeIgniter->handleRequest(null, Object(Config\Cache), false)
 9 FCPATH\index.php(67): CodeIgniter\CodeIgniter->run()
10 SYSTEMPATH\Commands\Server\rewrite.php(46): require_once('FCPATH\\index.php')
CRITICAL - 2023-01-27 19:30:45 --> Undefined variable: dataEdit
in APPPATH\Views\admin\suratMasuk.php on line 65.
 1 APPPATH\Views\admin\suratMasuk.php(65): CodeIgniter\Debug\Exceptions->errorHandler(8, 'Undefined variable: dataEdit', 'APPPATH\\Views\\admin\\suratMasuk.php', 65, [...])
 2 SYSTEMPATH\View\View.php(213): include('APPPATH\\Views\\admin\\suratMasuk.php')
 3 SYSTEMPATH\View\View.php(216): CodeIgniter\View\View->CodeIgniter\View\{closure}()
 4 SYSTEMPATH\Common.php(1134): CodeIgniter\View\View->render('admin/suratMasuk', [], true)
 5 APPPATH\Controllers\Admin\Surat.php(23): view('admin/suratMasuk', [...])
 6 SYSTEMPATH\CodeIgniter.php(927): App\Controllers\Admin\Surat->suratMasuk()
 7 SYSTEMPATH\CodeIgniter.php(482): CodeIgniter\CodeIgniter->runController(Object(App\Controllers\Admin\Surat))
 8 SYSTEMPATH\CodeIgniter.php(351): CodeIgniter\CodeIgniter->handleRequest(null, Object(Config\Cache), false)
 9 FCPATH\index.php(67): CodeIgniter\CodeIgniter->run()
10 SYSTEMPATH\Commands\Server\rewrite.php(46): require_once('FCPATH\\index.php')
CRITICAL - 2023-01-27 19:30:50 --> Undefined variable: dataEdit
in APPPATH\Views\admin\suratMasuk.php on line 49.
 1 APPPATH\Views\admin\suratMasuk.php(49): CodeIgniter\Debug\Exceptions->errorHandler(8, 'Undefined variable: dataEdit', 'APPPATH\\Views\\admin\\suratMasuk.php', 49, [...])
 2 SYSTEMPATH\View\View.php(213): include('APPPATH\\Views\\admin\\suratMasuk.php')
 3 SYSTEMPATH\View\View.php(216): CodeIgniter\View\View->CodeIgniter\View\{closure}()
 4 SYSTEMPATH\Common.php(1134): CodeIgniter\View\View->render('admin/suratMasuk', [], true)
 5 APPPATH\Controllers\Admin\Surat.php(23): view('admin/suratMasuk', [...])
 6 SYSTEMPATH\CodeIgniter.php(927): App\Controllers\Admin\Surat->suratMasuk()
 7 SYSTEMPATH\CodeIgniter.php(482): CodeIgniter\CodeIgniter->runController(Object(App\Controllers\Admin\Surat))
 8 SYSTEMPATH\CodeIgniter.php(351): CodeIgniter\CodeIgniter->handleRequest(null, Object(Config\Cache), false)
 9 FCPATH\index.php(67): CodeIgniter\CodeIgniter->run()
10 SYSTEMPATH\Commands\Server\rewrite.php(46): require_once('FCPATH\\index.php')
CRITICAL - 2023-01-27 19:31:21 --> Undefined variable: listKegiatan
in APPPATH\Views\admin\suratMasuk.php on line 120.
 1 APPPATH\Views\admin\suratMasuk.php(120): CodeIgniter\Debug\Exceptions->errorHandler(8, 'Undefined variable: listKegiatan', 'APPPATH\\Views\\admin\\suratMasuk.php', 120, [...])
 2 SYSTEMPATH\View\View.php(213): include('APPPATH\\Views\\admin\\suratMasuk.php')
 3 SYSTEMPATH\View\View.php(216): CodeIgniter\View\View->CodeIgniter\View\{closure}()
 4 SYSTEMPATH\Common.php(1134): CodeIgniter\View\View->render('admin/suratMasuk', [], true)
 5 APPPATH\Controllers\Admin\Surat.php(23): view('admin/suratMasuk', [...])
 6 SYSTEMPATH\CodeIgniter.php(927): App\Controllers\Admin\Surat->suratMasuk()
 7 SYSTEMPATH\CodeIgniter.php(482): CodeIgniter\CodeIgniter->runController(Object(App\Controllers\Admin\Surat))
 8 SYSTEMPATH\CodeIgniter.php(351): CodeIgniter\CodeIgniter->handleRequest(null, Object(Config\Cache), false)
 9 FCPATH\index.php(67): CodeIgniter\CodeIgniter->run()
10 SYSTEMPATH\Commands\Server\rewrite.php(46): require_once('FCPATH\\index.php')
CRITICAL - 2023-01-27 20:57:38 --> Undefined variable: listKegiatan
in APPPATH\Views\admin\suratMasuk.php on line 148.
 1 APPPATH\Views\admin\suratMasuk.php(148): CodeIgniter\Debug\Exceptions->errorHandler(8, 'Undefined variable: listKegiatan', 'APPPATH\\Views\\admin\\suratMasuk.php', 148, [...])
 2 SYSTEMPATH\View\View.php(213): include('APPPATH\\Views\\admin\\suratMasuk.php')
 3 SYSTEMPATH\View\View.php(216): CodeIgniter\View\View->CodeIgniter\View\{closure}()
 4 SYSTEMPATH\Common.php(1134): CodeIgniter\View\View->render('admin/suratMasuk', [], true)
 5 APPPATH\Controllers\Admin\Surat.php(23): view('admin/suratMasuk', [...])
 6 SYSTEMPATH\CodeIgniter.php(927): App\Controllers\Admin\Surat->suratMasuk()
 7 SYSTEMPATH\CodeIgniter.php(482): CodeIgniter\CodeIgniter->runController(Object(App\Controllers\Admin\Surat))
 8 SYSTEMPATH\CodeIgniter.php(351): CodeIgniter\CodeIgniter->handleRequest(null, Object(Config\Cache), false)
 9 FCPATH\index.php(67): CodeIgniter\CodeIgniter->run()
10 SYSTEMPATH\Commands\Server\rewrite.php(46): require_once('FCPATH\\index.php')
CRITICAL - 2023-01-27 21:00:42 --> Undefined variable: listKegiatan
in APPPATH\Views\admin\suratMasuk.php on line 156.
 1 APPPATH\Views\admin\suratMasuk.php(156): CodeIgniter\Debug\Exceptions->errorHandler(8, 'Undefined variable: listKegiatan', 'APPPATH\\Views\\admin\\suratMasuk.php', 156, [...])
 2 SYSTEMPATH\View\View.php(213): include('APPPATH\\Views\\admin\\suratMasuk.php')
 3 SYSTEMPATH\View\View.php(216): CodeIgniter\View\View->CodeIgniter\View\{closure}()
 4 SYSTEMPATH\Common.php(1134): CodeIgniter\View\View->render('admin/suratMasuk', [], true)
 5 APPPATH\Controllers\Admin\Surat.php(23): view('admin/suratMasuk', [...])
 6 SYSTEMPATH\CodeIgniter.php(927): App\Controllers\Admin\Surat->suratMasuk()
 7 SYSTEMPATH\CodeIgniter.php(482): CodeIgniter\CodeIgniter->runController(Object(App\Controllers\Admin\Surat))
 8 SYSTEMPATH\CodeIgniter.php(351): CodeIgniter\CodeIgniter->handleRequest(null, Object(Config\Cache), false)
 9 FCPATH\index.php(67): CodeIgniter\CodeIgniter->run()
10 SYSTEMPATH\Commands\Server\rewrite.php(46): require_once('FCPATH\\index.php')
