CRITICAL - 2023-03-04 00:09:30 --> Invalid file: kerasulan.php
in SYSTEMPATH\Exceptions\FrameworkException.php on line 33.
 1 SYSTEMPATH\View\View.php(201): CodeIgniter\Exceptions\FrameworkException::forInvalidFile('kerasulan.php')
 2 SYSTEMPATH\Common.php(1134): CodeIgniter\View\View->render('kerasulan', [], true)
 3 APPPATH\Controllers\Kerasulan.php(27): view('kerasulan', [...])
 4 SYSTEMPATH\CodeIgniter.php(927): App\Controllers\kerasulan->index()
 5 SYSTEMPATH\CodeIgniter.php(482): CodeIgniter\CodeIgniter->runController(Object(App\Controllers\kerasulan))
 6 SYSTEMPATH\CodeIgniter.php(351): CodeIgniter\CodeIgniter->handleRequest(null, Object(Config\Cache), false)
 7 FCPATH\index.php(67): CodeIgniter\CodeIgniter->run()
 8 SYSTEMPATH\Commands\Server\rewrite.php(46): require_once('FCPATH\\index.php')
CRITICAL - 2023-03-04 00:16:45 --> Invalid file: kerasulan.php
in SYSTEMPATH\Exceptions\FrameworkException.php on line 33.
 1 SYSTEMPATH\View\View.php(201): CodeIgniter\Exceptions\FrameworkException::forInvalidFile('kerasulan.php')
 2 SYSTEMPATH\Common.php(1134): CodeIgniter\View\View->render('kerasulan', [], true)
 3 APPPATH\Controllers\Kerasulan.php(27): view('kerasulan', [...])
 4 SYSTEMPATH\CodeIgniter.php(927): App\Controllers\kerasulan->index()
 5 SYSTEMPATH\CodeIgniter.php(482): CodeIgniter\CodeIgniter->runController(Object(App\Controllers\kerasulan))
 6 SYSTEMPATH\CodeIgniter.php(351): CodeIgniter\CodeIgniter->handleRequest(null, Object(Config\Cache), false)
 7 FCPATH\index.php(67): CodeIgniter\CodeIgniter->run()
 8 SYSTEMPATH\Commands\Server\rewrite.php(46): require_once('FCPATH\\index.php')
CRITICAL - 2023-03-04 20:41:02 --> Undefined index: judul
in APPPATH\Views\kerasulan.php on line 19.
 1 APPPATH\Views\kerasulan.php(19): CodeIgniter\Debug\Exceptions->errorHandler(8, 'Undefined index: judul', 'APPPATH\\Views\\kerasulan.php', 19, [...])
 2 SYSTEMPATH\View\View.php(213): include('APPPATH\\Views\\kerasulan.php')
 3 SYSTEMPATH\View\View.php(216): CodeIgniter\View\View->CodeIgniter\View\{closure}()
 4 SYSTEMPATH\Common.php(1134): CodeIgniter\View\View->render('kerasulan', [], true)
 5 APPPATH\Controllers\Kerasulan.php(27): view('kerasulan', [...])
 6 SYSTEMPATH\CodeIgniter.php(927): App\Controllers\kerasulan->index()
 7 SYSTEMPATH\CodeIgniter.php(482): CodeIgniter\CodeIgniter->runController(Object(App\Controllers\kerasulan))
 8 SYSTEMPATH\CodeIgniter.php(351): CodeIgniter\CodeIgniter->handleRequest(null, Object(Config\Cache), false)
 9 FCPATH\index.php(67): CodeIgniter\CodeIgniter->run()
10 SYSTEMPATH\Commands\Server\rewrite.php(46): require_once('FCPATH\\index.php')
