CRITICAL - 2022-12-24 03:42:07 --> Undefined index: nama
in APPPATH\Views\admin\penugasan.php on line 76.
 1 APPPATH\Views\admin\penugasan.php(76): CodeIgniter\Debug\Exceptions->errorHandler(8, 'Undefined index: nama', 'APPPATH\\Views\\admin\\penugasan.php', 76, [...])
 2 SYSTEMPATH\View\View.php(213): include('APPPATH\\Views\\admin\\penugasan.php')
 3 SYSTEMPATH\View\View.php(216): CodeIgniter\View\View->CodeIgniter\View\{closure}()
 4 SYSTEMPATH\Common.php(1134): CodeIgniter\View\View->render('admin/penugasan', [], true)
 5 APPPATH\Controllers\Admin\Penugasan.php(27): view('admin/penugasan', [...])
 6 SYSTEMPATH\CodeIgniter.php(927): App\Controllers\Admin\Penugasan->index()
 7 SYSTEMPATH\CodeIgniter.php(482): CodeIgniter\CodeIgniter->runController(Object(App\Controllers\Admin\Penugasan))
 8 SYSTEMPATH\CodeIgniter.php(351): CodeIgniter\CodeIgniter->handleRequest(null, Object(Config\Cache), false)
 9 FCPATH\index.php(67): CodeIgniter\CodeIgniter->run()
10 SYSTEMPATH\Commands\Server\rewrite.php(46): require_once('FCPATH\\index.php')
CRITICAL - 2022-12-24 03:42:48 --> Undefined index: tempatLahir
in APPPATH\Views\admin\penugasan.php on line 86.
 1 APPPATH\Views\admin\penugasan.php(86): CodeIgniter\Debug\Exceptions->errorHandler(8, 'Undefined index: tempatLahir', 'APPPATH\\Views\\admin\\penugasan.php', 86, [...])
 2 SYSTEMPATH\View\View.php(213): include('APPPATH\\Views\\admin\\penugasan.php')
 3 SYSTEMPATH\View\View.php(216): CodeIgniter\View\View->CodeIgniter\View\{closure}()
 4 SYSTEMPATH\Common.php(1134): CodeIgniter\View\View->render('admin/penugasan', [], true)
 5 APPPATH\Controllers\Admin\Penugasan.php(27): view('admin/penugasan', [...])
 6 SYSTEMPATH\CodeIgniter.php(927): App\Controllers\Admin\Penugasan->index()
 7 SYSTEMPATH\CodeIgniter.php(482): CodeIgniter\CodeIgniter->runController(Object(App\Controllers\Admin\Penugasan))
 8 SYSTEMPATH\CodeIgniter.php(351): CodeIgniter\CodeIgniter->handleRequest(null, Object(Config\Cache), false)
 9 FCPATH\index.php(67): CodeIgniter\CodeIgniter->run()
10 SYSTEMPATH\Commands\Server\rewrite.php(46): require_once('FCPATH\\index.php')
