CRITICAL - 2023-01-06 08:18:28 --> Undefined index: namaKomunitas
in APPPATH\Views\admin\detailAnggota.php on line 57.
 1 APPPATH\Views\admin\detailAnggota.php(57): CodeIgniter\Debug\Exceptions->errorHandler(8, 'Undefined index: namaKomunitas', 'APPPATH\\Views\\admin\\detailAnggota.php', 57, [...])
 2 SYSTEMPATH\View\View.php(213): include('APPPATH\\Views\\admin\\detailAnggota.php')
 3 SYSTEMPATH\View\View.php(216): CodeIgniter\View\View->CodeIgniter\View\{closure}()
 4 SYSTEMPATH\Common.php(1134): CodeIgniter\View\View->render('admin/detailAnggota', [], true)
 5 APPPATH\Controllers\Admin\Anggota.php(161): view('admin/detailAnggota', [...])
 6 SYSTEMPATH\CodeIgniter.php(927): App\Controllers\Admin\Anggota->detail('23')
 7 SYSTEMPATH\CodeIgniter.php(482): CodeIgniter\CodeIgniter->runController(Object(App\Controllers\Admin\Anggota))
 8 SYSTEMPATH\CodeIgniter.php(351): CodeIgniter\CodeIgniter->handleRequest(null, Object(Config\Cache), false)
 9 FCPATH\index.php(67): CodeIgniter\CodeIgniter->run()
10 SYSTEMPATH\Commands\Server\rewrite.php(46): require_once('FCPATH\\index.php')
CRITICAL - 2023-01-06 08:19:01 --> Undefined index: namaKomunitas
in APPPATH\Views\admin\detailAnggota.php on line 57.
 1 APPPATH\Views\admin\detailAnggota.php(57): CodeIgniter\Debug\Exceptions->errorHandler(8, 'Undefined index: namaKomunitas', 'APPPATH\\Views\\admin\\detailAnggota.php', 57, [...])
 2 SYSTEMPATH\View\View.php(213): include('APPPATH\\Views\\admin\\detailAnggota.php')
 3 SYSTEMPATH\View\View.php(216): CodeIgniter\View\View->CodeIgniter\View\{closure}()
 4 SYSTEMPATH\Common.php(1134): CodeIgniter\View\View->render('admin/detailAnggota', [], true)
 5 APPPATH\Controllers\Admin\Anggota.php(161): view('admin/detailAnggota', [...])
 6 SYSTEMPATH\CodeIgniter.php(927): App\Controllers\Admin\Anggota->detail('23')
 7 SYSTEMPATH\CodeIgniter.php(482): CodeIgniter\CodeIgniter->runController(Object(App\Controllers\Admin\Anggota))
 8 SYSTEMPATH\CodeIgniter.php(351): CodeIgniter\CodeIgniter->handleRequest(null, Object(Config\Cache), false)
 9 FCPATH\index.php(67): CodeIgniter\CodeIgniter->run()
10 SYSTEMPATH\Commands\Server\rewrite.php(46): require_once('FCPATH\\index.php')
CRITICAL - 2023-01-06 08:19:33 --> Undefined variable: nomorBajuBaru
in APPPATH\Views\admin\detailAnggota.php on line 84.
 1 APPPATH\Views\admin\detailAnggota.php(84): CodeIgniter\Debug\Exceptions->errorHandler(8, 'Undefined variable: nomorBajuBaru', 'APPPATH\\Views\\admin\\detailAnggota.php', 84, [...])
 2 SYSTEMPATH\View\View.php(213): include('APPPATH\\Views\\admin\\detailAnggota.php')
 3 SYSTEMPATH\View\View.php(216): CodeIgniter\View\View->CodeIgniter\View\{closure}()
 4 SYSTEMPATH\Common.php(1134): CodeIgniter\View\View->render('admin/detailAnggota', [], true)
 5 APPPATH\Controllers\Admin\Anggota.php(161): view('admin/detailAnggota', [...])
 6 SYSTEMPATH\CodeIgniter.php(927): App\Controllers\Admin\Anggota->detail('23')
 7 SYSTEMPATH\CodeIgniter.php(482): CodeIgniter\CodeIgniter->runController(Object(App\Controllers\Admin\Anggota))
 8 SYSTEMPATH\CodeIgniter.php(351): CodeIgniter\CodeIgniter->handleRequest(null, Object(Config\Cache), false)
 9 FCPATH\index.php(67): CodeIgniter\CodeIgniter->run()
10 SYSTEMPATH\Commands\Server\rewrite.php(46): require_once('FCPATH\\index.php')
CRITICAL - 2023-01-06 08:23:55 --> Undefined variable: riwayatPenugasan
in APPPATH\Views\admin\detailAnggota.php on line 107.
 1 APPPATH\Views\admin\detailAnggota.php(107): CodeIgniter\Debug\Exceptions->errorHandler(8, 'Undefined variable: riwayatPenugasan', 'APPPATH\\Views\\admin\\detailAnggota.php', 107, [...])
 2 SYSTEMPATH\View\View.php(213): include('APPPATH\\Views\\admin\\detailAnggota.php')
 3 SYSTEMPATH\View\View.php(216): CodeIgniter\View\View->CodeIgniter\View\{closure}()
 4 SYSTEMPATH\Common.php(1134): CodeIgniter\View\View->render('admin/detailAnggota', [], true)
 5 APPPATH\Controllers\Admin\Anggota.php(161): view('admin/detailAnggota', [...])
 6 SYSTEMPATH\CodeIgniter.php(927): App\Controllers\Admin\Anggota->detail('23')
 7 SYSTEMPATH\CodeIgniter.php(482): CodeIgniter\CodeIgniter->runController(Object(App\Controllers\Admin\Anggota))
 8 SYSTEMPATH\CodeIgniter.php(351): CodeIgniter\CodeIgniter->handleRequest(null, Object(Config\Cache), false)
 9 FCPATH\index.php(67): CodeIgniter\CodeIgniter->run()
10 SYSTEMPATH\Commands\Server\rewrite.php(46): require_once('FCPATH\\index.php')
CRITICAL - 2023-01-06 08:31:30 --> Undefined index: nama
in APPPATH\Views\admin\detailAnggota.php on line 26.
 1 APPPATH\Views\admin\detailAnggota.php(26): CodeIgniter\Debug\Exceptions->errorHandler(8, 'Undefined index: nama', 'APPPATH\\Views\\admin\\detailAnggota.php', 26, [...])
 2 SYSTEMPATH\View\View.php(213): include('APPPATH\\Views\\admin\\detailAnggota.php')
 3 SYSTEMPATH\View\View.php(216): CodeIgniter\View\View->CodeIgniter\View\{closure}()
 4 SYSTEMPATH\Common.php(1134): CodeIgniter\View\View->render('admin/detailAnggota', [], true)
 5 APPPATH\Controllers\Admin\Anggota.php(161): view('admin/detailAnggota', [...])
 6 SYSTEMPATH\CodeIgniter.php(927): App\Controllers\Admin\Anggota->detail('23')
 7 SYSTEMPATH\CodeIgniter.php(482): CodeIgniter\CodeIgniter->runController(Object(App\Controllers\Admin\Anggota))
 8 SYSTEMPATH\CodeIgniter.php(351): CodeIgniter\CodeIgniter->handleRequest(null, Object(Config\Cache), false)
 9 FCPATH\index.php(67): CodeIgniter\CodeIgniter->run()
10 SYSTEMPATH\Commands\Server\rewrite.php(46): require_once('FCPATH\\index.php')
CRITICAL - 2023-01-06 08:31:55 --> Array to string conversion
in APPPATH\Views\admin\detailAnggota.php on line 20.
 1 APPPATH\Views\admin\detailAnggota.php(20): CodeIgniter\Debug\Exceptions->errorHandler(8, 'Array to string conversion', 'APPPATH\\Views\\admin\\detailAnggota.php', 20, [...])
 2 SYSTEMPATH\View\View.php(213): include('APPPATH\\Views\\admin\\detailAnggota.php')
 3 SYSTEMPATH\View\View.php(216): CodeIgniter\View\View->CodeIgniter\View\{closure}()
 4 SYSTEMPATH\Common.php(1134): CodeIgniter\View\View->render('admin/detailAnggota', [], true)
 5 APPPATH\Controllers\Admin\Anggota.php(161): view('admin/detailAnggota', [...])
 6 SYSTEMPATH\CodeIgniter.php(927): App\Controllers\Admin\Anggota->detail('23')
 7 SYSTEMPATH\CodeIgniter.php(482): CodeIgniter\CodeIgniter->runController(Object(App\Controllers\Admin\Anggota))
 8 SYSTEMPATH\CodeIgniter.php(351): CodeIgniter\CodeIgniter->handleRequest(null, Object(Config\Cache), false)
 9 FCPATH\index.php(67): CodeIgniter\CodeIgniter->run()
10 SYSTEMPATH\Commands\Server\rewrite.php(46): require_once('FCPATH\\index.php')
CRITICAL - 2023-01-06 08:35:09 --> Undefined variable: listAnggota
in APPPATH\Views\admin\detailAnggota.php on line 61.
 1 APPPATH\Views\admin\detailAnggota.php(61): CodeIgniter\Debug\Exceptions->errorHandler(8, 'Undefined variable: listAnggota', 'APPPATH\\Views\\admin\\detailAnggota.php', 61, [...])
 2 SYSTEMPATH\View\View.php(213): include('APPPATH\\Views\\admin\\detailAnggota.php')
 3 SYSTEMPATH\View\View.php(216): CodeIgniter\View\View->CodeIgniter\View\{closure}()
 4 SYSTEMPATH\Common.php(1134): CodeIgniter\View\View->render('admin/detailAnggota', [], true)
 5 APPPATH\Controllers\Admin\Anggota.php(161): view('admin/detailAnggota', [...])
 6 SYSTEMPATH\CodeIgniter.php(927): App\Controllers\Admin\Anggota->detail('23')
 7 SYSTEMPATH\CodeIgniter.php(482): CodeIgniter\CodeIgniter->runController(Object(App\Controllers\Admin\Anggota))
 8 SYSTEMPATH\CodeIgniter.php(351): CodeIgniter\CodeIgniter->handleRequest(null, Object(Config\Cache), false)
 9 FCPATH\index.php(67): CodeIgniter\CodeIgniter->run()
10 SYSTEMPATH\Commands\Server\rewrite.php(46): require_once('FCPATH\\index.php')
