CRITICAL - 2023-03-28 01:09:59 --> Undefined index: namaKomunitas
in APPPATH\Views\admin\arsip.php on line 48.
 1 APPPATH\Views\admin\arsip.php(48): CodeIgniter\Debug\Exceptions->errorHandler(8, 'Undefined index: namaKomunitas', 'APPPATH\\Views\\admin\\arsip.php', 48, [...])
 2 SYSTEMPATH\View\View.php(213): include('APPPATH\\Views\\admin\\arsip.php')
 3 SYSTEMPATH\View\View.php(216): CodeIgniter\View\View->CodeIgniter\View\{closure}()
 4 SYSTEMPATH\Common.php(1134): CodeIgniter\View\View->render('admin/arsip', [], true)
 5 APPPATH\Controllers\Admin\Arsip.php(27): view('admin/arsip', [...])
 6 SYSTEMPATH\CodeIgniter.php(927): App\Controllers\Admin\Arsip->index()
 7 SYSTEMPATH\CodeIgniter.php(482): CodeIgniter\CodeIgniter->runController(Object(App\Controllers\Admin\Arsip))
 8 SYSTEMPATH\CodeIgniter.php(351): CodeIgniter\CodeIgniter->handleRequest(null, Object(Config\Cache), false)
 9 FCPATH\index.php(67): CodeIgniter\CodeIgniter->run()
10 SYSTEMPATH\Commands\Server\rewrite.php(46): require_once('FCPATH\\index.php')
CRITICAL - 2023-03-28 22:27:38 --> Undefined variable: galeri
in APPPATH\Views\beranda.php on line 29.
 1 APPPATH\Views\beranda.php(29): CodeIgniter\Debug\Exceptions->errorHandler(8, 'Undefined variable: galeri', 'APPPATH\\Views\\beranda.php', 29, [...])
 2 SYSTEMPATH\View\View.php(213): include('APPPATH\\Views\\beranda.php')
 3 SYSTEMPATH\View\View.php(216): CodeIgniter\View\View->CodeIgniter\View\{closure}()
 4 SYSTEMPATH\Common.php(1134): CodeIgniter\View\View->render('beranda', [], true)
 5 APPPATH\Controllers\Beranda.php(26): view('beranda', [...])
 6 SYSTEMPATH\CodeIgniter.php(927): App\Controllers\Beranda->index()
 7 SYSTEMPATH\CodeIgniter.php(482): CodeIgniter\CodeIgniter->runController(Object(App\Controllers\Beranda))
 8 SYSTEMPATH\CodeIgniter.php(351): CodeIgniter\CodeIgniter->handleRequest(null, Object(Config\Cache), false)
 9 FCPATH\index.php(67): CodeIgniter\CodeIgniter->run()
10 SYSTEMPATH\Commands\Server\rewrite.php(46): require_once('FCPATH\\index.php')
