CRITICAL - 2022-12-15 09:53:28 --> Invalid file: superuser/beranda.php
in SYSTEMPATH\Exceptions\FrameworkException.php on line 33.
 1 SYSTEMPATH\View\View.php(201): CodeIgniter\Exceptions\FrameworkException::forInvalidFile('superuser/beranda.php')
 2 SYSTEMPATH\Common.php(1134): CodeIgniter\View\View->render('superuser/beranda', [], true)
 3 APPPATH\Controllers\Admin\Beranda.php(13): view('superuser/beranda', [...])
 4 SYSTEMPATH\CodeIgniter.php(927): App\Controllers\Admin\Beranda->index()
 5 SYSTEMPATH\CodeIgniter.php(482): CodeIgniter\CodeIgniter->runController(Object(App\Controllers\Admin\Beranda))
 6 SYSTEMPATH\CodeIgniter.php(351): CodeIgniter\CodeIgniter->handleRequest(null, Object(Config\Cache), false)
 7 FCPATH\index.php(67): CodeIgniter\CodeIgniter->run()
 8 SYSTEMPATH\Commands\Server\rewrite.php(46): require_once('FCPATH\\index.php')
CRITICAL - 2022-12-15 09:54:01 --> Invalid file: superuser/beranda.php
in SYSTEMPATH\Exceptions\FrameworkException.php on line 33.
 1 SYSTEMPATH\View\View.php(201): CodeIgniter\Exceptions\FrameworkException::forInvalidFile('superuser/beranda.php')
 2 SYSTEMPATH\Common.php(1134): CodeIgniter\View\View->render('superuser/beranda', [], true)
 3 APPPATH\Controllers\Admin\Beranda.php(13): view('superuser/beranda', [...])
 4 SYSTEMPATH\CodeIgniter.php(927): App\Controllers\Admin\Beranda->index()
 5 SYSTEMPATH\CodeIgniter.php(482): CodeIgniter\CodeIgniter->runController(Object(App\Controllers\Admin\Beranda))
 6 SYSTEMPATH\CodeIgniter.php(351): CodeIgniter\CodeIgniter->handleRequest(null, Object(Config\Cache), false)
 7 FCPATH\index.php(67): CodeIgniter\CodeIgniter->run()
 8 SYSTEMPATH\Commands\Server\rewrite.php(46): require_once('FCPATH\\index.php')
CRITICAL - 2022-12-15 09:54:10 --> Invalid file: superuser/beranda.php
in SYSTEMPATH\Exceptions\FrameworkException.php on line 33.
 1 SYSTEMPATH\View\View.php(201): CodeIgniter\Exceptions\FrameworkException::forInvalidFile('superuser/beranda.php')
 2 SYSTEMPATH\Common.php(1134): CodeIgniter\View\View->render('superuser/beranda', [], true)
 3 APPPATH\Controllers\Admin\Beranda.php(13): view('superuser/beranda', [...])
 4 SYSTEMPATH\CodeIgniter.php(927): App\Controllers\Admin\Beranda->index()
 5 SYSTEMPATH\CodeIgniter.php(482): CodeIgniter\CodeIgniter->runController(Object(App\Controllers\Admin\Beranda))
 6 SYSTEMPATH\CodeIgniter.php(351): CodeIgniter\CodeIgniter->handleRequest(null, Object(Config\Cache), false)
 7 FCPATH\index.php(67): CodeIgniter\CodeIgniter->run()
 8 SYSTEMPATH\Commands\Server\rewrite.php(46): require_once('FCPATH\\index.php')
CRITICAL - 2022-12-15 09:55:33 --> Undefined variable: validation
in APPPATH\Views\admin\kegiatan.php on line 30.
 1 APPPATH\Views\admin\kegiatan.php(30): CodeIgniter\Debug\Exceptions->errorHandler(8, 'Undefined variable: validation', 'APPPATH\\Views\\admin\\kegiatan.php', 30, [...])
 2 SYSTEMPATH\View\View.php(213): include('APPPATH\\Views\\admin\\kegiatan.php')
 3 SYSTEMPATH\View\View.php(216): CodeIgniter\View\View->CodeIgniter\View\{closure}()
 4 SYSTEMPATH\Common.php(1134): CodeIgniter\View\View->render('admin/kegiatan', [], true)
 5 APPPATH\Controllers\Admin\Kegiatan.php(34): view('admin/kegiatan', [...])
 6 SYSTEMPATH\CodeIgniter.php(927): App\Controllers\Admin\Kegiatan->index()
 7 SYSTEMPATH\CodeIgniter.php(482): CodeIgniter\CodeIgniter->runController(Object(App\Controllers\Admin\Kegiatan))
 8 SYSTEMPATH\CodeIgniter.php(351): CodeIgniter\CodeIgniter->handleRequest(null, Object(Config\Cache), false)
 9 FCPATH\index.php(67): CodeIgniter\CodeIgniter->run()
10 SYSTEMPATH\Commands\Server\rewrite.php(46): require_once('FCPATH\\index.php')
CRITICAL - 2022-12-15 09:56:42 --> Undefined variable: listKegiatan
in APPPATH\Views\admin\kegiatan.php on line 88.
 1 APPPATH\Views\admin\kegiatan.php(88): CodeIgniter\Debug\Exceptions->errorHandler(8, 'Undefined variable: listKegiatan', 'APPPATH\\Views\\admin\\kegiatan.php', 88, [...])
 2 SYSTEMPATH\View\View.php(213): include('APPPATH\\Views\\admin\\kegiatan.php')
 3 SYSTEMPATH\View\View.php(216): CodeIgniter\View\View->CodeIgniter\View\{closure}()
 4 SYSTEMPATH\Common.php(1134): CodeIgniter\View\View->render('admin/kegiatan', [], true)
 5 APPPATH\Controllers\Admin\Kegiatan.php(35): view('admin/kegiatan', [...])
 6 SYSTEMPATH\CodeIgniter.php(927): App\Controllers\Admin\Kegiatan->index()
 7 SYSTEMPATH\CodeIgniter.php(482): CodeIgniter\CodeIgniter->runController(Object(App\Controllers\Admin\Kegiatan))
 8 SYSTEMPATH\CodeIgniter.php(351): CodeIgniter\CodeIgniter->handleRequest(null, Object(Config\Cache), false)
 9 FCPATH\index.php(67): CodeIgniter\CodeIgniter->run()
10 SYSTEMPATH\Commands\Server\rewrite.php(46): require_once('FCPATH\\index.php')
CRITICAL - 2022-12-15 10:08:57 --> Undefined index: tanggalBerdiri
in APPPATH\Views\admin\kegiatan.php on line 92.
 1 APPPATH\Views\admin\kegiatan.php(92): CodeIgniter\Debug\Exceptions->errorHandler(8, 'Undefined index: tanggalBerdiri', 'APPPATH\\Views\\admin\\kegiatan.php', 92, [...])
 2 SYSTEMPATH\View\View.php(213): include('APPPATH\\Views\\admin\\kegiatan.php')
 3 SYSTEMPATH\View\View.php(216): CodeIgniter\View\View->CodeIgniter\View\{closure}()
 4 SYSTEMPATH\Common.php(1134): CodeIgniter\View\View->render('admin/kegiatan', [], true)
 5 APPPATH\Controllers\Admin\Kegiatan.php(36): view('admin/kegiatan', [...])
 6 SYSTEMPATH\CodeIgniter.php(927): App\Controllers\Admin\Kegiatan->index()
 7 SYSTEMPATH\CodeIgniter.php(482): CodeIgniter\CodeIgniter->runController(Object(App\Controllers\Admin\Kegiatan))
 8 SYSTEMPATH\CodeIgniter.php(351): CodeIgniter\CodeIgniter->handleRequest(null, Object(Config\Cache), false)
 9 FCPATH\index.php(67): CodeIgniter\CodeIgniter->run()
10 SYSTEMPATH\Commands\Server\rewrite.php(46): require_once('FCPATH\\index.php')
CRITICAL - 2022-12-15 10:09:02 --> Undefined index: tanggalBerdiri
in APPPATH\Views\admin\kegiatan.php on line 92.
 1 APPPATH\Views\admin\kegiatan.php(92): CodeIgniter\Debug\Exceptions->errorHandler(8, 'Undefined index: tanggalBerdiri', 'APPPATH\\Views\\admin\\kegiatan.php', 92, [...])
 2 SYSTEMPATH\View\View.php(213): include('APPPATH\\Views\\admin\\kegiatan.php')
 3 SYSTEMPATH\View\View.php(216): CodeIgniter\View\View->CodeIgniter\View\{closure}()
 4 SYSTEMPATH\Common.php(1134): CodeIgniter\View\View->render('admin/kegiatan', [], true)
 5 APPPATH\Controllers\Admin\Kegiatan.php(36): view('admin/kegiatan', [...])
 6 SYSTEMPATH\CodeIgniter.php(927): App\Controllers\Admin\Kegiatan->index()
 7 SYSTEMPATH\CodeIgniter.php(482): CodeIgniter\CodeIgniter->runController(Object(App\Controllers\Admin\Kegiatan))
 8 SYSTEMPATH\CodeIgniter.php(351): CodeIgniter\CodeIgniter->handleRequest(null, Object(Config\Cache), false)
 9 FCPATH\index.php(67): CodeIgniter\CodeIgniter->run()
10 SYSTEMPATH\Commands\Server\rewrite.php(46): require_once('FCPATH\\index.php')
CRITICAL - 2022-12-15 10:09:05 --> Undefined index: tanggalBerdiri
in APPPATH\Views\admin\kegiatan.php on line 92.
 1 APPPATH\Views\admin\kegiatan.php(92): CodeIgniter\Debug\Exceptions->errorHandler(8, 'Undefined index: tanggalBerdiri', 'APPPATH\\Views\\admin\\kegiatan.php', 92, [...])
 2 SYSTEMPATH\View\View.php(213): include('APPPATH\\Views\\admin\\kegiatan.php')
 3 SYSTEMPATH\View\View.php(216): CodeIgniter\View\View->CodeIgniter\View\{closure}()
 4 SYSTEMPATH\Common.php(1134): CodeIgniter\View\View->render('admin/kegiatan', [], true)
 5 APPPATH\Controllers\Admin\Kegiatan.php(36): view('admin/kegiatan', [...])
 6 SYSTEMPATH\CodeIgniter.php(927): App\Controllers\Admin\Kegiatan->index()
 7 SYSTEMPATH\CodeIgniter.php(482): CodeIgniter\CodeIgniter->runController(Object(App\Controllers\Admin\Kegiatan))
 8 SYSTEMPATH\CodeIgniter.php(351): CodeIgniter\CodeIgniter->handleRequest(null, Object(Config\Cache), false)
 9 FCPATH\index.php(67): CodeIgniter\CodeIgniter->run()
10 SYSTEMPATH\Commands\Server\rewrite.php(46): require_once('FCPATH\\index.php')
CRITICAL - 2022-12-15 10:09:37 --> Deletes are not allowed unless they contain a "where" or "like" clause.
in SYSTEMPATH\Database\BaseBuilder.php on line 2367.
 1 SYSTEMPATH\Model.php(401): CodeIgniter\Database\BaseBuilder->delete()
 2 SYSTEMPATH\BaseModel.php(984): CodeIgniter\Model->doDelete(null, false)
 3 APPPATH\Controllers\Admin\Kegiatan.php(103): CodeIgniter\BaseModel->delete()
 4 SYSTEMPATH\CodeIgniter.php(927): App\Controllers\Admin\Kegiatan->delete('1')
 5 SYSTEMPATH\CodeIgniter.php(482): CodeIgniter\CodeIgniter->runController(Object(App\Controllers\Admin\Kegiatan))
 6 SYSTEMPATH\CodeIgniter.php(351): CodeIgniter\CodeIgniter->handleRequest(null, Object(Config\Cache), false)
 7 FCPATH\index.php(67): CodeIgniter\CodeIgniter->run()
 8 SYSTEMPATH\Commands\Server\rewrite.php(46): require_once('FCPATH\\index.php')
CRITICAL - 2022-12-15 10:09:43 --> Deletes are not allowed unless they contain a "where" or "like" clause.
in SYSTEMPATH\Database\BaseBuilder.php on line 2367.
 1 SYSTEMPATH\Model.php(401): CodeIgniter\Database\BaseBuilder->delete()
 2 SYSTEMPATH\BaseModel.php(984): CodeIgniter\Model->doDelete(null, false)
 3 APPPATH\Controllers\Admin\Kegiatan.php(103): CodeIgniter\BaseModel->delete()
 4 SYSTEMPATH\CodeIgniter.php(927): App\Controllers\Admin\Kegiatan->delete('2')
 5 SYSTEMPATH\CodeIgniter.php(482): CodeIgniter\CodeIgniter->runController(Object(App\Controllers\Admin\Kegiatan))
 6 SYSTEMPATH\CodeIgniter.php(351): CodeIgniter\CodeIgniter->handleRequest(null, Object(Config\Cache), false)
 7 FCPATH\index.php(67): CodeIgniter\CodeIgniter->run()
 8 SYSTEMPATH\Commands\Server\rewrite.php(46): require_once('FCPATH\\index.php')
CRITICAL - 2022-12-15 10:11:51 --> Call to undefined function App\Controllers\Admin\now()
in APPPATH\Controllers\Admin\Kegiatan.php on line 44.
 1 SYSTEMPATH\CodeIgniter.php(927): App\Controllers\Admin\Kegiatan->save()
 2 SYSTEMPATH\CodeIgniter.php(482): CodeIgniter\CodeIgniter->runController(Object(App\Controllers\Admin\Kegiatan))
 3 SYSTEMPATH\CodeIgniter.php(351): CodeIgniter\CodeIgniter->handleRequest(null, Object(Config\Cache), false)
 4 FCPATH\index.php(67): CodeIgniter\CodeIgniter->run()
 5 SYSTEMPATH\Commands\Server\rewrite.php(46): require_once('FCPATH\\index.php')
CRITICAL - 2022-12-15 10:26:34 --> Undefined variable: dataEdit
in APPPATH\Views\admin\kegiatan.php on line 49.
 1 APPPATH\Views\admin\kegiatan.php(49): CodeIgniter\Debug\Exceptions->errorHandler(8, 'Undefined variable: dataEdit', 'APPPATH\\Views\\admin\\kegiatan.php', 49, [...])
 2 SYSTEMPATH\View\View.php(213): include('APPPATH\\Views\\admin\\kegiatan.php')
 3 SYSTEMPATH\View\View.php(216): CodeIgniter\View\View->CodeIgniter\View\{closure}()
 4 SYSTEMPATH\Common.php(1134): CodeIgniter\View\View->render('admin/kegiatan', [], true)
 5 APPPATH\Controllers\Admin\Kegiatan.php(70): view('admin/kegiatan', [...])
 6 SYSTEMPATH\CodeIgniter.php(927): App\Controllers\Admin\Kegiatan->editPage('4')
 7 SYSTEMPATH\CodeIgniter.php(482): CodeIgniter\CodeIgniter->runController(Object(App\Controllers\Admin\Kegiatan))
 8 SYSTEMPATH\CodeIgniter.php(351): CodeIgniter\CodeIgniter->handleRequest(null, Object(Config\Cache), false)
 9 FCPATH\index.php(67): CodeIgniter\CodeIgniter->run()
10 SYSTEMPATH\Commands\Server\rewrite.php(46): require_once('FCPATH\\index.php')
CRITICAL - 2022-12-15 10:26:50 --> Undefined variable: validation
in APPPATH\Views\admin\kegiatan.php on line 54.
 1 APPPATH\Views\admin\kegiatan.php(54): CodeIgniter\Debug\Exceptions->errorHandler(8, 'Undefined variable: validation', 'APPPATH\\Views\\admin\\kegiatan.php', 54, [...])
 2 SYSTEMPATH\View\View.php(213): include('APPPATH\\Views\\admin\\kegiatan.php')
 3 SYSTEMPATH\View\View.php(216): CodeIgniter\View\View->CodeIgniter\View\{closure}()
 4 SYSTEMPATH\Common.php(1134): CodeIgniter\View\View->render('admin/kegiatan', [], true)
 5 APPPATH\Controllers\Admin\Kegiatan.php(70): view('admin/kegiatan', [...])
 6 SYSTEMPATH\CodeIgniter.php(927): App\Controllers\Admin\Kegiatan->editPage('4')
 7 SYSTEMPATH\CodeIgniter.php(482): CodeIgniter\CodeIgniter->runController(Object(App\Controllers\Admin\Kegiatan))
 8 SYSTEMPATH\CodeIgniter.php(351): CodeIgniter\CodeIgniter->handleRequest(null, Object(Config\Cache), false)
 9 FCPATH\index.php(67): CodeIgniter\CodeIgniter->run()
10 SYSTEMPATH\Commands\Server\rewrite.php(46): require_once('FCPATH\\index.php')
CRITICAL - 2022-12-15 10:27:03 --> Undefined variable: listKegiatan
in APPPATH\Views\admin\kegiatan.php on line 88.
 1 APPPATH\Views\admin\kegiatan.php(88): CodeIgniter\Debug\Exceptions->errorHandler(8, 'Undefined variable: listKegiatan', 'APPPATH\\Views\\admin\\kegiatan.php', 88, [...])
 2 SYSTEMPATH\View\View.php(213): include('APPPATH\\Views\\admin\\kegiatan.php')
 3 SYSTEMPATH\View\View.php(216): CodeIgniter\View\View->CodeIgniter\View\{closure}()
 4 SYSTEMPATH\Common.php(1134): CodeIgniter\View\View->render('admin/kegiatan', [], true)
 5 APPPATH\Controllers\Admin\Kegiatan.php(71): view('admin/kegiatan', [...])
 6 SYSTEMPATH\CodeIgniter.php(927): App\Controllers\Admin\Kegiatan->editPage('4')
 7 SYSTEMPATH\CodeIgniter.php(482): CodeIgniter\CodeIgniter->runController(Object(App\Controllers\Admin\Kegiatan))
 8 SYSTEMPATH\CodeIgniter.php(351): CodeIgniter\CodeIgniter->handleRequest(null, Object(Config\Cache), false)
 9 FCPATH\index.php(67): CodeIgniter\CodeIgniter->run()
10 SYSTEMPATH\Commands\Server\rewrite.php(46): require_once('FCPATH\\index.php')
