CRITICAL - 2023-06-12 01:06:12 --> Undefined array key "namaKomunitas"
in APPPATH\Views\superadmin\arsip.php on line 48.
 1 APPPATH\Views\superadmin\arsip.php(48): CodeIgniter\Debug\Exceptions->errorHandler(2, 'Undefined array key "namaKomunitas"', 'APPPATH\\Views\\superadmin\\arsip.php', 48)
 2 SYSTEMPATH\View\View.php(213): include('APPPATH\\Views\\superadmin\\arsip.php')
 3 SYSTEMPATH\View\View.php(216): CodeIgniter\View\View->CodeIgniter\View\{closure}()
 4 SYSTEMPATH\Common.php(1134): CodeIgniter\View\View->render('superadmin/arsip', [], true)
 5 APPPATH\Controllers\SuperAdmin\Arsip.php(23): view('superadmin/arsip', [...])
 6 SYSTEMPATH\CodeIgniter.php(927): App\Controllers\SuperAdmin\Arsip->index()
 7 SYSTEMPATH\CodeIgniter.php(482): CodeIgniter\CodeIgniter->runController(Object(App\Controllers\SuperAdmin\Arsip))
 8 SYSTEMPATH\CodeIgniter.php(351): CodeIgniter\CodeIgniter->handleRequest(null, Object(Config\Cache), false)
 9 FCPATH\index.php(67): CodeIgniter\CodeIgniter->run()
10 SYSTEMPATH\Commands\Server\rewrite.php(46): require_once('FCPATH\\index.php')
CRITICAL - 2023-06-12 01:06:28 --> Undefined variable $listKomunitas
in APPPATH\Views\superadmin\arsip.php on line 174.
 1 APPPATH\Views\superadmin\arsip.php(174): CodeIgniter\Debug\Exceptions->errorHandler(2, 'Undefined variable $listKomunitas', 'APPPATH\\Views\\superadmin\\arsip.php', 174)
 2 SYSTEMPATH\View\View.php(213): include('APPPATH\\Views\\superadmin\\arsip.php')
 3 SYSTEMPATH\View\View.php(216): CodeIgniter\View\View->CodeIgniter\View\{closure}()
 4 SYSTEMPATH\Common.php(1134): CodeIgniter\View\View->render('superadmin/arsip', [], true)
 5 APPPATH\Controllers\SuperAdmin\Arsip.php(23): view('superadmin/arsip', [...])
 6 SYSTEMPATH\CodeIgniter.php(927): App\Controllers\SuperAdmin\Arsip->index()
 7 SYSTEMPATH\CodeIgniter.php(482): CodeIgniter\CodeIgniter->runController(Object(App\Controllers\SuperAdmin\Arsip))
 8 SYSTEMPATH\CodeIgniter.php(351): CodeIgniter\CodeIgniter->handleRequest(null, Object(Config\Cache), false)
 9 FCPATH\index.php(67): CodeIgniter\CodeIgniter->run()
10 SYSTEMPATH\Commands\Server\rewrite.php(46): require_once('FCPATH\\index.php')
CRITICAL - 2023-06-12 01:08:01 --> Undefined variable $listProvinis
in APPPATH\Views\superadmin\arsip.php on line 174.
 1 APPPATH\Views\superadmin\arsip.php(174): CodeIgniter\Debug\Exceptions->errorHandler(2, 'Undefined variable $listProvinis', 'APPPATH\\Views\\superadmin\\arsip.php', 174)
 2 SYSTEMPATH\View\View.php(213): include('APPPATH\\Views\\superadmin\\arsip.php')
 3 SYSTEMPATH\View\View.php(216): CodeIgniter\View\View->CodeIgniter\View\{closure}()
 4 SYSTEMPATH\Common.php(1134): CodeIgniter\View\View->render('superadmin/arsip', [], true)
 5 APPPATH\Controllers\SuperAdmin\Arsip.php(23): view('superadmin/arsip', [...])
 6 SYSTEMPATH\CodeIgniter.php(927): App\Controllers\SuperAdmin\Arsip->index()
 7 SYSTEMPATH\CodeIgniter.php(482): CodeIgniter\CodeIgniter->runController(Object(App\Controllers\SuperAdmin\Arsip))
 8 SYSTEMPATH\CodeIgniter.php(351): CodeIgniter\CodeIgniter->handleRequest(null, Object(Config\Cache), false)
 9 FCPATH\index.php(67): CodeIgniter\CodeIgniter->run()
10 SYSTEMPATH\Commands\Server\rewrite.php(46): require_once('FCPATH\\index.php')
ERROR - 2023-06-12 01:09:57 --> mysqli_sql_exception: You have an error in your SQL syntax; check the manual that corresponds to your MariaDB server version for the right syntax to use near '), `nama` = 'asdasd', `tanggal` = '2023-06-12', `jenisFile` = 'bulanan'
WHERE...' at line 1 in C:\xampp\htdocs\si-biara\vendor\codeigniter4\framework\system\Database\MySQLi\Connection.php:292
Stack trace:
#0 C:\xampp\htdocs\si-biara\vendor\codeigniter4\framework\system\Database\MySQLi\Connection.php(292): mysqli->query('UPDATE `arsip` ...', 0)
#1 C:\xampp\htdocs\si-biara\vendor\codeigniter4\framework\system\Database\BaseConnection.php(666): CodeIgniter\Database\MySQLi\Connection->execute('UPDATE `arsip` ...')
#2 C:\xampp\htdocs\si-biara\vendor\codeigniter4\framework\system\Database\BaseConnection.php(593): CodeIgniter\Database\BaseConnection->simpleQuery('UPDATE `arsip` ...')
#3 C:\xampp\htdocs\si-biara\vendor\codeigniter4\framework\system\Database\BaseBuilder.php(2079): CodeIgniter\Database\BaseConnection->query('UPDATE `arsip` ...', Array, false)
#4 C:\xampp\htdocs\si-biara\vendor\codeigniter4\framework\system\Model.php(338): CodeIgniter\Database\BaseBuilder->update()
#5 C:\xampp\htdocs\si-biara\vendor\codeigniter4\framework\system\BaseModel.php(886): CodeIgniter\Model->doUpdate(Array, Array)
#6 C:\xampp\htdocs\si-biara\vendor\codeigniter4\framework\system\Model.php(693): CodeIgniter\BaseModel->update(Array, Array)
#7 C:\xampp\htdocs\si-biara\app\Controllers\SuperAdmin\Arsip.php(118): CodeIgniter\Model->update('11', Array)
#8 C:\xampp\htdocs\si-biara\vendor\codeigniter4\framework\system\CodeIgniter.php(927): App\Controllers\SuperAdmin\Arsip->update('11')
#9 C:\xampp\htdocs\si-biara\vendor\codeigniter4\framework\system\CodeIgniter.php(482): CodeIgniter\CodeIgniter->runController(Object(App\Controllers\SuperAdmin\Arsip))
#10 C:\xampp\htdocs\si-biara\vendor\codeigniter4\framework\system\CodeIgniter.php(351): CodeIgniter\CodeIgniter->handleRequest(NULL, Object(Config\Cache), false)
#11 C:\xampp\htdocs\si-biara\public\index.php(67): CodeIgniter\CodeIgniter->run()
#12 C:\xampp\htdocs\si-biara\vendor\codeigniter4\framework\system\Commands\Server\rewrite.php(46): require_once('C:\\xampp\\htdocs...')
#13 {main}
ERROR - 2023-06-12 01:13:14 --> mysqli_sql_exception: You have an error in your SQL syntax; check the manual that corresponds to your MariaDB server version for the right syntax to use near '), `nama` = 'asdasd', `tanggal` = '2023-06-12', `jenisFile` = 'tahunan'
WHERE...' at line 1 in C:\xampp\htdocs\si-biara\vendor\codeigniter4\framework\system\Database\MySQLi\Connection.php:292
Stack trace:
#0 C:\xampp\htdocs\si-biara\vendor\codeigniter4\framework\system\Database\MySQLi\Connection.php(292): mysqli->query('UPDATE `arsip` ...', 0)
#1 C:\xampp\htdocs\si-biara\vendor\codeigniter4\framework\system\Database\BaseConnection.php(666): CodeIgniter\Database\MySQLi\Connection->execute('UPDATE `arsip` ...')
#2 C:\xampp\htdocs\si-biara\vendor\codeigniter4\framework\system\Database\BaseConnection.php(593): CodeIgniter\Database\BaseConnection->simpleQuery('UPDATE `arsip` ...')
#3 C:\xampp\htdocs\si-biara\vendor\codeigniter4\framework\system\Database\BaseBuilder.php(2079): CodeIgniter\Database\BaseConnection->query('UPDATE `arsip` ...', Array, false)
#4 C:\xampp\htdocs\si-biara\vendor\codeigniter4\framework\system\Model.php(338): CodeIgniter\Database\BaseBuilder->update()
#5 C:\xampp\htdocs\si-biara\vendor\codeigniter4\framework\system\BaseModel.php(886): CodeIgniter\Model->doUpdate(Array, Array)
#6 C:\xampp\htdocs\si-biara\vendor\codeigniter4\framework\system\Model.php(693): CodeIgniter\BaseModel->update(Array, Array)
#7 C:\xampp\htdocs\si-biara\app\Controllers\SuperAdmin\Arsip.php(120): CodeIgniter\Model->update('11', Array)
#8 C:\xampp\htdocs\si-biara\vendor\codeigniter4\framework\system\CodeIgniter.php(927): App\Controllers\SuperAdmin\Arsip->update('11')
#9 C:\xampp\htdocs\si-biara\vendor\codeigniter4\framework\system\CodeIgniter.php(482): CodeIgniter\CodeIgniter->runController(Object(App\Controllers\SuperAdmin\Arsip))
#10 C:\xampp\htdocs\si-biara\vendor\codeigniter4\framework\system\CodeIgniter.php(351): CodeIgniter\CodeIgniter->handleRequest(NULL, Object(Config\Cache), false)
#11 C:\xampp\htdocs\si-biara\public\index.php(67): CodeIgniter\CodeIgniter->run()
#12 C:\xampp\htdocs\si-biara\vendor\codeigniter4\framework\system\Commands\Server\rewrite.php(46): require_once('C:\\xampp\\htdocs...')
#13 {main}
CRITICAL - 2023-06-12 01:35:11 --> Undefined variable $listProvinsi
in APPPATH\Views\superadmin\kegiatan.php on line 47.
 1 APPPATH\Views\superadmin\kegiatan.php(47): CodeIgniter\Debug\Exceptions->errorHandler(2, 'Undefined variable $listProvinsi', 'APPPATH\\Views\\superadmin\\kegiatan.php', 47)
 2 SYSTEMPATH\View\View.php(213): include('APPPATH\\Views\\superadmin\\kegiatan.php')
 3 SYSTEMPATH\View\View.php(216): CodeIgniter\View\View->CodeIgniter\View\{closure}()
 4 SYSTEMPATH\Common.php(1134): CodeIgniter\View\View->render('SuperAdmin/kegiatan', [], true)
 5 APPPATH\Controllers\SuperAdmin\Kegiatan.php(30): view('SuperAdmin/kegiatan', [...])
 6 SYSTEMPATH\CodeIgniter.php(927): App\Controllers\SuperAdmin\Kegiatan->index()
 7 SYSTEMPATH\CodeIgniter.php(482): CodeIgniter\CodeIgniter->runController(Object(App\Controllers\SuperAdmin\Kegiatan))
 8 SYSTEMPATH\CodeIgniter.php(351): CodeIgniter\CodeIgniter->handleRequest(null, Object(Config\Cache), false)
 9 FCPATH\index.php(67): CodeIgniter\CodeIgniter->run()
10 SYSTEMPATH\Commands\Server\rewrite.php(46): require_once('FCPATH\\index.php')
CRITICAL - 2023-06-12 01:37:33 --> Undefined variable $listProvinsi
in APPPATH\Views\superadmin\kegiatan.php on line 47.
 1 APPPATH\Views\superadmin\kegiatan.php(47): CodeIgniter\Debug\Exceptions->errorHandler(2, 'Undefined variable $listProvinsi', 'APPPATH\\Views\\superadmin\\kegiatan.php', 47)
 2 SYSTEMPATH\View\View.php(213): include('APPPATH\\Views\\superadmin\\kegiatan.php')
 3 SYSTEMPATH\View\View.php(216): CodeIgniter\View\View->CodeIgniter\View\{closure}()
 4 SYSTEMPATH\Common.php(1134): CodeIgniter\View\View->render('SuperAdmin/kegiatan', [], true)
 5 APPPATH\Controllers\SuperAdmin\Kegiatan.php(36): view('SuperAdmin/kegiatan', [...])
 6 SYSTEMPATH\CodeIgniter.php(927): App\Controllers\SuperAdmin\Kegiatan->index()
 7 SYSTEMPATH\CodeIgniter.php(482): CodeIgniter\CodeIgniter->runController(Object(App\Controllers\SuperAdmin\Kegiatan))
 8 SYSTEMPATH\CodeIgniter.php(351): CodeIgniter\CodeIgniter->handleRequest(null, Object(Config\Cache), false)
 9 FCPATH\index.php(67): CodeIgniter\CodeIgniter->run()
10 SYSTEMPATH\Commands\Server\rewrite.php(46): require_once('FCPATH\\index.php')
CRITICAL - 2023-06-12 01:40:49 --> Undefined variable $listProvinsi
in APPPATH\Views\superadmin\kegiatan.php on line 47.
 1 APPPATH\Views\superadmin\kegiatan.php(47): CodeIgniter\Debug\Exceptions->errorHandler(2, 'Undefined variable $listProvinsi', 'APPPATH\\Views\\superadmin\\kegiatan.php', 47)
 2 SYSTEMPATH\View\View.php(213): include('APPPATH\\Views\\superadmin\\kegiatan.php')
 3 SYSTEMPATH\View\View.php(216): CodeIgniter\View\View->CodeIgniter\View\{closure}()
 4 SYSTEMPATH\Common.php(1134): CodeIgniter\View\View->render('SuperAdmin/kegiatan', [], true)
 5 APPPATH\Controllers\SuperAdmin\Kegiatan.php(35): view('SuperAdmin/kegiatan', [...])
 6 SYSTEMPATH\CodeIgniter.php(927): App\Controllers\SuperAdmin\Kegiatan->index()
 7 SYSTEMPATH\CodeIgniter.php(482): CodeIgniter\CodeIgniter->runController(Object(App\Controllers\SuperAdmin\Kegiatan))
 8 SYSTEMPATH\CodeIgniter.php(351): CodeIgniter\CodeIgniter->handleRequest(null, Object(Config\Cache), false)
 9 FCPATH\index.php(67): CodeIgniter\CodeIgniter->run()
10 SYSTEMPATH\Commands\Server\rewrite.php(46): require_once('FCPATH\\index.php')
CRITICAL - 2023-06-12 01:42:36 --> Undefined array key "id"
in APPPATH\Views\superadmin\arsip.php on line 120.
 1 APPPATH\Views\superadmin\arsip.php(120): CodeIgniter\Debug\Exceptions->errorHandler(2, 'Undefined array key "id"', 'APPPATH\\Views\\superadmin\\arsip.php', 120)
 2 SYSTEMPATH\View\View.php(213): include('APPPATH\\Views\\superadmin\\arsip.php')
 3 SYSTEMPATH\View\View.php(216): CodeIgniter\View\View->CodeIgniter\View\{closure}()
 4 SYSTEMPATH\Common.php(1134): CodeIgniter\View\View->render('superadmin/arsip', [], true)
 5 APPPATH\Controllers\SuperAdmin\Arsip.php(23): view('superadmin/arsip', [...])
 6 SYSTEMPATH\CodeIgniter.php(927): App\Controllers\SuperAdmin\Arsip->index()
 7 SYSTEMPATH\CodeIgniter.php(482): CodeIgniter\CodeIgniter->runController(Object(App\Controllers\SuperAdmin\Arsip))
 8 SYSTEMPATH\CodeIgniter.php(351): CodeIgniter\CodeIgniter->handleRequest(null, Object(Config\Cache), false)
 9 FCPATH\index.php(67): CodeIgniter\CodeIgniter->run()
10 SYSTEMPATH\Commands\Server\rewrite.php(46): require_once('FCPATH\\index.php')
CRITICAL - 2023-06-12 01:42:46 --> Undefined array key "id"
in APPPATH\Views\superadmin\arsip.php on line 120.
 1 APPPATH\Views\superadmin\arsip.php(120): CodeIgniter\Debug\Exceptions->errorHandler(2, 'Undefined array key "id"', 'APPPATH\\Views\\superadmin\\arsip.php', 120)
 2 SYSTEMPATH\View\View.php(213): include('APPPATH\\Views\\superadmin\\arsip.php')
 3 SYSTEMPATH\View\View.php(216): CodeIgniter\View\View->CodeIgniter\View\{closure}()
 4 SYSTEMPATH\Common.php(1134): CodeIgniter\View\View->render('superadmin/arsip', [], true)
 5 APPPATH\Controllers\SuperAdmin\Arsip.php(23): view('superadmin/arsip', [...])
 6 SYSTEMPATH\CodeIgniter.php(927): App\Controllers\SuperAdmin\Arsip->index()
 7 SYSTEMPATH\CodeIgniter.php(482): CodeIgniter\CodeIgniter->runController(Object(App\Controllers\SuperAdmin\Arsip))
 8 SYSTEMPATH\CodeIgniter.php(351): CodeIgniter\CodeIgniter->handleRequest(null, Object(Config\Cache), false)
 9 FCPATH\index.php(67): CodeIgniter\CodeIgniter->run()
10 SYSTEMPATH\Commands\Server\rewrite.php(46): require_once('FCPATH\\index.php')
CRITICAL - 2023-06-12 02:55:36 --> Undefined array key "id"
in APPPATH\Views\superadmin\arsip.php on line 120.
 1 APPPATH\Views\superadmin\arsip.php(120): CodeIgniter\Debug\Exceptions->errorHandler(2, 'Undefined array key "id"', 'APPPATH\\Views\\superadmin\\arsip.php', 120)
 2 SYSTEMPATH\View\View.php(213): include('APPPATH\\Views\\superadmin\\arsip.php')
 3 SYSTEMPATH\View\View.php(216): CodeIgniter\View\View->CodeIgniter\View\{closure}()
 4 SYSTEMPATH\Common.php(1134): CodeIgniter\View\View->render('superadmin/arsip', [], true)
 5 APPPATH\Controllers\SuperAdmin\Arsip.php(23): view('superadmin/arsip', [...])
 6 SYSTEMPATH\CodeIgniter.php(927): App\Controllers\SuperAdmin\Arsip->index()
 7 SYSTEMPATH\CodeIgniter.php(482): CodeIgniter\CodeIgniter->runController(Object(App\Controllers\SuperAdmin\Arsip))
 8 SYSTEMPATH\CodeIgniter.php(351): CodeIgniter\CodeIgniter->handleRequest(null, Object(Config\Cache), false)
 9 FCPATH\index.php(67): CodeIgniter\CodeIgniter->run()
10 SYSTEMPATH\Commands\Server\rewrite.php(46): require_once('FCPATH\\index.php')
CRITICAL - 2023-06-12 02:56:30 --> Trying to access array offset on value of type null
in APPPATH\Views\superadmin\detailAnggota.php on line 27.
 1 APPPATH\Views\superadmin\detailAnggota.php(27): CodeIgniter\Debug\Exceptions->errorHandler(2, 'Trying to access array offset on value of type null', 'APPPATH\\Views\\superadmin\\detailAnggota.php', 27)
 2 SYSTEMPATH\View\View.php(213): include('APPPATH\\Views\\superadmin\\detailAnggota.php')
 3 SYSTEMPATH\View\View.php(216): CodeIgniter\View\View->CodeIgniter\View\{closure}()
 4 SYSTEMPATH\Common.php(1134): CodeIgniter\View\View->render('superAdmin/detailAnggota', [], true)
 5 APPPATH\Controllers\SuperAdmin\Anggota.php(211): view('superAdmin/detailAnggota', [...])
 6 SYSTEMPATH\CodeIgniter.php(927): App\Controllers\SuperAdmin\Anggota->detail('25')
 7 SYSTEMPATH\CodeIgniter.php(482): CodeIgniter\CodeIgniter->runController(Object(App\Controllers\SuperAdmin\Anggota))
 8 SYSTEMPATH\CodeIgniter.php(351): CodeIgniter\CodeIgniter->handleRequest(null, Object(Config\Cache), false)
 9 FCPATH\index.php(67): CodeIgniter\CodeIgniter->run()
10 SYSTEMPATH\Commands\Server\rewrite.php(46): require_once('FCPATH\\index.php')
ERROR - 2023-06-12 03:13:23 --> mysqli_sql_exception: Table 'si-biara.about' doesn't exist in C:\xampp\htdocs\si-biara\vendor\codeigniter4\framework\system\Database\MySQLi\Connection.php:292
Stack trace:
#0 C:\xampp\htdocs\si-biara\vendor\codeigniter4\framework\system\Database\MySQLi\Connection.php(292): mysqli->query('SELECT *\nFROM `...', 0)
#1 C:\xampp\htdocs\si-biara\vendor\codeigniter4\framework\system\Database\BaseConnection.php(666): CodeIgniter\Database\MySQLi\Connection->execute('SELECT *\nFROM `...')
#2 C:\xampp\htdocs\si-biara\vendor\codeigniter4\framework\system\Database\BaseConnection.php(593): CodeIgniter\Database\BaseConnection->simpleQuery('SELECT *\nFROM `...')
#3 C:\xampp\htdocs\si-biara\vendor\codeigniter4\framework\system\Database\BaseBuilder.php(1585): CodeIgniter\Database\BaseConnection->query('SELECT *\nFROM `...', Array, false)
#4 C:\xampp\htdocs\si-biara\vendor\codeigniter4\framework\system\Model.php(250): CodeIgniter\Database\BaseBuilder->get()
#5 C:\xampp\htdocs\si-biara\vendor\codeigniter4\framework\system\BaseModel.php(623): CodeIgniter\Model->doFirst()
#6 C:\xampp\htdocs\si-biara\app\Controllers\SuperAdmin\About.php(22): CodeIgniter\BaseModel->first()
#7 C:\xampp\htdocs\si-biara\vendor\codeigniter4\framework\system\CodeIgniter.php(927): App\Controllers\SuperAdmin\About->index()
#8 C:\xampp\htdocs\si-biara\vendor\codeigniter4\framework\system\CodeIgniter.php(482): CodeIgniter\CodeIgniter->runController(Object(App\Controllers\SuperAdmin\About))
#9 C:\xampp\htdocs\si-biara\vendor\codeigniter4\framework\system\CodeIgniter.php(351): CodeIgniter\CodeIgniter->handleRequest(NULL, Object(Config\Cache), false)
#10 C:\xampp\htdocs\si-biara\public\index.php(67): CodeIgniter\CodeIgniter->run()
#11 C:\xampp\htdocs\si-biara\vendor\codeigniter4\framework\system\Commands\Server\rewrite.php(46): require_once('C:\\xampp\\htdocs...')
#12 {main}
CRITICAL - 2023-06-12 03:13:23 --> Call to a member function getFirstRow() on bool
in SYSTEMPATH\Model.php on line 250.
 1 SYSTEMPATH\BaseModel.php(623): CodeIgniter\Model->doFirst()
 2 APPPATH\Controllers\SuperAdmin\About.php(22): CodeIgniter\BaseModel->first()
 3 SYSTEMPATH\CodeIgniter.php(927): App\Controllers\SuperAdmin\About->index()
 4 SYSTEMPATH\CodeIgniter.php(482): CodeIgniter\CodeIgniter->runController(Object(App\Controllers\SuperAdmin\About))
 5 SYSTEMPATH\CodeIgniter.php(351): CodeIgniter\CodeIgniter->handleRequest(null, Object(Config\Cache), false)
 6 FCPATH\index.php(67): CodeIgniter\CodeIgniter->run()
 7 SYSTEMPATH\Commands\Server\rewrite.php(46): require_once('FCPATH\\index.php')
ERROR - 2023-06-12 03:13:27 --> mysqli_sql_exception: Table 'si-biara.about' doesn't exist in C:\xampp\htdocs\si-biara\vendor\codeigniter4\framework\system\Database\MySQLi\Connection.php:292
Stack trace:
#0 C:\xampp\htdocs\si-biara\vendor\codeigniter4\framework\system\Database\MySQLi\Connection.php(292): mysqli->query('SELECT *\nFROM `...', 0)
#1 C:\xampp\htdocs\si-biara\vendor\codeigniter4\framework\system\Database\BaseConnection.php(666): CodeIgniter\Database\MySQLi\Connection->execute('SELECT *\nFROM `...')
#2 C:\xampp\htdocs\si-biara\vendor\codeigniter4\framework\system\Database\BaseConnection.php(593): CodeIgniter\Database\BaseConnection->simpleQuery('SELECT *\nFROM `...')
#3 C:\xampp\htdocs\si-biara\vendor\codeigniter4\framework\system\Database\BaseBuilder.php(1585): CodeIgniter\Database\BaseConnection->query('SELECT *\nFROM `...', Array, false)
#4 C:\xampp\htdocs\si-biara\vendor\codeigniter4\framework\system\Model.php(250): CodeIgniter\Database\BaseBuilder->get()
#5 C:\xampp\htdocs\si-biara\vendor\codeigniter4\framework\system\BaseModel.php(623): CodeIgniter\Model->doFirst()
#6 C:\xampp\htdocs\si-biara\app\Controllers\SuperAdmin\About.php(22): CodeIgniter\BaseModel->first()
#7 C:\xampp\htdocs\si-biara\vendor\codeigniter4\framework\system\CodeIgniter.php(927): App\Controllers\SuperAdmin\About->index()
#8 C:\xampp\htdocs\si-biara\vendor\codeigniter4\framework\system\CodeIgniter.php(482): CodeIgniter\CodeIgniter->runController(Object(App\Controllers\SuperAdmin\About))
#9 C:\xampp\htdocs\si-biara\vendor\codeigniter4\framework\system\CodeIgniter.php(351): CodeIgniter\CodeIgniter->handleRequest(NULL, Object(Config\Cache), false)
#10 C:\xampp\htdocs\si-biara\public\index.php(67): CodeIgniter\CodeIgniter->run()
#11 C:\xampp\htdocs\si-biara\vendor\codeigniter4\framework\system\Commands\Server\rewrite.php(46): require_once('C:\\xampp\\htdocs...')
#12 {main}
CRITICAL - 2023-06-12 03:13:27 --> Call to a member function getFirstRow() on bool
in SYSTEMPATH\Model.php on line 250.
 1 SYSTEMPATH\BaseModel.php(623): CodeIgniter\Model->doFirst()
 2 APPPATH\Controllers\SuperAdmin\About.php(22): CodeIgniter\BaseModel->first()
 3 SYSTEMPATH\CodeIgniter.php(927): App\Controllers\SuperAdmin\About->index()
 4 SYSTEMPATH\CodeIgniter.php(482): CodeIgniter\CodeIgniter->runController(Object(App\Controllers\SuperAdmin\About))
 5 SYSTEMPATH\CodeIgniter.php(351): CodeIgniter\CodeIgniter->handleRequest(null, Object(Config\Cache), false)
 6 FCPATH\index.php(67): CodeIgniter\CodeIgniter->run()
 7 SYSTEMPATH\Commands\Server\rewrite.php(46): require_once('FCPATH\\index.php')
ERROR - 2023-06-12 03:19:01 --> mysqli_sql_exception: Table 'si-biara.about' doesn't exist in C:\xampp\htdocs\si-biara\vendor\codeigniter4\framework\system\Database\MySQLi\Connection.php:292
Stack trace:
#0 C:\xampp\htdocs\si-biara\vendor\codeigniter4\framework\system\Database\MySQLi\Connection.php(292): mysqli->query('SELECT *\nFROM `...', 0)
#1 C:\xampp\htdocs\si-biara\vendor\codeigniter4\framework\system\Database\BaseConnection.php(666): CodeIgniter\Database\MySQLi\Connection->execute('SELECT *\nFROM `...')
#2 C:\xampp\htdocs\si-biara\vendor\codeigniter4\framework\system\Database\BaseConnection.php(593): CodeIgniter\Database\BaseConnection->simpleQuery('SELECT *\nFROM `...')
#3 C:\xampp\htdocs\si-biara\vendor\codeigniter4\framework\system\Database\BaseBuilder.php(1585): CodeIgniter\Database\BaseConnection->query('SELECT *\nFROM `...', Array, false)
#4 C:\xampp\htdocs\si-biara\vendor\codeigniter4\framework\system\Model.php(182): CodeIgniter\Database\BaseBuilder->get()
#5 C:\xampp\htdocs\si-biara\vendor\codeigniter4\framework\system\BaseModel.php(524): CodeIgniter\Model->doFind(true, 1)
#6 C:\xampp\htdocs\si-biara\app\Controllers\About.php(19): CodeIgniter\BaseModel->find(1)
#7 C:\xampp\htdocs\si-biara\vendor\codeigniter4\framework\system\CodeIgniter.php(927): App\Controllers\About->index()
#8 C:\xampp\htdocs\si-biara\vendor\codeigniter4\framework\system\CodeIgniter.php(482): CodeIgniter\CodeIgniter->runController(Object(App\Controllers\About))
#9 C:\xampp\htdocs\si-biara\vendor\codeigniter4\framework\system\CodeIgniter.php(351): CodeIgniter\CodeIgniter->handleRequest(NULL, Object(Config\Cache), false)
#10 C:\xampp\htdocs\si-biara\public\index.php(67): CodeIgniter\CodeIgniter->run()
#11 C:\xampp\htdocs\si-biara\vendor\codeigniter4\framework\system\Commands\Server\rewrite.php(46): require_once('C:\\xampp\\htdocs...')
#12 {main}
CRITICAL - 2023-06-12 03:19:01 --> Call to a member function getFirstRow() on bool
in SYSTEMPATH\Model.php on line 183.
 1 SYSTEMPATH\BaseModel.php(524): CodeIgniter\Model->doFind(true, 1)
 2 APPPATH\Controllers\About.php(19): CodeIgniter\BaseModel->find(1)
 3 SYSTEMPATH\CodeIgniter.php(927): App\Controllers\About->index()
 4 SYSTEMPATH\CodeIgniter.php(482): CodeIgniter\CodeIgniter->runController(Object(App\Controllers\About))
 5 SYSTEMPATH\CodeIgniter.php(351): CodeIgniter\CodeIgniter->handleRequest(null, Object(Config\Cache), false)
 6 FCPATH\index.php(67): CodeIgniter\CodeIgniter->run()
 7 SYSTEMPATH\Commands\Server\rewrite.php(46): require_once('FCPATH\\index.php')
ERROR - 2023-06-12 03:42:36 --> mysqli_sql_exception: Table 'si-biara.about' doesn't exist in C:\xampp\htdocs\si-biara\vendor\codeigniter4\framework\system\Database\MySQLi\Connection.php:292
Stack trace:
#0 C:\xampp\htdocs\si-biara\vendor\codeigniter4\framework\system\Database\MySQLi\Connection.php(292): mysqli->query('SELECT *\nFROM `...', 0)
#1 C:\xampp\htdocs\si-biara\vendor\codeigniter4\framework\system\Database\BaseConnection.php(666): CodeIgniter\Database\MySQLi\Connection->execute('SELECT *\nFROM `...')
#2 C:\xampp\htdocs\si-biara\vendor\codeigniter4\framework\system\Database\BaseConnection.php(593): CodeIgniter\Database\BaseConnection->simpleQuery('SELECT *\nFROM `...')
#3 C:\xampp\htdocs\si-biara\vendor\codeigniter4\framework\system\Database\BaseBuilder.php(1585): CodeIgniter\Database\BaseConnection->query('SELECT *\nFROM `...', Array, false)
#4 C:\xampp\htdocs\si-biara\vendor\codeigniter4\framework\system\Model.php(182): CodeIgniter\Database\BaseBuilder->get()
#5 C:\xampp\htdocs\si-biara\vendor\codeigniter4\framework\system\BaseModel.php(524): CodeIgniter\Model->doFind(true, 1)
#6 C:\xampp\htdocs\si-biara\app\Controllers\About.php(19): CodeIgniter\BaseModel->find(1)
#7 C:\xampp\htdocs\si-biara\vendor\codeigniter4\framework\system\CodeIgniter.php(927): App\Controllers\About->index()
#8 C:\xampp\htdocs\si-biara\vendor\codeigniter4\framework\system\CodeIgniter.php(482): CodeIgniter\CodeIgniter->runController(Object(App\Controllers\About))
#9 C:\xampp\htdocs\si-biara\vendor\codeigniter4\framework\system\CodeIgniter.php(351): CodeIgniter\CodeIgniter->handleRequest(NULL, Object(Config\Cache), false)
#10 C:\xampp\htdocs\si-biara\public\index.php(67): CodeIgniter\CodeIgniter->run()
#11 C:\xampp\htdocs\si-biara\vendor\codeigniter4\framework\system\Commands\Server\rewrite.php(46): require_once('C:\\xampp\\htdocs...')
#12 {main}
CRITICAL - 2023-06-12 03:42:36 --> Call to a member function getFirstRow() on bool
in SYSTEMPATH\Model.php on line 183.
 1 SYSTEMPATH\BaseModel.php(524): CodeIgniter\Model->doFind(true, 1)
 2 APPPATH\Controllers\About.php(19): CodeIgniter\BaseModel->find(1)
 3 SYSTEMPATH\CodeIgniter.php(927): App\Controllers\About->index()
 4 SYSTEMPATH\CodeIgniter.php(482): CodeIgniter\CodeIgniter->runController(Object(App\Controllers\About))
 5 SYSTEMPATH\CodeIgniter.php(351): CodeIgniter\CodeIgniter->handleRequest(null, Object(Config\Cache), false)
 6 FCPATH\index.php(67): CodeIgniter\CodeIgniter->run()
 7 SYSTEMPATH\Commands\Server\rewrite.php(46): require_once('FCPATH\\index.php')
