CRITICAL - 2023-06-15 00:25:48 --> Undefined array key "file"
in APPPATH\Controllers\SuperAdmin\Anggota.php on line 203.
 1 APPPATH\Controllers\SuperAdmin\Anggota.php(203): CodeIgniter\Debug\Exceptions->errorHandler(2, 'Undefined array key "file"', 'APPPATH\\Controllers\\SuperAdmin\\Anggota.php', 203)
 2 SYSTEMPATH\CodeIgniter.php(927): App\Controllers\SuperAdmin\Anggota->update('25')
 3 SYSTEMPATH\CodeIgniter.php(482): CodeIgniter\CodeIgniter->runController(Object(App\Controllers\SuperAdmin\Anggota))
 4 SYSTEMPATH\CodeIgniter.php(351): CodeIgniter\CodeIgniter->handleRequest(null, Object(Config\Cache), false)
 5 FCPATH\index.php(67): CodeIgniter\CodeIgniter->run()
 6 SYSTEMPATH\Commands\Server\rewrite.php(46): require_once('FCPATH\\index.php')
CRITICAL - 2023-06-15 00:26:37 --> Undefined array key "file"
in APPPATH\Controllers\SuperAdmin\Anggota.php on line 203.
 1 APPPATH\Controllers\SuperAdmin\Anggota.php(203): CodeIgniter\Debug\Exceptions->errorHandler(2, 'Undefined array key "file"', 'APPPATH\\Controllers\\SuperAdmin\\Anggota.php', 203)
 2 SYSTEMPATH\CodeIgniter.php(927): App\Controllers\SuperAdmin\Anggota->update('25')
 3 SYSTEMPATH\CodeIgniter.php(482): CodeIgniter\CodeIgniter->runController(Object(App\Controllers\SuperAdmin\Anggota))
 4 SYSTEMPATH\CodeIgniter.php(351): CodeIgniter\CodeIgniter->handleRequest(null, Object(Config\Cache), false)
 5 FCPATH\index.php(67): CodeIgniter\CodeIgniter->run()
 6 SYSTEMPATH\Commands\Server\rewrite.php(46): require_once('FCPATH\\index.php')
CRITICAL - 2023-06-15 00:26:51 --> unlink(upload/berkas/): Is a directory
in APPPATH\Controllers\SuperAdmin\Anggota.php on line 203.
 1 [internal function]: CodeIgniter\Debug\Exceptions->errorHandler(2, 'unlink(upload/berkas/): Is a directory', 'APPPATH\\Controllers\\SuperAdmin\\Anggota.php', 203)
 2 APPPATH\Controllers\SuperAdmin\Anggota.php(203): unlink('FCPATH\\upload\\berkas')
 3 SYSTEMPATH\CodeIgniter.php(927): App\Controllers\SuperAdmin\Anggota->update('25')
 4 SYSTEMPATH\CodeIgniter.php(482): CodeIgniter\CodeIgniter->runController(Object(App\Controllers\SuperAdmin\Anggota))
 5 SYSTEMPATH\CodeIgniter.php(351): CodeIgniter\CodeIgniter->handleRequest(null, Object(Config\Cache), false)
 6 FCPATH\index.php(67): CodeIgniter\CodeIgniter->run()
 7 SYSTEMPATH\Commands\Server\rewrite.php(46): require_once('FCPATH\\index.php')
CRITICAL - 2023-06-15 00:27:28 --> unlink(upload/berkas/): Is a directory
in APPPATH\Controllers\SuperAdmin\Anggota.php on line 204.
 1 [internal function]: CodeIgniter\Debug\Exceptions->errorHandler(2, 'unlink(upload/berkas/): Is a directory', 'APPPATH\\Controllers\\SuperAdmin\\Anggota.php', 204)
 2 APPPATH\Controllers\SuperAdmin\Anggota.php(204): unlink('FCPATH\\upload\\berkas')
 3 SYSTEMPATH\CodeIgniter.php(927): App\Controllers\SuperAdmin\Anggota->update('25')
 4 SYSTEMPATH\CodeIgniter.php(482): CodeIgniter\CodeIgniter->runController(Object(App\Controllers\SuperAdmin\Anggota))
 5 SYSTEMPATH\CodeIgniter.php(351): CodeIgniter\CodeIgniter->handleRequest(null, Object(Config\Cache), false)
 6 FCPATH\index.php(67): CodeIgniter\CodeIgniter->run()
 7 SYSTEMPATH\Commands\Server\rewrite.php(46): require_once('FCPATH\\index.php')
CRITICAL - 2023-06-15 00:58:35 --> unlink(upload/berkas/): Is a directory
in APPPATH\Controllers\SuperAdmin\Anggota.php on line 205.
 1 [internal function]: CodeIgniter\Debug\Exceptions->errorHandler(2, 'unlink(upload/berkas/): Is a directory', 'APPPATH\\Controllers\\SuperAdmin\\Anggota.php', 205)
 2 APPPATH\Controllers\SuperAdmin\Anggota.php(205): unlink('FCPATH\\upload\\berkas')
 3 SYSTEMPATH\CodeIgniter.php(927): App\Controllers\SuperAdmin\Anggota->update('23')
 4 SYSTEMPATH\CodeIgniter.php(482): CodeIgniter\CodeIgniter->runController(Object(App\Controllers\SuperAdmin\Anggota))
 5 SYSTEMPATH\CodeIgniter.php(351): CodeIgniter\CodeIgniter->handleRequest(null, Object(Config\Cache), false)
 6 FCPATH\index.php(67): CodeIgniter\CodeIgniter->run()
 7 SYSTEMPATH\Commands\Server\rewrite.php(46): require_once('FCPATH\\index.php')
CRITICAL - 2023-06-15 01:04:56 --> unlink(upload/profil/file-1686808735_510683349eb0c1ba4d8e.pdf): No such file or directory
in APPPATH\Controllers\SuperAdmin\Anggota.php on line 199.
 1 [internal function]: CodeIgniter\Debug\Exceptions->errorHandler(2, 'unlink(upload/profil/file-1686808735_510683349eb0c1ba4d8e.pdf): No such file or directory', 'APPPATH\\Controllers\\SuperAdmin\\Anggota.php', 199)
 2 APPPATH\Controllers\SuperAdmin\Anggota.php(199): unlink('upload/profil/file-1686808735_510683349eb0c1ba4d8e.pdf')
 3 SYSTEMPATH\CodeIgniter.php(927): App\Controllers\SuperAdmin\Anggota->update('23')
 4 SYSTEMPATH\CodeIgniter.php(482): CodeIgniter\CodeIgniter->runController(Object(App\Controllers\SuperAdmin\Anggota))
 5 SYSTEMPATH\CodeIgniter.php(351): CodeIgniter\CodeIgniter->handleRequest(null, Object(Config\Cache), false)
 6 FCPATH\index.php(67): CodeIgniter\CodeIgniter->run()
 7 SYSTEMPATH\Commands\Server\rewrite.php(46): require_once('FCPATH\\index.php')
CRITICAL - 2023-06-15 06:33:19 --> Trying to access array offset on value of type null
in APPPATH\Views\superadmin\hasilBelajar.php on line 27.
 1 APPPATH\Views\superadmin\hasilBelajar.php(27): CodeIgniter\Debug\Exceptions->errorHandler(2, 'Trying to access array offset on value of type null', 'APPPATH\\Views\\superadmin\\hasilBelajar.php', 27)
 2 SYSTEMPATH\View\View.php(213): include('APPPATH\\Views\\superadmin\\hasilBelajar.php')
 3 SYSTEMPATH\View\View.php(216): CodeIgniter\View\View->CodeIgniter\View\{closure}()
 4 SYSTEMPATH\Common.php(1134): CodeIgniter\View\View->render('superAdmin/hasilBelajar', [], true)
 5 APPPATH\Controllers\SuperAdmin\Anggota.php(517): view('superAdmin/hasilBelajar', [...])
 6 SYSTEMPATH\CodeIgniter.php(927): App\Controllers\SuperAdmin\Anggota->student('25')
 7 SYSTEMPATH\CodeIgniter.php(482): CodeIgniter\CodeIgniter->runController(Object(App\Controllers\SuperAdmin\Anggota))
 8 SYSTEMPATH\CodeIgniter.php(351): CodeIgniter\CodeIgniter->handleRequest(null, Object(Config\Cache), false)
 9 FCPATH\index.php(67): CodeIgniter\CodeIgniter->run()
10 SYSTEMPATH\Commands\Server\rewrite.php(46): require_once('FCPATH\\index.php')
CRITICAL - 2023-06-15 06:33:25 --> Trying to access array offset on value of type null
in APPPATH\Views\superadmin\hasilBelajar.php on line 27.
 1 APPPATH\Views\superadmin\hasilBelajar.php(27): CodeIgniter\Debug\Exceptions->errorHandler(2, 'Trying to access array offset on value of type null', 'APPPATH\\Views\\superadmin\\hasilBelajar.php', 27)
 2 SYSTEMPATH\View\View.php(213): include('APPPATH\\Views\\superadmin\\hasilBelajar.php')
 3 SYSTEMPATH\View\View.php(216): CodeIgniter\View\View->CodeIgniter\View\{closure}()
 4 SYSTEMPATH\Common.php(1134): CodeIgniter\View\View->render('superAdmin/hasilBelajar', [], true)
 5 APPPATH\Controllers\SuperAdmin\Anggota.php(517): view('superAdmin/hasilBelajar', [...])
 6 SYSTEMPATH\CodeIgniter.php(927): App\Controllers\SuperAdmin\Anggota->student('25')
 7 SYSTEMPATH\CodeIgniter.php(482): CodeIgniter\CodeIgniter->runController(Object(App\Controllers\SuperAdmin\Anggota))
 8 SYSTEMPATH\CodeIgniter.php(351): CodeIgniter\CodeIgniter->handleRequest(null, Object(Config\Cache), false)
 9 FCPATH\index.php(67): CodeIgniter\CodeIgniter->run()
10 SYSTEMPATH\Commands\Server\rewrite.php(46): require_once('FCPATH\\index.php')
CRITICAL - 2023-06-15 06:35:24 --> Trying to access array offset on value of type null
in APPPATH\Views\superadmin\hasilBelajar.php on line 27.
 1 APPPATH\Views\superadmin\hasilBelajar.php(27): CodeIgniter\Debug\Exceptions->errorHandler(2, 'Trying to access array offset on value of type null', 'APPPATH\\Views\\superadmin\\hasilBelajar.php', 27)
 2 SYSTEMPATH\View\View.php(213): include('APPPATH\\Views\\superadmin\\hasilBelajar.php')
 3 SYSTEMPATH\View\View.php(216): CodeIgniter\View\View->CodeIgniter\View\{closure}()
 4 SYSTEMPATH\Common.php(1134): CodeIgniter\View\View->render('superAdmin/hasilBelajar', [], true)
 5 APPPATH\Controllers\SuperAdmin\Anggota.php(517): view('superAdmin/hasilBelajar', [...])
 6 SYSTEMPATH\CodeIgniter.php(927): App\Controllers\SuperAdmin\Anggota->student('25')
 7 SYSTEMPATH\CodeIgniter.php(482): CodeIgniter\CodeIgniter->runController(Object(App\Controllers\SuperAdmin\Anggota))
 8 SYSTEMPATH\CodeIgniter.php(351): CodeIgniter\CodeIgniter->handleRequest(null, Object(Config\Cache), false)
 9 FCPATH\index.php(67): CodeIgniter\CodeIgniter->run()
10 SYSTEMPATH\Commands\Server\rewrite.php(46): require_once('FCPATH\\index.php')
CRITICAL - 2023-06-15 06:35:51 --> Trying to access array offset on value of type null
in APPPATH\Views\superadmin\hasilBelajar.php on line 27.
 1 APPPATH\Views\superadmin\hasilBelajar.php(27): CodeIgniter\Debug\Exceptions->errorHandler(2, 'Trying to access array offset on value of type null', 'APPPATH\\Views\\superadmin\\hasilBelajar.php', 27)
 2 SYSTEMPATH\View\View.php(213): include('APPPATH\\Views\\superadmin\\hasilBelajar.php')
 3 SYSTEMPATH\View\View.php(216): CodeIgniter\View\View->CodeIgniter\View\{closure}()
 4 SYSTEMPATH\Common.php(1134): CodeIgniter\View\View->render('superAdmin/hasilBelajar', [], true)
 5 APPPATH\Controllers\SuperAdmin\Anggota.php(517): view('superAdmin/hasilBelajar', [...])
 6 SYSTEMPATH\CodeIgniter.php(927): App\Controllers\SuperAdmin\Anggota->student('25')
 7 SYSTEMPATH\CodeIgniter.php(482): CodeIgniter\CodeIgniter->runController(Object(App\Controllers\SuperAdmin\Anggota))
 8 SYSTEMPATH\CodeIgniter.php(351): CodeIgniter\CodeIgniter->handleRequest(null, Object(Config\Cache), false)
 9 FCPATH\index.php(67): CodeIgniter\CodeIgniter->run()
10 SYSTEMPATH\Commands\Server\rewrite.php(46): require_once('FCPATH\\index.php')
CRITICAL - 2023-06-15 06:36:29 --> Trying to access array offset on value of type null
in APPPATH\Views\superadmin\hasilBelajar.php on line 27.
 1 APPPATH\Views\superadmin\hasilBelajar.php(27): CodeIgniter\Debug\Exceptions->errorHandler(2, 'Trying to access array offset on value of type null', 'APPPATH\\Views\\superadmin\\hasilBelajar.php', 27)
 2 SYSTEMPATH\View\View.php(213): include('APPPATH\\Views\\superadmin\\hasilBelajar.php')
 3 SYSTEMPATH\View\View.php(216): CodeIgniter\View\View->CodeIgniter\View\{closure}()
 4 SYSTEMPATH\Common.php(1134): CodeIgniter\View\View->render('superAdmin/hasilBelajar', [], true)
 5 APPPATH\Controllers\SuperAdmin\Anggota.php(517): view('superAdmin/hasilBelajar', [...])
 6 SYSTEMPATH\CodeIgniter.php(927): App\Controllers\SuperAdmin\Anggota->student('25')
 7 SYSTEMPATH\CodeIgniter.php(482): CodeIgniter\CodeIgniter->runController(Object(App\Controllers\SuperAdmin\Anggota))
 8 SYSTEMPATH\CodeIgniter.php(351): CodeIgniter\CodeIgniter->handleRequest(null, Object(Config\Cache), false)
 9 FCPATH\index.php(67): CodeIgniter\CodeIgniter->run()
10 SYSTEMPATH\Commands\Server\rewrite.php(46): require_once('FCPATH\\index.php')
CRITICAL - 2023-06-15 06:36:35 --> Trying to access array offset on value of type null
in APPPATH\Views\superadmin\hasilBelajar.php on line 27.
 1 APPPATH\Views\superadmin\hasilBelajar.php(27): CodeIgniter\Debug\Exceptions->errorHandler(2, 'Trying to access array offset on value of type null', 'APPPATH\\Views\\superadmin\\hasilBelajar.php', 27)
 2 SYSTEMPATH\View\View.php(213): include('APPPATH\\Views\\superadmin\\hasilBelajar.php')
 3 SYSTEMPATH\View\View.php(216): CodeIgniter\View\View->CodeIgniter\View\{closure}()
 4 SYSTEMPATH\Common.php(1134): CodeIgniter\View\View->render('superAdmin/hasilBelajar', [], true)
 5 APPPATH\Controllers\SuperAdmin\Anggota.php(517): view('superAdmin/hasilBelajar', [...])
 6 SYSTEMPATH\CodeIgniter.php(927): App\Controllers\SuperAdmin\Anggota->student('25')
 7 SYSTEMPATH\CodeIgniter.php(482): CodeIgniter\CodeIgniter->runController(Object(App\Controllers\SuperAdmin\Anggota))
 8 SYSTEMPATH\CodeIgniter.php(351): CodeIgniter\CodeIgniter->handleRequest(null, Object(Config\Cache), false)
 9 FCPATH\index.php(67): CodeIgniter\CodeIgniter->run()
10 SYSTEMPATH\Commands\Server\rewrite.php(46): require_once('FCPATH\\index.php')
CRITICAL - 2023-06-15 06:36:38 --> Trying to access array offset on value of type null
in APPPATH\Views\superadmin\hasilBelajar.php on line 27.
 1 APPPATH\Views\superadmin\hasilBelajar.php(27): CodeIgniter\Debug\Exceptions->errorHandler(2, 'Trying to access array offset on value of type null', 'APPPATH\\Views\\superadmin\\hasilBelajar.php', 27)
 2 SYSTEMPATH\View\View.php(213): include('APPPATH\\Views\\superadmin\\hasilBelajar.php')
 3 SYSTEMPATH\View\View.php(216): CodeIgniter\View\View->CodeIgniter\View\{closure}()
 4 SYSTEMPATH\Common.php(1134): CodeIgniter\View\View->render('superAdmin/hasilBelajar', [], true)
 5 APPPATH\Controllers\SuperAdmin\Anggota.php(517): view('superAdmin/hasilBelajar', [...])
 6 SYSTEMPATH\CodeIgniter.php(927): App\Controllers\SuperAdmin\Anggota->student('25')
 7 SYSTEMPATH\CodeIgniter.php(482): CodeIgniter\CodeIgniter->runController(Object(App\Controllers\SuperAdmin\Anggota))
 8 SYSTEMPATH\CodeIgniter.php(351): CodeIgniter\CodeIgniter->handleRequest(null, Object(Config\Cache), false)
 9 FCPATH\index.php(67): CodeIgniter\CodeIgniter->run()
10 SYSTEMPATH\Commands\Server\rewrite.php(46): require_once('FCPATH\\index.php')
CRITICAL - 2023-06-15 06:37:02 --> Trying to access array offset on value of type null
in APPPATH\Views\admin\hasilBelajar.php on line 27.
 1 APPPATH\Views\admin\hasilBelajar.php(27): CodeIgniter\Debug\Exceptions->errorHandler(2, 'Trying to access array offset on value of type null', 'APPPATH\\Views\\admin\\hasilBelajar.php', 27)
 2 SYSTEMPATH\View\View.php(213): include('APPPATH\\Views\\admin\\hasilBelajar.php')
 3 SYSTEMPATH\View\View.php(216): CodeIgniter\View\View->CodeIgniter\View\{closure}()
 4 SYSTEMPATH\Common.php(1134): CodeIgniter\View\View->render('admin/hasilBelajar', [], true)
 5 APPPATH\Controllers\Admin\Anggota.php(377): view('admin/hasilBelajar', [...])
 6 SYSTEMPATH\CodeIgniter.php(927): App\Controllers\Admin\Anggota->student('25')
 7 SYSTEMPATH\CodeIgniter.php(482): CodeIgniter\CodeIgniter->runController(Object(App\Controllers\Admin\Anggota))
 8 SYSTEMPATH\CodeIgniter.php(351): CodeIgniter\CodeIgniter->handleRequest(null, Object(Config\Cache), false)
 9 FCPATH\index.php(67): CodeIgniter\CodeIgniter->run()
10 SYSTEMPATH\Commands\Server\rewrite.php(46): require_once('FCPATH\\index.php')
CRITICAL - 2023-06-15 06:38:04 --> Trying to access array offset on value of type null
in APPPATH\Views\admin\detailAnggota.php on line 27.
 1 APPPATH\Views\admin\detailAnggota.php(27): CodeIgniter\Debug\Exceptions->errorHandler(2, 'Trying to access array offset on value of type null', 'APPPATH\\Views\\admin\\detailAnggota.php', 27)
 2 SYSTEMPATH\View\View.php(213): include('APPPATH\\Views\\admin\\detailAnggota.php')
 3 SYSTEMPATH\View\View.php(216): CodeIgniter\View\View->CodeIgniter\View\{closure}()
 4 SYSTEMPATH\Common.php(1134): CodeIgniter\View\View->render('admin/detailAnggota', [], true)
 5 APPPATH\Controllers\Admin\Anggota.php(187): view('admin/detailAnggota', [...])
 6 SYSTEMPATH\CodeIgniter.php(927): App\Controllers\Admin\Anggota->detail('25')
 7 SYSTEMPATH\CodeIgniter.php(482): CodeIgniter\CodeIgniter->runController(Object(App\Controllers\Admin\Anggota))
 8 SYSTEMPATH\CodeIgniter.php(351): CodeIgniter\CodeIgniter->handleRequest(null, Object(Config\Cache), false)
 9 FCPATH\index.php(67): CodeIgniter\CodeIgniter->run()
10 SYSTEMPATH\Commands\Server\rewrite.php(46): require_once('FCPATH\\index.php')
ERROR - 2023-06-15 06:54:06 --> mysqli_sql_exception: Table 'si-biara.about' doesn't exist in C:\xampp\htdocs\si-biara\vendor\codeigniter4\framework\system\Database\MySQLi\Connection.php:292
Stack trace:
#0 C:\xampp\htdocs\si-biara\vendor\codeigniter4\framework\system\Database\MySQLi\Connection.php(292): mysqli->query('SELECT *\nFROM `...', 0)
#1 C:\xampp\htdocs\si-biara\vendor\codeigniter4\framework\system\Database\BaseConnection.php(666): CodeIgniter\Database\MySQLi\Connection->execute('SELECT *\nFROM `...')
#2 C:\xampp\htdocs\si-biara\vendor\codeigniter4\framework\system\Database\BaseConnection.php(593): CodeIgniter\Database\BaseConnection->simpleQuery('SELECT *\nFROM `...')
#3 C:\xampp\htdocs\si-biara\vendor\codeigniter4\framework\system\Database\BaseBuilder.php(1585): CodeIgniter\Database\BaseConnection->query('SELECT *\nFROM `...', Array, false)
#4 C:\xampp\htdocs\si-biara\vendor\codeigniter4\framework\system\Model.php(182): CodeIgniter\Database\BaseBuilder->get()
#5 C:\xampp\htdocs\si-biara\vendor\codeigniter4\framework\system\BaseModel.php(524): CodeIgniter\Model->doFind(true, 1)
#6 C:\xampp\htdocs\si-biara\app\Controllers\About.php(19): CodeIgniter\BaseModel->find(1)
#7 C:\xampp\htdocs\si-biara\vendor\codeigniter4\framework\system\CodeIgniter.php(927): App\Controllers\About->index()
#8 C:\xampp\htdocs\si-biara\vendor\codeigniter4\framework\system\CodeIgniter.php(482): CodeIgniter\CodeIgniter->runController(Object(App\Controllers\About))
#9 C:\xampp\htdocs\si-biara\vendor\codeigniter4\framework\system\CodeIgniter.php(351): CodeIgniter\CodeIgniter->handleRequest(NULL, Object(Config\Cache), false)
#10 C:\xampp\htdocs\si-biara\public\index.php(67): CodeIgniter\CodeIgniter->run()
#11 C:\xampp\htdocs\si-biara\vendor\codeigniter4\framework\system\Commands\Server\rewrite.php(46): require_once('C:\\xampp\\htdocs...')
#12 {main}
CRITICAL - 2023-06-15 06:54:06 --> Call to a member function getFirstRow() on bool
in SYSTEMPATH\Model.php on line 183.
 1 SYSTEMPATH\BaseModel.php(524): CodeIgniter\Model->doFind(true, 1)
 2 APPPATH\Controllers\About.php(19): CodeIgniter\BaseModel->find(1)
 3 SYSTEMPATH\CodeIgniter.php(927): App\Controllers\About->index()
 4 SYSTEMPATH\CodeIgniter.php(482): CodeIgniter\CodeIgniter->runController(Object(App\Controllers\About))
 5 SYSTEMPATH\CodeIgniter.php(351): CodeIgniter\CodeIgniter->handleRequest(null, Object(Config\Cache), false)
 6 FCPATH\index.php(67): CodeIgniter\CodeIgniter->run()
 7 SYSTEMPATH\Commands\Server\rewrite.php(46): require_once('FCPATH\\index.php')
CRITICAL - 2023-06-15 06:57:13 --> Undefined array key "foto"
in APPPATH\Views\kerasulan.php on line 52.
 1 APPPATH\Views\kerasulan.php(52): CodeIgniter\Debug\Exceptions->errorHandler(2, 'Undefined array key "foto"', 'APPPATH\\Views\\kerasulan.php', 52)
 2 SYSTEMPATH\View\View.php(213): include('APPPATH\\Views\\kerasulan.php')
 3 SYSTEMPATH\View\View.php(216): CodeIgniter\View\View->CodeIgniter\View\{closure}()
 4 SYSTEMPATH\Common.php(1134): CodeIgniter\View\View->render('kerasulan', [], true)
 5 APPPATH\Controllers\Kerasulan.php(24): view('kerasulan', [...])
 6 SYSTEMPATH\CodeIgniter.php(927): App\Controllers\kerasulan->index()
 7 SYSTEMPATH\CodeIgniter.php(482): CodeIgniter\CodeIgniter->runController(Object(App\Controllers\kerasulan))
 8 SYSTEMPATH\CodeIgniter.php(351): CodeIgniter\CodeIgniter->handleRequest(null, Object(Config\Cache), false)
 9 FCPATH\index.php(67): CodeIgniter\CodeIgniter->run()
10 SYSTEMPATH\Commands\Server\rewrite.php(46): require_once('FCPATH\\index.php')
CRITICAL - 2023-06-15 06:58:42 --> Undefined array key "foto"
in APPPATH\Views\kerasulan.php on line 52.
 1 APPPATH\Views\kerasulan.php(52): CodeIgniter\Debug\Exceptions->errorHandler(2, 'Undefined array key "foto"', 'APPPATH\\Views\\kerasulan.php', 52)
 2 SYSTEMPATH\View\View.php(213): include('APPPATH\\Views\\kerasulan.php')
 3 SYSTEMPATH\View\View.php(216): CodeIgniter\View\View->CodeIgniter\View\{closure}()
 4 SYSTEMPATH\Common.php(1134): CodeIgniter\View\View->render('kerasulan', [], true)
 5 APPPATH\Controllers\Kerasulan.php(24): view('kerasulan', [...])
 6 SYSTEMPATH\CodeIgniter.php(927): App\Controllers\kerasulan->index()
 7 SYSTEMPATH\CodeIgniter.php(482): CodeIgniter\CodeIgniter->runController(Object(App\Controllers\kerasulan))
 8 SYSTEMPATH\CodeIgniter.php(351): CodeIgniter\CodeIgniter->handleRequest(null, Object(Config\Cache), false)
 9 FCPATH\index.php(67): CodeIgniter\CodeIgniter->run()
10 SYSTEMPATH\Commands\Server\rewrite.php(46): require_once('FCPATH\\index.php')
ERROR - 2023-06-15 06:59:52 --> mysqli_sql_exception: Table 'si-biara.about' doesn't exist in C:\xampp\htdocs\si-biara\vendor\codeigniter4\framework\system\Database\MySQLi\Connection.php:292
Stack trace:
#0 C:\xampp\htdocs\si-biara\vendor\codeigniter4\framework\system\Database\MySQLi\Connection.php(292): mysqli->query('SELECT *\nFROM `...', 0)
#1 C:\xampp\htdocs\si-biara\vendor\codeigniter4\framework\system\Database\BaseConnection.php(666): CodeIgniter\Database\MySQLi\Connection->execute('SELECT *\nFROM `...')
#2 C:\xampp\htdocs\si-biara\vendor\codeigniter4\framework\system\Database\BaseConnection.php(593): CodeIgniter\Database\BaseConnection->simpleQuery('SELECT *\nFROM `...')
#3 C:\xampp\htdocs\si-biara\vendor\codeigniter4\framework\system\Database\BaseBuilder.php(1585): CodeIgniter\Database\BaseConnection->query('SELECT *\nFROM `...', Array, false)
#4 C:\xampp\htdocs\si-biara\vendor\codeigniter4\framework\system\Model.php(182): CodeIgniter\Database\BaseBuilder->get()
#5 C:\xampp\htdocs\si-biara\vendor\codeigniter4\framework\system\BaseModel.php(524): CodeIgniter\Model->doFind(true, 1)
#6 C:\xampp\htdocs\si-biara\app\Controllers\About.php(19): CodeIgniter\BaseModel->find(1)
#7 C:\xampp\htdocs\si-biara\vendor\codeigniter4\framework\system\CodeIgniter.php(927): App\Controllers\About->index()
#8 C:\xampp\htdocs\si-biara\vendor\codeigniter4\framework\system\CodeIgniter.php(482): CodeIgniter\CodeIgniter->runController(Object(App\Controllers\About))
#9 C:\xampp\htdocs\si-biara\vendor\codeigniter4\framework\system\CodeIgniter.php(351): CodeIgniter\CodeIgniter->handleRequest(NULL, Object(Config\Cache), false)
#10 C:\xampp\htdocs\si-biara\public\index.php(67): CodeIgniter\CodeIgniter->run()
#11 C:\xampp\htdocs\si-biara\vendor\codeigniter4\framework\system\Commands\Server\rewrite.php(46): require_once('C:\\xampp\\htdocs...')
#12 {main}
CRITICAL - 2023-06-15 06:59:52 --> Call to a member function getFirstRow() on bool
in SYSTEMPATH\Model.php on line 183.
 1 SYSTEMPATH\BaseModel.php(524): CodeIgniter\Model->doFind(true, 1)
 2 APPPATH\Controllers\About.php(19): CodeIgniter\BaseModel->find(1)
 3 SYSTEMPATH\CodeIgniter.php(927): App\Controllers\About->index()
 4 SYSTEMPATH\CodeIgniter.php(482): CodeIgniter\CodeIgniter->runController(Object(App\Controllers\About))
 5 SYSTEMPATH\CodeIgniter.php(351): CodeIgniter\CodeIgniter->handleRequest(null, Object(Config\Cache), false)
 6 FCPATH\index.php(67): CodeIgniter\CodeIgniter->run()
 7 SYSTEMPATH\Commands\Server\rewrite.php(46): require_once('FCPATH\\index.php')
ERROR - 2023-06-15 07:27:59 --> mysqli_sql_exception: Table 'si-biara.about' doesn't exist in C:\xampp\htdocs\si-biara\vendor\codeigniter4\framework\system\Database\MySQLi\Connection.php:292
Stack trace:
#0 C:\xampp\htdocs\si-biara\vendor\codeigniter4\framework\system\Database\MySQLi\Connection.php(292): mysqli->query('SELECT *\nFROM `...', 0)
#1 C:\xampp\htdocs\si-biara\vendor\codeigniter4\framework\system\Database\BaseConnection.php(666): CodeIgniter\Database\MySQLi\Connection->execute('SELECT *\nFROM `...')
#2 C:\xampp\htdocs\si-biara\vendor\codeigniter4\framework\system\Database\BaseConnection.php(593): CodeIgniter\Database\BaseConnection->simpleQuery('SELECT *\nFROM `...')
#3 C:\xampp\htdocs\si-biara\vendor\codeigniter4\framework\system\Database\BaseBuilder.php(1585): CodeIgniter\Database\BaseConnection->query('SELECT *\nFROM `...', Array, false)
#4 C:\xampp\htdocs\si-biara\vendor\codeigniter4\framework\system\Model.php(182): CodeIgniter\Database\BaseBuilder->get()
#5 C:\xampp\htdocs\si-biara\vendor\codeigniter4\framework\system\BaseModel.php(524): CodeIgniter\Model->doFind(true, 1)
#6 C:\xampp\htdocs\si-biara\app\Controllers\About.php(19): CodeIgniter\BaseModel->find(1)
#7 C:\xampp\htdocs\si-biara\vendor\codeigniter4\framework\system\CodeIgniter.php(927): App\Controllers\About->index()
#8 C:\xampp\htdocs\si-biara\vendor\codeigniter4\framework\system\CodeIgniter.php(482): CodeIgniter\CodeIgniter->runController(Object(App\Controllers\About))
#9 C:\xampp\htdocs\si-biara\vendor\codeigniter4\framework\system\CodeIgniter.php(351): CodeIgniter\CodeIgniter->handleRequest(NULL, Object(Config\Cache), false)
#10 C:\xampp\htdocs\si-biara\public\index.php(67): CodeIgniter\CodeIgniter->run()
#11 C:\xampp\htdocs\si-biara\vendor\codeigniter4\framework\system\Commands\Server\rewrite.php(46): require_once('C:\\xampp\\htdocs...')
#12 {main}
CRITICAL - 2023-06-15 07:27:59 --> Call to a member function getFirstRow() on bool
in SYSTEMPATH\Model.php on line 183.
 1 SYSTEMPATH\BaseModel.php(524): CodeIgniter\Model->doFind(true, 1)
 2 APPPATH\Controllers\About.php(19): CodeIgniter\BaseModel->find(1)
 3 SYSTEMPATH\CodeIgniter.php(927): App\Controllers\About->index()
 4 SYSTEMPATH\CodeIgniter.php(482): CodeIgniter\CodeIgniter->runController(Object(App\Controllers\About))
 5 SYSTEMPATH\CodeIgniter.php(351): CodeIgniter\CodeIgniter->handleRequest(null, Object(Config\Cache), false)
 6 FCPATH\index.php(67): CodeIgniter\CodeIgniter->run()
 7 SYSTEMPATH\Commands\Server\rewrite.php(46): require_once('FCPATH\\index.php')
CRITICAL - 2023-06-15 07:31:34 --> Undefined variable $provinsi
in APPPATH\Views\about.php on line 10.
 1 APPPATH\Views\about.php(10): CodeIgniter\Debug\Exceptions->errorHandler(2, 'Undefined variable $provinsi', 'APPPATH\\Views\\about.php', 10)
 2 SYSTEMPATH\View\View.php(213): include('APPPATH\\Views\\about.php')
 3 SYSTEMPATH\View\View.php(216): CodeIgniter\View\View->CodeIgniter\View\{closure}()
 4 SYSTEMPATH\Common.php(1134): CodeIgniter\View\View->render('about', [], true)
 5 APPPATH\Controllers\About.php(17): view('about', [...])
 6 SYSTEMPATH\CodeIgniter.php(927): App\Controllers\About->index()
 7 SYSTEMPATH\CodeIgniter.php(482): CodeIgniter\CodeIgniter->runController(Object(App\Controllers\About))
 8 SYSTEMPATH\CodeIgniter.php(351): CodeIgniter\CodeIgniter->handleRequest(null, Object(Config\Cache), false)
 9 FCPATH\index.php(67): CodeIgniter\CodeIgniter->run()
10 SYSTEMPATH\Commands\Server\rewrite.php(46): require_once('FCPATH\\index.php')
CRITICAL - 2023-06-15 07:31:40 --> foreach() argument must be of type array|object, null given
in APPPATH\Views\about.php on line 10.
 1 APPPATH\Views\about.php(10): CodeIgniter\Debug\Exceptions->errorHandler(2, 'foreach() argument must be of type array|object, null given', 'APPPATH\\Views\\about.php', 10)
 2 SYSTEMPATH\View\View.php(213): include('APPPATH\\Views\\about.php')
 3 SYSTEMPATH\View\View.php(216): CodeIgniter\View\View->CodeIgniter\View\{closure}()
 4 SYSTEMPATH\Common.php(1134): CodeIgniter\View\View->render('about', [], true)
 5 APPPATH\Controllers\About.php(17): view('about', [...])
 6 SYSTEMPATH\CodeIgniter.php(927): App\Controllers\About->index()
 7 SYSTEMPATH\CodeIgniter.php(482): CodeIgniter\CodeIgniter->runController(Object(App\Controllers\About))
 8 SYSTEMPATH\CodeIgniter.php(351): CodeIgniter\CodeIgniter->handleRequest(null, Object(Config\Cache), false)
 9 FCPATH\index.php(67): CodeIgniter\CodeIgniter->run()
10 SYSTEMPATH\Commands\Server\rewrite.php(46): require_once('FCPATH\\index.php')
CRITICAL - 2023-06-15 07:31:50 --> Undefined array key "provinsi"
in APPPATH\Views\about.php on line 13.
 1 APPPATH\Views\about.php(13): CodeIgniter\Debug\Exceptions->errorHandler(2, 'Undefined array key "provinsi"', 'APPPATH\\Views\\about.php', 13)
 2 SYSTEMPATH\View\View.php(213): include('APPPATH\\Views\\about.php')
 3 SYSTEMPATH\View\View.php(216): CodeIgniter\View\View->CodeIgniter\View\{closure}()
 4 SYSTEMPATH\Common.php(1134): CodeIgniter\View\View->render('about', [], true)
 5 APPPATH\Controllers\About.php(17): view('about', [...])
 6 SYSTEMPATH\CodeIgniter.php(927): App\Controllers\About->index()
 7 SYSTEMPATH\CodeIgniter.php(482): CodeIgniter\CodeIgniter->runController(Object(App\Controllers\About))
 8 SYSTEMPATH\CodeIgniter.php(351): CodeIgniter\CodeIgniter->handleRequest(null, Object(Config\Cache), false)
 9 FCPATH\index.php(67): CodeIgniter\CodeIgniter->run()
10 SYSTEMPATH\Commands\Server\rewrite.php(46): require_once('FCPATH\\index.php')
CRITICAL - 2023-06-15 07:32:00 --> Undefined array key "sejarah"
in APPPATH\Views\about.php on line 46.
 1 APPPATH\Views\about.php(46): CodeIgniter\Debug\Exceptions->errorHandler(2, 'Undefined array key "sejarah"', 'APPPATH\\Views\\about.php', 46)
 2 SYSTEMPATH\View\View.php(213): include('APPPATH\\Views\\about.php')
 3 SYSTEMPATH\View\View.php(216): CodeIgniter\View\View->CodeIgniter\View\{closure}()
 4 SYSTEMPATH\Common.php(1134): CodeIgniter\View\View->render('about', [], true)
 5 APPPATH\Controllers\About.php(17): view('about', [...])
 6 SYSTEMPATH\CodeIgniter.php(927): App\Controllers\About->index()
 7 SYSTEMPATH\CodeIgniter.php(482): CodeIgniter\CodeIgniter->runController(Object(App\Controllers\About))
 8 SYSTEMPATH\CodeIgniter.php(351): CodeIgniter\CodeIgniter->handleRequest(null, Object(Config\Cache), false)
 9 FCPATH\index.php(67): CodeIgniter\CodeIgniter->run()
10 SYSTEMPATH\Commands\Server\rewrite.php(46): require_once('FCPATH\\index.php')
CRITICAL - 2023-06-15 16:51:04 --> Invalid file: superadmin/laporan.php
in SYSTEMPATH\Exceptions\FrameworkException.php on line 33.
 1 SYSTEMPATH\View\View.php(201): CodeIgniter\Exceptions\FrameworkException::forInvalidFile('superadmin/laporan.php')
 2 SYSTEMPATH\Common.php(1134): CodeIgniter\View\View->render('superadmin/laporan', [], true)
 3 APPPATH\Controllers\SuperAdmin\laporan.php(23): view('superadmin/laporan', [...])
 4 SYSTEMPATH\CodeIgniter.php(927): App\Controllers\SuperAdmin\Laporan->index()
 5 SYSTEMPATH\CodeIgniter.php(482): CodeIgniter\CodeIgniter->runController(Object(App\Controllers\SuperAdmin\Laporan))
 6 SYSTEMPATH\CodeIgniter.php(351): CodeIgniter\CodeIgniter->handleRequest(null, Object(Config\Cache), false)
 7 FCPATH\index.php(67): CodeIgniter\CodeIgniter->run()
 8 SYSTEMPATH\Commands\Server\rewrite.php(46): require_once('FCPATH\\index.php')
CRITICAL - 2023-06-15 16:51:48 --> Invalid file: superadmin/laporan.php
in SYSTEMPATH\Exceptions\FrameworkException.php on line 33.
 1 SYSTEMPATH\View\View.php(201): CodeIgniter\Exceptions\FrameworkException::forInvalidFile('superadmin/laporan.php')
 2 SYSTEMPATH\Common.php(1134): CodeIgniter\View\View->render('superadmin/laporan', [], true)
 3 APPPATH\Controllers\SuperAdmin\laporan.php(23): view('superadmin/laporan', [...])
 4 SYSTEMPATH\CodeIgniter.php(927): App\Controllers\SuperAdmin\Laporan->index()
 5 SYSTEMPATH\CodeIgniter.php(482): CodeIgniter\CodeIgniter->runController(Object(App\Controllers\SuperAdmin\Laporan))
 6 SYSTEMPATH\CodeIgniter.php(351): CodeIgniter\CodeIgniter->handleRequest(null, Object(Config\Cache), false)
 7 FCPATH\index.php(67): CodeIgniter\CodeIgniter->run()
 8 SYSTEMPATH\Commands\Server\rewrite.php(46): require_once('FCPATH\\index.php')
CRITICAL - 2023-06-15 16:52:24 --> Invalid file: superadmin/laporan.php
in SYSTEMPATH\Exceptions\FrameworkException.php on line 33.
 1 SYSTEMPATH\View\View.php(201): CodeIgniter\Exceptions\FrameworkException::forInvalidFile('superadmin/laporan.php')
 2 SYSTEMPATH\Common.php(1134): CodeIgniter\View\View->render('superadmin/laporan', [], true)
 3 APPPATH\Controllers\SuperAdmin\laporan.php(23): view('superadmin/laporan', [...])
 4 SYSTEMPATH\CodeIgniter.php(927): App\Controllers\SuperAdmin\Laporan->index()
 5 SYSTEMPATH\CodeIgniter.php(482): CodeIgniter\CodeIgniter->runController(Object(App\Controllers\SuperAdmin\Laporan))
 6 SYSTEMPATH\CodeIgniter.php(351): CodeIgniter\CodeIgniter->handleRequest(null, Object(Config\Cache), false)
 7 FCPATH\index.php(67): CodeIgniter\CodeIgniter->run()
 8 SYSTEMPATH\Commands\Server\rewrite.php(46): require_once('FCPATH\\index.php')
CRITICAL - 2023-06-15 17:19:28 --> Undefined variable: status
in APPPATH\Controllers\SuperAdmin\laporan.php on line 32.
 1 APPPATH\Controllers\SuperAdmin\laporan.php(32): CodeIgniter\Debug\Exceptions->errorHandler(8, 'Undefined variable: status', 'APPPATH\\Controllers\\SuperAdmin\\laporan.php', 32, [])
 2 SYSTEMPATH\CodeIgniter.php(927): App\Controllers\SuperAdmin\Laporan->dataSuster()
 3 SYSTEMPATH\CodeIgniter.php(482): CodeIgniter\CodeIgniter->runController(Object(App\Controllers\SuperAdmin\Laporan))
 4 SYSTEMPATH\CodeIgniter.php(351): CodeIgniter\CodeIgniter->handleRequest(null, Object(Config\Cache), false)
 5 FCPATH\index.php(67): CodeIgniter\CodeIgniter->run()
 6 SYSTEMPATH\Commands\Server\rewrite.php(46): require_once('FCPATH\\index.php')
CRITICAL - 2023-06-15 18:24:43 --> Undefined index: tempat
in APPPATH\Views\superadmin\laporan\dataSuster.php on line 43.
 1 APPPATH\Views\superadmin\laporan\dataSuster.php(43): CodeIgniter\Debug\Exceptions->errorHandler(8, 'Undefined index: tempat', 'APPPATH\\Views\\superadmin\\laporan\\dataSuster.php', 43, [...])
 2 SYSTEMPATH\View\View.php(213): include('APPPATH\\Views\\superadmin\\laporan\\dataSuster.php')
 3 SYSTEMPATH\View\View.php(216): CodeIgniter\View\View->CodeIgniter\View\{closure}()
 4 SYSTEMPATH\Common.php(1134): CodeIgniter\View\View->render('superadmin/laporan/dataSuster', [], true)
 5 APPPATH\Controllers\SuperAdmin\laporan.php(44): view('superadmin/laporan/dataSuster', [...])
 6 SYSTEMPATH\CodeIgniter.php(927): App\Controllers\SuperAdmin\Laporan->dataSuster()
 7 SYSTEMPATH\CodeIgniter.php(482): CodeIgniter\CodeIgniter->runController(Object(App\Controllers\SuperAdmin\Laporan))
 8 SYSTEMPATH\CodeIgniter.php(351): CodeIgniter\CodeIgniter->handleRequest(null, Object(Config\Cache), false)
 9 FCPATH\index.php(67): CodeIgniter\CodeIgniter->run()
10 SYSTEMPATH\Commands\Server\rewrite.php(46): require_once('FCPATH\\index.php')
CRITICAL - 2023-06-15 19:37:28 --> Undefined index: nomorBaju
in APPPATH\Views\superadmin\laporan\dataSuster.php on line 41.
 1 APPPATH\Views\superadmin\laporan\dataSuster.php(41): CodeIgniter\Debug\Exceptions->errorHandler(8, 'Undefined index: nomorBaju', 'APPPATH\\Views\\superadmin\\laporan\\dataSuster.php', 41, [...])
 2 SYSTEMPATH\View\View.php(213): include('APPPATH\\Views\\superadmin\\laporan\\dataSuster.php')
 3 SYSTEMPATH\View\View.php(216): CodeIgniter\View\View->CodeIgniter\View\{closure}()
 4 SYSTEMPATH\Common.php(1134): CodeIgniter\View\View->render('superadmin/laporan/dataSuster', [], true)
 5 APPPATH\Controllers\SuperAdmin\laporan.php(68): view('superadmin/laporan/dataSuster', [...])
 6 SYSTEMPATH\CodeIgniter.php(927): App\Controllers\SuperAdmin\Laporan->dataKomunitas()
 7 SYSTEMPATH\CodeIgniter.php(482): CodeIgniter\CodeIgniter->runController(Object(App\Controllers\SuperAdmin\Laporan))
 8 SYSTEMPATH\CodeIgniter.php(351): CodeIgniter\CodeIgniter->handleRequest(null, Object(Config\Cache), false)
 9 FCPATH\index.php(67): CodeIgniter\CodeIgniter->run()
10 SYSTEMPATH\Commands\Server\rewrite.php(46): require_once('FCPATH\\index.php')
CRITICAL - 2023-06-15 19:38:30 --> Undefined index: nomorBaju
in APPPATH\Views\superadmin\laporan\dataSuster.php on line 41.
 1 APPPATH\Views\superadmin\laporan\dataSuster.php(41): CodeIgniter\Debug\Exceptions->errorHandler(8, 'Undefined index: nomorBaju', 'APPPATH\\Views\\superadmin\\laporan\\dataSuster.php', 41, [...])
 2 SYSTEMPATH\View\View.php(213): include('APPPATH\\Views\\superadmin\\laporan\\dataSuster.php')
 3 SYSTEMPATH\View\View.php(216): CodeIgniter\View\View->CodeIgniter\View\{closure}()
 4 SYSTEMPATH\Common.php(1134): CodeIgniter\View\View->render('superadmin/laporan/dataSuster', [], true)
 5 APPPATH\Controllers\SuperAdmin\laporan.php(68): view('superadmin/laporan/dataSuster', [...])
 6 SYSTEMPATH\CodeIgniter.php(927): App\Controllers\SuperAdmin\Laporan->dataKomunitas()
 7 SYSTEMPATH\CodeIgniter.php(482): CodeIgniter\CodeIgniter->runController(Object(App\Controllers\SuperAdmin\Laporan))
 8 SYSTEMPATH\CodeIgniter.php(351): CodeIgniter\CodeIgniter->handleRequest(null, Object(Config\Cache), false)
 9 FCPATH\index.php(67): CodeIgniter\CodeIgniter->run()
10 SYSTEMPATH\Commands\Server\rewrite.php(46): require_once('FCPATH\\index.php')
CRITICAL - 2023-06-15 19:38:36 --> Undefined index: nomorBaju
in APPPATH\Views\superadmin\laporan\dataSuster.php on line 41.
 1 APPPATH\Views\superadmin\laporan\dataSuster.php(41): CodeIgniter\Debug\Exceptions->errorHandler(8, 'Undefined index: nomorBaju', 'APPPATH\\Views\\superadmin\\laporan\\dataSuster.php', 41, [...])
 2 SYSTEMPATH\View\View.php(213): include('APPPATH\\Views\\superadmin\\laporan\\dataSuster.php')
 3 SYSTEMPATH\View\View.php(216): CodeIgniter\View\View->CodeIgniter\View\{closure}()
 4 SYSTEMPATH\Common.php(1134): CodeIgniter\View\View->render('superadmin/laporan/dataSuster', [], true)
 5 APPPATH\Controllers\SuperAdmin\laporan.php(68): view('superadmin/laporan/dataSuster', [...])
 6 SYSTEMPATH\CodeIgniter.php(927): App\Controllers\SuperAdmin\Laporan->dataKomunitas()
 7 SYSTEMPATH\CodeIgniter.php(482): CodeIgniter\CodeIgniter->runController(Object(App\Controllers\SuperAdmin\Laporan))
 8 SYSTEMPATH\CodeIgniter.php(351): CodeIgniter\CodeIgniter->handleRequest(null, Object(Config\Cache), false)
 9 FCPATH\index.php(67): CodeIgniter\CodeIgniter->run()
10 SYSTEMPATH\Commands\Server\rewrite.php(46): require_once('FCPATH\\index.php')
CRITICAL - 2023-06-15 19:42:50 --> Undefined index: nomorBaju
in APPPATH\Views\superadmin\laporan\dataSuster.php on line 41.
 1 APPPATH\Views\superadmin\laporan\dataSuster.php(41): CodeIgniter\Debug\Exceptions->errorHandler(8, 'Undefined index: nomorBaju', 'APPPATH\\Views\\superadmin\\laporan\\dataSuster.php', 41, [...])
 2 SYSTEMPATH\View\View.php(213): include('APPPATH\\Views\\superadmin\\laporan\\dataSuster.php')
 3 SYSTEMPATH\View\View.php(216): CodeIgniter\View\View->CodeIgniter\View\{closure}()
 4 SYSTEMPATH\Common.php(1134): CodeIgniter\View\View->render('superadmin/laporan/dataSuster', [], true)
 5 APPPATH\Controllers\SuperAdmin\laporan.php(68): view('superadmin/laporan/dataSuster', [...])
 6 SYSTEMPATH\CodeIgniter.php(927): App\Controllers\SuperAdmin\Laporan->dataKomunitas()
 7 SYSTEMPATH\CodeIgniter.php(482): CodeIgniter\CodeIgniter->runController(Object(App\Controllers\SuperAdmin\Laporan))
 8 SYSTEMPATH\CodeIgniter.php(351): CodeIgniter\CodeIgniter->handleRequest(null, Object(Config\Cache), false)
 9 FCPATH\index.php(67): CodeIgniter\CodeIgniter->run()
10 SYSTEMPATH\Commands\Server\rewrite.php(46): require_once('FCPATH\\index.php')
CRITICAL - 2023-06-15 19:42:55 --> Undefined index: nomorBaju
in APPPATH\Views\superadmin\laporan\dataSuster.php on line 41.
 1 APPPATH\Views\superadmin\laporan\dataSuster.php(41): CodeIgniter\Debug\Exceptions->errorHandler(8, 'Undefined index: nomorBaju', 'APPPATH\\Views\\superadmin\\laporan\\dataSuster.php', 41, [...])
 2 SYSTEMPATH\View\View.php(213): include('APPPATH\\Views\\superadmin\\laporan\\dataSuster.php')
 3 SYSTEMPATH\View\View.php(216): CodeIgniter\View\View->CodeIgniter\View\{closure}()
 4 SYSTEMPATH\Common.php(1134): CodeIgniter\View\View->render('superadmin/laporan/dataSuster', [], true)
 5 APPPATH\Controllers\SuperAdmin\laporan.php(68): view('superadmin/laporan/dataSuster', [...])
 6 SYSTEMPATH\CodeIgniter.php(927): App\Controllers\SuperAdmin\Laporan->dataKomunitas()
 7 SYSTEMPATH\CodeIgniter.php(482): CodeIgniter\CodeIgniter->runController(Object(App\Controllers\SuperAdmin\Laporan))
 8 SYSTEMPATH\CodeIgniter.php(351): CodeIgniter\CodeIgniter->handleRequest(null, Object(Config\Cache), false)
 9 FCPATH\index.php(67): CodeIgniter\CodeIgniter->run()
10 SYSTEMPATH\Commands\Server\rewrite.php(46): require_once('FCPATH\\index.php')
CRITICAL - 2023-06-15 19:44:18 --> Undefined index: nomorBaju
in APPPATH\Views\superadmin\laporan\dataSuster.php on line 41.
 1 APPPATH\Views\superadmin\laporan\dataSuster.php(41): CodeIgniter\Debug\Exceptions->errorHandler(8, 'Undefined index: nomorBaju', 'APPPATH\\Views\\superadmin\\laporan\\dataSuster.php', 41, [...])
 2 SYSTEMPATH\View\View.php(213): include('APPPATH\\Views\\superadmin\\laporan\\dataSuster.php')
 3 SYSTEMPATH\View\View.php(216): CodeIgniter\View\View->CodeIgniter\View\{closure}()
 4 SYSTEMPATH\Common.php(1134): CodeIgniter\View\View->render('superadmin/laporan/dataSuster', [], true)
 5 APPPATH\Controllers\SuperAdmin\Laporan.php(68): view('superadmin/laporan/dataSuster', [...])
 6 SYSTEMPATH\CodeIgniter.php(927): App\Controllers\SuperAdmin\Laporan->dataKomunitas()
 7 SYSTEMPATH\CodeIgniter.php(482): CodeIgniter\CodeIgniter->runController(Object(App\Controllers\SuperAdmin\Laporan))
 8 SYSTEMPATH\CodeIgniter.php(351): CodeIgniter\CodeIgniter->handleRequest(null, Object(Config\Cache), false)
 9 FCPATH\index.php(67): CodeIgniter\CodeIgniter->run()
10 SYSTEMPATH\Commands\Server\rewrite.php(46): require_once('FCPATH\\index.php')
CRITICAL - 2023-06-15 20:30:13 --> Undefined variable: listKomunitas
in APPPATH\Views\superadmin\laporan\dataKomunitas.php on line 38.
 1 APPPATH\Views\superadmin\laporan\dataKomunitas.php(38): CodeIgniter\Debug\Exceptions->errorHandler(8, 'Undefined variable: listKomunitas', 'APPPATH\\Views\\superadmin\\laporan\\dataKomunitas.php', 38, [...])
 2 SYSTEMPATH\View\View.php(213): include('APPPATH\\Views\\superadmin\\laporan\\dataKomunitas.php')
 3 SYSTEMPATH\View\View.php(216): CodeIgniter\View\View->CodeIgniter\View\{closure}()
 4 SYSTEMPATH\Common.php(1134): CodeIgniter\View\View->render('superadmin/laporan/dataKomunitas', [], true)
 5 APPPATH\Controllers\SuperAdmin\Laporan.php(68): view('superadmin/laporan/dataKomunitas', [...])
 6 SYSTEMPATH\CodeIgniter.php(927): App\Controllers\SuperAdmin\Laporan->dataKomunitas()
 7 SYSTEMPATH\CodeIgniter.php(482): CodeIgniter\CodeIgniter->runController(Object(App\Controllers\SuperAdmin\Laporan))
 8 SYSTEMPATH\CodeIgniter.php(351): CodeIgniter\CodeIgniter->handleRequest(null, Object(Config\Cache), false)
 9 FCPATH\index.php(67): CodeIgniter\CodeIgniter->run()
10 SYSTEMPATH\Commands\Server\rewrite.php(46): require_once('FCPATH\\index.php')
CRITICAL - 2023-06-15 20:46:05 --> Invalid file: superadmin/laporan/dataHasilBelajar.php
in SYSTEMPATH\Exceptions\FrameworkException.php on line 33.
 1 SYSTEMPATH\View\View.php(201): CodeIgniter\Exceptions\FrameworkException::forInvalidFile('superadmin/laporan/dataHasilBelajar.php')
 2 SYSTEMPATH\Common.php(1134): CodeIgniter\View\View->render('superadmin/laporan/dataHasilBelajar', [], true)
 3 APPPATH\Controllers\SuperAdmin\Laporan.php(92): view('superadmin/laporan/dataHasilBelajar', [...])
 4 SYSTEMPATH\CodeIgniter.php(927): App\Controllers\SuperAdmin\Laporan->dataHasilBelajar()
 5 SYSTEMPATH\CodeIgniter.php(482): CodeIgniter\CodeIgniter->runController(Object(App\Controllers\SuperAdmin\Laporan))
 6 SYSTEMPATH\CodeIgniter.php(351): CodeIgniter\CodeIgniter->handleRequest(null, Object(Config\Cache), false)
 7 FCPATH\index.php(67): CodeIgniter\CodeIgniter->run()
 8 SYSTEMPATH\Commands\Server\rewrite.php(46): require_once('FCPATH\\index.php')
CRITICAL - 2023-06-15 20:49:47 --> Undefined index: nomorBaju
in APPPATH\Views\superadmin\laporan\dataHasilBelajar.php on line 41.
 1 APPPATH\Views\superadmin\laporan\dataHasilBelajar.php(41): CodeIgniter\Debug\Exceptions->errorHandler(8, 'Undefined index: nomorBaju', 'APPPATH\\Views\\superadmin\\laporan\\dataHasilBelajar.php', 41, [...])
 2 SYSTEMPATH\View\View.php(213): include('APPPATH\\Views\\superadmin\\laporan\\dataHasilBelajar.php')
 3 SYSTEMPATH\View\View.php(216): CodeIgniter\View\View->CodeIgniter\View\{closure}()
 4 SYSTEMPATH\Common.php(1134): CodeIgniter\View\View->render('superadmin/laporan/dataHasilBelajar', [], true)
 5 APPPATH\Controllers\SuperAdmin\Laporan.php(92): view('superadmin/laporan/dataHasilBelajar', [...])
 6 SYSTEMPATH\CodeIgniter.php(927): App\Controllers\SuperAdmin\Laporan->dataHasilBelajar()
 7 SYSTEMPATH\CodeIgniter.php(482): CodeIgniter\CodeIgniter->runController(Object(App\Controllers\SuperAdmin\Laporan))
 8 SYSTEMPATH\CodeIgniter.php(351): CodeIgniter\CodeIgniter->handleRequest(null, Object(Config\Cache), false)
 9 FCPATH\index.php(67): CodeIgniter\CodeIgniter->run()
10 SYSTEMPATH\Commands\Server\rewrite.php(46): require_once('FCPATH\\index.php')
CRITICAL - 2023-06-15 22:28:53 --> Undefined index: namaLembaga
in APPPATH\Views\superadmin\laporan\dataPembinaan.php on line 44.
 1 APPPATH\Views\superadmin\laporan\dataPembinaan.php(44): CodeIgniter\Debug\Exceptions->errorHandler(8, 'Undefined index: namaLembaga', 'APPPATH\\Views\\superadmin\\laporan\\dataPembinaan.php', 44, [...])
 2 SYSTEMPATH\View\View.php(213): include('APPPATH\\Views\\superadmin\\laporan\\dataPembinaan.php')
 3 SYSTEMPATH\View\View.php(216): CodeIgniter\View\View->CodeIgniter\View\{closure}()
 4 SYSTEMPATH\Common.php(1134): CodeIgniter\View\View->render('superadmin/laporan/dataPembinaan', [], true)
 5 APPPATH\Controllers\SuperAdmin\Laporan.php(126): view('superadmin/laporan/dataPembinaan', [...])
 6 SYSTEMPATH\CodeIgniter.php(927): App\Controllers\SuperAdmin\Laporan->dataPenunjang()
 7 SYSTEMPATH\CodeIgniter.php(482): CodeIgniter\CodeIgniter->runController(Object(App\Controllers\SuperAdmin\Laporan))
 8 SYSTEMPATH\CodeIgniter.php(351): CodeIgniter\CodeIgniter->handleRequest(null, Object(Config\Cache), false)
 9 FCPATH\index.php(67): CodeIgniter\CodeIgniter->run()
10 SYSTEMPATH\Commands\Server\rewrite.php(46): require_once('FCPATH\\index.php')
CRITICAL - 2023-06-15 22:31:46 --> Undefined index: nomorBaju
in APPPATH\Views\superadmin\laporan\dataPembinaan.php on line 45.
 1 APPPATH\Views\superadmin\laporan\dataPembinaan.php(45): CodeIgniter\Debug\Exceptions->errorHandler(8, 'Undefined index: nomorBaju', 'APPPATH\\Views\\superadmin\\laporan\\dataPembinaan.php', 45, [...])
 2 SYSTEMPATH\View\View.php(213): include('APPPATH\\Views\\superadmin\\laporan\\dataPembinaan.php')
 3 SYSTEMPATH\View\View.php(216): CodeIgniter\View\View->CodeIgniter\View\{closure}()
 4 SYSTEMPATH\Common.php(1134): CodeIgniter\View\View->render('superadmin/laporan/dataPembinaan', [], true)
 5 APPPATH\Controllers\SuperAdmin\Laporan.php(126): view('superadmin/laporan/dataPembinaan', [...])
 6 SYSTEMPATH\CodeIgniter.php(927): App\Controllers\SuperAdmin\Laporan->dataPenunjang()
 7 SYSTEMPATH\CodeIgniter.php(482): CodeIgniter\CodeIgniter->runController(Object(App\Controllers\SuperAdmin\Laporan))
 8 SYSTEMPATH\CodeIgniter.php(351): CodeIgniter\CodeIgniter->handleRequest(null, Object(Config\Cache), false)
 9 FCPATH\index.php(67): CodeIgniter\CodeIgniter->run()
10 SYSTEMPATH\Commands\Server\rewrite.php(46): require_once('FCPATH\\index.php')
CRITICAL - 2023-06-15 22:32:07 --> Undefined index: idTahapPembinaan
in APPPATH\Views\superadmin\laporan\dataPembinaan.php on line 43.
 1 APPPATH\Views\superadmin\laporan\dataPembinaan.php(43): CodeIgniter\Debug\Exceptions->errorHandler(8, 'Undefined index: idTahapPembinaan', 'APPPATH\\Views\\superadmin\\laporan\\dataPembinaan.php', 43, [...])
 2 SYSTEMPATH\View\View.php(213): include('APPPATH\\Views\\superadmin\\laporan\\dataPembinaan.php')
 3 SYSTEMPATH\View\View.php(216): CodeIgniter\View\View->CodeIgniter\View\{closure}()
 4 SYSTEMPATH\Common.php(1134): CodeIgniter\View\View->render('superadmin/laporan/dataPembinaan', [], true)
 5 APPPATH\Controllers\SuperAdmin\Laporan.php(126): view('superadmin/laporan/dataPembinaan', [...])
 6 SYSTEMPATH\CodeIgniter.php(927): App\Controllers\SuperAdmin\Laporan->dataPenunjang()
 7 SYSTEMPATH\CodeIgniter.php(482): CodeIgniter\CodeIgniter->runController(Object(App\Controllers\SuperAdmin\Laporan))
 8 SYSTEMPATH\CodeIgniter.php(351): CodeIgniter\CodeIgniter->handleRequest(null, Object(Config\Cache), false)
 9 FCPATH\index.php(67): CodeIgniter\CodeIgniter->run()
10 SYSTEMPATH\Commands\Server\rewrite.php(46): require_once('FCPATH\\index.php')
CRITICAL - 2023-06-15 22:49:26 --> Undefined variable: listTahapPembinaan
in APPPATH\Views\superadmin\laporan\dataPembinaan.php on line 38.
 1 APPPATH\Views\superadmin\laporan\dataPembinaan.php(38): CodeIgniter\Debug\Exceptions->errorHandler(8, 'Undefined variable: listTahapPembinaan', 'APPPATH\\Views\\superadmin\\laporan\\dataPembinaan.php', 38, [...])
 2 SYSTEMPATH\View\View.php(213): include('APPPATH\\Views\\superadmin\\laporan\\dataPembinaan.php')
 3 SYSTEMPATH\View\View.php(216): CodeIgniter\View\View->CodeIgniter\View\{closure}()
 4 SYSTEMPATH\Common.php(1134): CodeIgniter\View\View->render('superadmin/laporan/dataPembinaan', [], true)
 5 APPPATH\Controllers\SuperAdmin\Laporan.php(136): view('superadmin/laporan/dataPembinaan', [...])
 6 SYSTEMPATH\CodeIgniter.php(927): App\Controllers\SuperAdmin\Laporan->dataPenunjang()
 7 SYSTEMPATH\CodeIgniter.php(482): CodeIgniter\CodeIgniter->runController(Object(App\Controllers\SuperAdmin\Laporan))
 8 SYSTEMPATH\CodeIgniter.php(351): CodeIgniter\CodeIgniter->handleRequest(null, Object(Config\Cache), false)
 9 FCPATH\index.php(67): CodeIgniter\CodeIgniter->run()
10 SYSTEMPATH\Commands\Server\rewrite.php(46): require_once('FCPATH\\index.php')
CRITICAL - 2023-06-15 22:50:38 --> Undefined variable: listPembinaan
in APPPATH\Views\superadmin\laporan\dataPenugasan.php on line 42.
 1 APPPATH\Views\superadmin\laporan\dataPenugasan.php(42): CodeIgniter\Debug\Exceptions->errorHandler(8, 'Undefined variable: listPembinaan', 'APPPATH\\Views\\superadmin\\laporan\\dataPenugasan.php', 42, [...])
 2 SYSTEMPATH\View\View.php(213): include('APPPATH\\Views\\superadmin\\laporan\\dataPenugasan.php')
 3 SYSTEMPATH\View\View.php(216): CodeIgniter\View\View->CodeIgniter\View\{closure}()
 4 SYSTEMPATH\Common.php(1134): CodeIgniter\View\View->render('superadmin/laporan/dataPenugasan', [], true)
 5 APPPATH\Controllers\SuperAdmin\Laporan.php(136): view('superadmin/laporan/dataPenugasan', [...])
 6 SYSTEMPATH\CodeIgniter.php(927): App\Controllers\SuperAdmin\Laporan->dataPenunjang()
 7 SYSTEMPATH\CodeIgniter.php(482): CodeIgniter\CodeIgniter->runController(Object(App\Controllers\SuperAdmin\Laporan))
 8 SYSTEMPATH\CodeIgniter.php(351): CodeIgniter\CodeIgniter->handleRequest(null, Object(Config\Cache), false)
 9 FCPATH\index.php(67): CodeIgniter\CodeIgniter->run()
10 SYSTEMPATH\Commands\Server\rewrite.php(46): require_once('FCPATH\\index.php')
CRITICAL - 2023-06-15 22:50:57 --> Undefined index: idKomunitas
in APPPATH\Views\superadmin\laporan\dataPenugasan.php on line 43.
 1 APPPATH\Views\superadmin\laporan\dataPenugasan.php(43): CodeIgniter\Debug\Exceptions->errorHandler(8, 'Undefined index: idKomunitas', 'APPPATH\\Views\\superadmin\\laporan\\dataPenugasan.php', 43, [...])
 2 SYSTEMPATH\View\View.php(213): include('APPPATH\\Views\\superadmin\\laporan\\dataPenugasan.php')
 3 SYSTEMPATH\View\View.php(216): CodeIgniter\View\View->CodeIgniter\View\{closure}()
 4 SYSTEMPATH\Common.php(1134): CodeIgniter\View\View->render('superadmin/laporan/dataPenugasan', [], true)
 5 APPPATH\Controllers\SuperAdmin\Laporan.php(136): view('superadmin/laporan/dataPenugasan', [...])
 6 SYSTEMPATH\CodeIgniter.php(927): App\Controllers\SuperAdmin\Laporan->dataPenunjang()
 7 SYSTEMPATH\CodeIgniter.php(482): CodeIgniter\CodeIgniter->runController(Object(App\Controllers\SuperAdmin\Laporan))
 8 SYSTEMPATH\CodeIgniter.php(351): CodeIgniter\CodeIgniter->handleRequest(null, Object(Config\Cache), false)
 9 FCPATH\index.php(67): CodeIgniter\CodeIgniter->run()
10 SYSTEMPATH\Commands\Server\rewrite.php(46): require_once('FCPATH\\index.php')
CRITICAL - 2023-06-15 23:08:55 --> Call to undefined method CodeIgniter\Database\MySQLi\Builder::orderByDesc()
in APPPATH\Models\RelationTable.php on line 244.
 1 SYSTEMPATH\Database\BaseBuilder.php(2945): App\Models\RelationTable->App\Models\{closure}(Object(CodeIgniter\Database\MySQLi\Builder))
 2 SYSTEMPATH\Database\BaseBuilder.php(926): CodeIgniter\Database\BaseBuilder->buildSubquery(Object(CodeIgniter\Database\MySQLi\Builder), true)
 3 SYSTEMPATH\Database\BaseBuilder.php(789): CodeIgniter\Database\BaseBuilder->_whereIn('`penugasan`.`tanggalPenugasan`', Object(Closure), 'ROOTPATH\\public', 'AND ', true)
 4 APPPATH\Models\RelationTable.php(246): CodeIgniter\Database\BaseBuilder->whereIn('penugasan.tanggalPenugasan', Object(Closure))
 5 APPPATH\Controllers\SuperAdmin\Laporan.php(132): App\Models\RelationTable->getAnggotaPenugasan()
 6 SYSTEMPATH\CodeIgniter.php(927): App\Controllers\SuperAdmin\Laporan->dataPenunjang()
 7 SYSTEMPATH\CodeIgniter.php(482): CodeIgniter\CodeIgniter->runController(Object(App\Controllers\SuperAdmin\Laporan))
 8 SYSTEMPATH\CodeIgniter.php(351): CodeIgniter\CodeIgniter->handleRequest(null, Object(Config\Cache), false)
 9 FCPATH\index.php(67): CodeIgniter\CodeIgniter->run()
10 SYSTEMPATH\Commands\Server\rewrite.php(46): require_once('FCPATH\\index.php')
ERROR - 2023-06-15 23:09:49 --> mysqli_sql_exception: This version of MariaDB doesn't yet support 'LIMIT & IN/ALL/ANY/SOME subquery' in C:\xampp\htdocs\si-biara\vendor\codeigniter4\framework\system\Database\MySQLi\Connection.php:292
Stack trace:
#0 C:\xampp\htdocs\si-biara\vendor\codeigniter4\framework\system\Database\MySQLi\Connection.php(292): mysqli->query('SELECT DISTINCT...', 0)
#1 C:\xampp\htdocs\si-biara\vendor\codeigniter4\framework\system\Database\BaseConnection.php(666): CodeIgniter\Database\MySQLi\Connection->execute('SELECT DISTINCT...')
#2 C:\xampp\htdocs\si-biara\vendor\codeigniter4\framework\system\Database\BaseConnection.php(593): CodeIgniter\Database\BaseConnection->simpleQuery('SELECT DISTINCT...')
#3 C:\xampp\htdocs\si-biara\vendor\codeigniter4\framework\system\Database\BaseBuilder.php(1585): CodeIgniter\Database\BaseConnection->query('SELECT DISTINCT...', Array, false)
#4 C:\xampp\htdocs\si-biara\app\Models\RelationTable.php(248): CodeIgniter\Database\BaseBuilder->get()
#5 C:\xampp\htdocs\si-biara\app\Controllers\SuperAdmin\Laporan.php(132): App\Models\RelationTable->getAnggotaPenugasan()
#6 C:\xampp\htdocs\si-biara\vendor\codeigniter4\framework\system\CodeIgniter.php(927): App\Controllers\SuperAdmin\Laporan->dataPenunjang()
#7 C:\xampp\htdocs\si-biara\vendor\codeigniter4\framework\system\CodeIgniter.php(482): CodeIgniter\CodeIgniter->runController(Object(App\Controllers\SuperAdmin\Laporan))
#8 C:\xampp\htdocs\si-biara\vendor\codeigniter4\framework\system\CodeIgniter.php(351): CodeIgniter\CodeIgniter->handleRequest(NULL, Object(Config\Cache), false)
#9 C:\xampp\htdocs\si-biara\public\index.php(67): CodeIgniter\CodeIgniter->run()
#10 C:\xampp\htdocs\si-biara\vendor\codeigniter4\framework\system\Commands\Server\rewrite.php(46): require_once('C:\\xampp\\htdocs...')
#11 {main}
CRITICAL - 2023-06-15 23:09:49 --> Call to a member function getResultArray() on bool
in APPPATH\Models\RelationTable.php on line 249.
 1 APPPATH\Controllers\SuperAdmin\Laporan.php(132): App\Models\RelationTable->getAnggotaPenugasan()
 2 SYSTEMPATH\CodeIgniter.php(927): App\Controllers\SuperAdmin\Laporan->dataPenunjang()
 3 SYSTEMPATH\CodeIgniter.php(482): CodeIgniter\CodeIgniter->runController(Object(App\Controllers\SuperAdmin\Laporan))
 4 SYSTEMPATH\CodeIgniter.php(351): CodeIgniter\CodeIgniter->handleRequest(null, Object(Config\Cache), false)
 5 FCPATH\index.php(67): CodeIgniter\CodeIgniter->run()
 6 SYSTEMPATH\Commands\Server\rewrite.php(46): require_once('FCPATH\\index.php')
ERROR - 2023-06-15 23:10:37 --> mysqli_sql_exception: This version of MariaDB doesn't yet support 'LIMIT & IN/ALL/ANY/SOME subquery' in C:\xampp\htdocs\si-biara\vendor\codeigniter4\framework\system\Database\MySQLi\Connection.php:292
Stack trace:
#0 C:\xampp\htdocs\si-biara\vendor\codeigniter4\framework\system\Database\MySQLi\Connection.php(292): mysqli->query('SELECT DISTINCT...', 0)
#1 C:\xampp\htdocs\si-biara\vendor\codeigniter4\framework\system\Database\BaseConnection.php(666): CodeIgniter\Database\MySQLi\Connection->execute('SELECT DISTINCT...')
#2 C:\xampp\htdocs\si-biara\vendor\codeigniter4\framework\system\Database\BaseConnection.php(593): CodeIgniter\Database\BaseConnection->simpleQuery('SELECT DISTINCT...')
#3 C:\xampp\htdocs\si-biara\vendor\codeigniter4\framework\system\Database\BaseBuilder.php(1585): CodeIgniter\Database\BaseConnection->query('SELECT DISTINCT...', Array, false)
#4 C:\xampp\htdocs\si-biara\app\Models\RelationTable.php(249): CodeIgniter\Database\BaseBuilder->get()
#5 C:\xampp\htdocs\si-biara\app\Controllers\SuperAdmin\Laporan.php(132): App\Models\RelationTable->getAnggotaPenugasan()
#6 C:\xampp\htdocs\si-biara\vendor\codeigniter4\framework\system\CodeIgniter.php(927): App\Controllers\SuperAdmin\Laporan->dataPenunjang()
#7 C:\xampp\htdocs\si-biara\vendor\codeigniter4\framework\system\CodeIgniter.php(482): CodeIgniter\CodeIgniter->runController(Object(App\Controllers\SuperAdmin\Laporan))
#8 C:\xampp\htdocs\si-biara\vendor\codeigniter4\framework\system\CodeIgniter.php(351): CodeIgniter\CodeIgniter->handleRequest(NULL, Object(Config\Cache), false)
#9 C:\xampp\htdocs\si-biara\public\index.php(67): CodeIgniter\CodeIgniter->run()
#10 C:\xampp\htdocs\si-biara\vendor\codeigniter4\framework\system\Commands\Server\rewrite.php(46): require_once('C:\\xampp\\htdocs...')
#11 {main}
CRITICAL - 2023-06-15 23:10:37 --> Call to a member function getResultArray() on bool
in APPPATH\Models\RelationTable.php on line 249.
 1 APPPATH\Controllers\SuperAdmin\Laporan.php(132): App\Models\RelationTable->getAnggotaPenugasan()
 2 SYSTEMPATH\CodeIgniter.php(927): App\Controllers\SuperAdmin\Laporan->dataPenunjang()
 3 SYSTEMPATH\CodeIgniter.php(482): CodeIgniter\CodeIgniter->runController(Object(App\Controllers\SuperAdmin\Laporan))
 4 SYSTEMPATH\CodeIgniter.php(351): CodeIgniter\CodeIgniter->handleRequest(null, Object(Config\Cache), false)
 5 FCPATH\index.php(67): CodeIgniter\CodeIgniter->run()
 6 SYSTEMPATH\Commands\Server\rewrite.php(46): require_once('FCPATH\\index.php')
ERROR - 2023-06-15 23:11:25 --> mysqli_sql_exception: This version of MariaDB doesn't yet support 'LIMIT & IN/ALL/ANY/SOME subquery' in C:\xampp\htdocs\si-biara\vendor\codeigniter4\framework\system\Database\MySQLi\Connection.php:292
Stack trace:
#0 C:\xampp\htdocs\si-biara\vendor\codeigniter4\framework\system\Database\MySQLi\Connection.php(292): mysqli->query('SELECT DISTINCT...', 0)
#1 C:\xampp\htdocs\si-biara\vendor\codeigniter4\framework\system\Database\BaseConnection.php(666): CodeIgniter\Database\MySQLi\Connection->execute('SELECT DISTINCT...')
#2 C:\xampp\htdocs\si-biara\vendor\codeigniter4\framework\system\Database\BaseConnection.php(593): CodeIgniter\Database\BaseConnection->simpleQuery('SELECT DISTINCT...')
#3 C:\xampp\htdocs\si-biara\vendor\codeigniter4\framework\system\Database\BaseBuilder.php(1585): CodeIgniter\Database\BaseConnection->query('SELECT DISTINCT...', Array, false)
#4 C:\xampp\htdocs\si-biara\app\Models\RelationTable.php(249): CodeIgniter\Database\BaseBuilder->get()
#5 C:\xampp\htdocs\si-biara\app\Controllers\SuperAdmin\Laporan.php(132): App\Models\RelationTable->getAnggotaPenugasan()
#6 C:\xampp\htdocs\si-biara\vendor\codeigniter4\framework\system\CodeIgniter.php(927): App\Controllers\SuperAdmin\Laporan->dataPenunjang()
#7 C:\xampp\htdocs\si-biara\vendor\codeigniter4\framework\system\CodeIgniter.php(482): CodeIgniter\CodeIgniter->runController(Object(App\Controllers\SuperAdmin\Laporan))
#8 C:\xampp\htdocs\si-biara\vendor\codeigniter4\framework\system\CodeIgniter.php(351): CodeIgniter\CodeIgniter->handleRequest(NULL, Object(Config\Cache), false)
#9 C:\xampp\htdocs\si-biara\public\index.php(67): CodeIgniter\CodeIgniter->run()
#10 C:\xampp\htdocs\si-biara\vendor\codeigniter4\framework\system\Commands\Server\rewrite.php(46): require_once('C:\\xampp\\htdocs...')
#11 {main}
CRITICAL - 2023-06-15 23:11:25 --> Call to a member function getResult() on bool
in APPPATH\Models\RelationTable.php on line 249.
 1 APPPATH\Controllers\SuperAdmin\Laporan.php(132): App\Models\RelationTable->getAnggotaPenugasan()
 2 SYSTEMPATH\CodeIgniter.php(927): App\Controllers\SuperAdmin\Laporan->dataPenunjang()
 3 SYSTEMPATH\CodeIgniter.php(482): CodeIgniter\CodeIgniter->runController(Object(App\Controllers\SuperAdmin\Laporan))
 4 SYSTEMPATH\CodeIgniter.php(351): CodeIgniter\CodeIgniter->handleRequest(null, Object(Config\Cache), false)
 5 FCPATH\index.php(67): CodeIgniter\CodeIgniter->run()
 6 SYSTEMPATH\Commands\Server\rewrite.php(46): require_once('FCPATH\\index.php')
ERROR - 2023-06-15 23:14:54 --> mysqli_sql_exception: This version of MariaDB doesn't yet support 'LIMIT & IN/ALL/ANY/SOME subquery' in C:\xampp\htdocs\si-biara\vendor\codeigniter4\framework\system\Database\MySQLi\Connection.php:292
Stack trace:
#0 C:\xampp\htdocs\si-biara\vendor\codeigniter4\framework\system\Database\MySQLi\Connection.php(292): mysqli->query('SELECT DISTINCT...', 0)
#1 C:\xampp\htdocs\si-biara\vendor\codeigniter4\framework\system\Database\BaseConnection.php(666): CodeIgniter\Database\MySQLi\Connection->execute('SELECT DISTINCT...')
#2 C:\xampp\htdocs\si-biara\vendor\codeigniter4\framework\system\Database\BaseConnection.php(593): CodeIgniter\Database\BaseConnection->simpleQuery('SELECT DISTINCT...')
#3 C:\xampp\htdocs\si-biara\vendor\codeigniter4\framework\system\Database\BaseBuilder.php(1585): CodeIgniter\Database\BaseConnection->query('SELECT DISTINCT...', Array, false)
#4 C:\xampp\htdocs\si-biara\app\Models\RelationTable.php(257): CodeIgniter\Database\BaseBuilder->get()
#5 C:\xampp\htdocs\si-biara\app\Controllers\SuperAdmin\Laporan.php(132): App\Models\RelationTable->getAnggotaPenugasan()
#6 C:\xampp\htdocs\si-biara\vendor\codeigniter4\framework\system\CodeIgniter.php(927): App\Controllers\SuperAdmin\Laporan->dataPenunjang()
#7 C:\xampp\htdocs\si-biara\vendor\codeigniter4\framework\system\CodeIgniter.php(482): CodeIgniter\CodeIgniter->runController(Object(App\Controllers\SuperAdmin\Laporan))
#8 C:\xampp\htdocs\si-biara\vendor\codeigniter4\framework\system\CodeIgniter.php(351): CodeIgniter\CodeIgniter->handleRequest(NULL, Object(Config\Cache), false)
#9 C:\xampp\htdocs\si-biara\public\index.php(67): CodeIgniter\CodeIgniter->run()
#10 C:\xampp\htdocs\si-biara\vendor\codeigniter4\framework\system\Commands\Server\rewrite.php(46): require_once('C:\\xampp\\htdocs...')
#11 {main}
CRITICAL - 2023-06-15 23:14:54 --> Call to a member function getResult() on bool
in APPPATH\Models\RelationTable.php on line 257.
 1 APPPATH\Controllers\SuperAdmin\Laporan.php(132): App\Models\RelationTable->getAnggotaPenugasan()
 2 SYSTEMPATH\CodeIgniter.php(927): App\Controllers\SuperAdmin\Laporan->dataPenunjang()
 3 SYSTEMPATH\CodeIgniter.php(482): CodeIgniter\CodeIgniter->runController(Object(App\Controllers\SuperAdmin\Laporan))
 4 SYSTEMPATH\CodeIgniter.php(351): CodeIgniter\CodeIgniter->handleRequest(null, Object(Config\Cache), false)
 5 FCPATH\index.php(67): CodeIgniter\CodeIgniter->run()
 6 SYSTEMPATH\Commands\Server\rewrite.php(46): require_once('FCPATH\\index.php')
CRITICAL - 2023-06-15 23:15:16 --> syntax error, unexpected 'return' (T_RETURN)
in APPPATH\Models\RelationTable.php on line 234.
 1 SYSTEMPATH\Autoloader\Autoloader.php(259): CodeIgniter\Autoloader\Autoloader->includeFile('APPPATH\\Models\\RelationTable.php')
 2 SYSTEMPATH\Autoloader\Autoloader.php(237): CodeIgniter\Autoloader\Autoloader->loadInNamespace('App\\Models\\RelationTable')
 3 [internal function]: CodeIgniter\Autoloader\Autoloader->loadClass('App\\Models\\RelationTable')
 4 APPPATH\Controllers\SuperAdmin\Laporan.php(21): spl_autoload_call('App\\Models\\RelationTable')
 5 SYSTEMPATH\CodeIgniter.php(889): App\Controllers\SuperAdmin\Laporan->__construct()
 6 SYSTEMPATH\CodeIgniter.php(473): CodeIgniter\CodeIgniter->createController()
 7 SYSTEMPATH\CodeIgniter.php(351): CodeIgniter\CodeIgniter->handleRequest(null, Object(Config\Cache), false)
 8 FCPATH\index.php(67): CodeIgniter\CodeIgniter->run()
 9 SYSTEMPATH\Commands\Server\rewrite.php(46): require_once('FCPATH\\index.php')
CRITICAL - 2023-06-15 23:39:47 --> You must provide a valid column name not separated by comma.
in SYSTEMPATH\Database\BaseBuilder.php on line 491.
 1 SYSTEMPATH\Database\BaseBuilder.php(491): CodeIgniter\Database\Exceptions\DataException::forInvalidArgument('column name not separated by comma')
 2 SYSTEMPATH\Database\BaseBuilder.php(418): CodeIgniter\Database\BaseBuilder->maxMinAvgSum('penugasan.tanggalPenugasan, penugasan.idKomunitas, anggota.*', 'ROOTPATH\\public')
 3 APPPATH\Models\RelationTable.php(236): CodeIgniter\Database\BaseBuilder->selectMax('penugasan.tanggalPenugasan, penugasan.idKomunitas, anggota.*')
 4 APPPATH\Controllers\SuperAdmin\Laporan.php(132): App\Models\RelationTable->getAnggotaPenugasan()
 5 SYSTEMPATH\CodeIgniter.php(927): App\Controllers\SuperAdmin\Laporan->dataPenunjang()
 6 SYSTEMPATH\CodeIgniter.php(482): CodeIgniter\CodeIgniter->runController(Object(App\Controllers\SuperAdmin\Laporan))
 7 SYSTEMPATH\CodeIgniter.php(351): CodeIgniter\CodeIgniter->handleRequest(null, Object(Config\Cache), false)
 8 FCPATH\index.php(67): CodeIgniter\CodeIgniter->run()
 9 SYSTEMPATH\Commands\Server\rewrite.php(46): require_once('FCPATH\\index.php')
CRITICAL - 2023-06-15 23:44:37 --> You must provide a valid column name not separated by comma.
in SYSTEMPATH\Database\BaseBuilder.php on line 491.
 1 SYSTEMPATH\Database\BaseBuilder.php(491): CodeIgniter\Database\Exceptions\DataException::forInvalidArgument('column name not separated by comma')
 2 SYSTEMPATH\Database\BaseBuilder.php(418): CodeIgniter\Database\BaseBuilder->maxMinAvgSum('penugasan.tanggalPenugasan, penugasan.idKomunitas, anggota.*', 'ROOTPATH\\public')
 3 APPPATH\Models\RelationTable.php(236): CodeIgniter\Database\BaseBuilder->selectMax('penugasan.tanggalPenugasan, penugasan.idKomunitas, anggota.*')
 4 APPPATH\Controllers\SuperAdmin\Laporan.php(132): App\Models\RelationTable->getAnggotaPenugasan()
 5 SYSTEMPATH\CodeIgniter.php(927): App\Controllers\SuperAdmin\Laporan->dataPenunjang()
 6 SYSTEMPATH\CodeIgniter.php(482): CodeIgniter\CodeIgniter->runController(Object(App\Controllers\SuperAdmin\Laporan))
 7 SYSTEMPATH\CodeIgniter.php(351): CodeIgniter\CodeIgniter->handleRequest(null, Object(Config\Cache), false)
 8 FCPATH\index.php(67): CodeIgniter\CodeIgniter->run()
 9 SYSTEMPATH\Commands\Server\rewrite.php(46): require_once('FCPATH\\index.php')
CRITICAL - 2023-06-15 23:44:41 --> You must provide a valid column name not separated by comma.
in SYSTEMPATH\Database\BaseBuilder.php on line 491.
 1 SYSTEMPATH\Database\BaseBuilder.php(491): CodeIgniter\Database\Exceptions\DataException::forInvalidArgument('column name not separated by comma')
 2 SYSTEMPATH\Database\BaseBuilder.php(418): CodeIgniter\Database\BaseBuilder->maxMinAvgSum('penugasan.tanggalPenugasan, penugasan.idKomunitas, anggota.*', 'ROOTPATH\\public')
 3 APPPATH\Models\RelationTable.php(236): CodeIgniter\Database\BaseBuilder->selectMax('penugasan.tanggalPenugasan, penugasan.idKomunitas, anggota.*')
 4 APPPATH\Controllers\SuperAdmin\Laporan.php(132): App\Models\RelationTable->getAnggotaPenugasan()
 5 SYSTEMPATH\CodeIgniter.php(927): App\Controllers\SuperAdmin\Laporan->dataPenunjang()
 6 SYSTEMPATH\CodeIgniter.php(482): CodeIgniter\CodeIgniter->runController(Object(App\Controllers\SuperAdmin\Laporan))
 7 SYSTEMPATH\CodeIgniter.php(351): CodeIgniter\CodeIgniter->handleRequest(null, Object(Config\Cache), false)
 8 FCPATH\index.php(67): CodeIgniter\CodeIgniter->run()
 9 SYSTEMPATH\Commands\Server\rewrite.php(46): require_once('FCPATH\\index.php')
