CRITICAL - 2022-12-23 07:48:39 --> Undefined variable: komunitas
in APPPATH\Views\admin\penugasan.php on line 109.
 1 APPPATH\Views\admin\penugasan.php(109): CodeIgniter\Debug\Exceptions->errorHandler(8, 'Undefined variable: komunitas', 'APPPATH\\Views\\admin\\penugasan.php', 109, [...])
 2 SYSTEMPATH\View\View.php(213): include('APPPATH\\Views\\admin\\penugasan.php')
 3 SYSTEMPATH\View\View.php(216): CodeIgniter\View\View->CodeIgniter\View\{closure}()
 4 SYSTEMPATH\Common.php(1134): CodeIgniter\View\View->render('admin/penugasan', [], true)
 5 APPPATH\Controllers\Admin\Penugasan.php(24): view('admin/penugasan', [...])
 6 SYSTEMPATH\CodeIgniter.php(927): App\Controllers\Admin\Penugasan->index()
 7 SYSTEMPATH\CodeIgniter.php(482): CodeIgniter\CodeIgniter->runController(Object(App\Controllers\Admin\Penugasan))
 8 SYSTEMPATH\CodeIgniter.php(351): CodeIgniter\CodeIgniter->handleRequest(null, Object(Config\Cache), false)
 9 FCPATH\index.php(67): CodeIgniter\CodeIgniter->run()
10 SYSTEMPATH\Commands\Server\rewrite.php(46): require_once('FCPATH\\index.php')
CRITICAL - 2022-12-23 07:56:51 --> syntax error, unexpected '?>'
in APPPATH\Views\admin\penugasan.php on line 76.
 1 SYSTEMPATH\View\View.php(216): CodeIgniter\View\View->CodeIgniter\View\{closure}()
 2 SYSTEMPATH\Common.php(1134): CodeIgniter\View\View->render('admin/penugasan', [], true)
 3 APPPATH\Controllers\Admin\Penugasan.php(27): view('admin/penugasan', [...])
 4 SYSTEMPATH\CodeIgniter.php(927): App\Controllers\Admin\Penugasan->index()
 5 SYSTEMPATH\CodeIgniter.php(482): CodeIgniter\CodeIgniter->runController(Object(App\Controllers\Admin\Penugasan))
 6 SYSTEMPATH\CodeIgniter.php(351): CodeIgniter\CodeIgniter->handleRequest(null, Object(Config\Cache), false)
 7 FCPATH\index.php(67): CodeIgniter\CodeIgniter->run()
 8 SYSTEMPATH\Commands\Server\rewrite.php(46): require_once('FCPATH\\index.php')
CRITICAL - 2022-12-23 07:57:11 --> Undefined index: nama
in APPPATH\Views\admin\penugasan.php on line 103.
 1 APPPATH\Views\admin\penugasan.php(103): CodeIgniter\Debug\Exceptions->errorHandler(8, 'Undefined index: nama', 'APPPATH\\Views\\admin\\penugasan.php', 103, [...])
 2 SYSTEMPATH\View\View.php(213): include('APPPATH\\Views\\admin\\penugasan.php')
 3 SYSTEMPATH\View\View.php(216): CodeIgniter\View\View->CodeIgniter\View\{closure}()
 4 SYSTEMPATH\Common.php(1134): CodeIgniter\View\View->render('admin/penugasan', [], true)
 5 APPPATH\Controllers\Admin\Penugasan.php(27): view('admin/penugasan', [...])
 6 SYSTEMPATH\CodeIgniter.php(927): App\Controllers\Admin\Penugasan->index()
 7 SYSTEMPATH\CodeIgniter.php(482): CodeIgniter\CodeIgniter->runController(Object(App\Controllers\Admin\Penugasan))
 8 SYSTEMPATH\CodeIgniter.php(351): CodeIgniter\CodeIgniter->handleRequest(null, Object(Config\Cache), false)
 9 FCPATH\index.php(67): CodeIgniter\CodeIgniter->run()
10 SYSTEMPATH\Commands\Server\rewrite.php(46): require_once('FCPATH\\index.php')
CRITICAL - 2022-12-23 07:57:36 --> Undefined variable: penugasan
in APPPATH\Views\admin\penugasan.php on line 103.
 1 APPPATH\Views\admin\penugasan.php(103): CodeIgniter\Debug\Exceptions->errorHandler(8, 'Undefined variable: penugasan', 'APPPATH\\Views\\admin\\penugasan.php', 103, [...])
 2 SYSTEMPATH\View\View.php(213): include('APPPATH\\Views\\admin\\penugasan.php')
 3 SYSTEMPATH\View\View.php(216): CodeIgniter\View\View->CodeIgniter\View\{closure}()
 4 SYSTEMPATH\Common.php(1134): CodeIgniter\View\View->render('admin/penugasan', [], true)
 5 APPPATH\Controllers\Admin\Penugasan.php(27): view('admin/penugasan', [...])
 6 SYSTEMPATH\CodeIgniter.php(927): App\Controllers\Admin\Penugasan->index()
 7 SYSTEMPATH\CodeIgniter.php(482): CodeIgniter\CodeIgniter->runController(Object(App\Controllers\Admin\Penugasan))
 8 SYSTEMPATH\CodeIgniter.php(351): CodeIgniter\CodeIgniter->handleRequest(null, Object(Config\Cache), false)
 9 FCPATH\index.php(67): CodeIgniter\CodeIgniter->run()
10 SYSTEMPATH\Commands\Server\rewrite.php(46): require_once('FCPATH\\index.php')
CRITICAL - 2022-12-23 07:57:47 --> Undefined variable: penugasan
in APPPATH\Views\admin\penugasan.php on line 103.
 1 APPPATH\Views\admin\penugasan.php(103): CodeIgniter\Debug\Exceptions->errorHandler(8, 'Undefined variable: penugasan', 'APPPATH\\Views\\admin\\penugasan.php', 103, [...])
 2 SYSTEMPATH\View\View.php(213): include('APPPATH\\Views\\admin\\penugasan.php')
 3 SYSTEMPATH\View\View.php(216): CodeIgniter\View\View->CodeIgniter\View\{closure}()
 4 SYSTEMPATH\Common.php(1134): CodeIgniter\View\View->render('admin/penugasan', [], true)
 5 APPPATH\Controllers\Admin\Penugasan.php(27): view('admin/penugasan', [...])
 6 SYSTEMPATH\CodeIgniter.php(927): App\Controllers\Admin\Penugasan->index()
 7 SYSTEMPATH\CodeIgniter.php(482): CodeIgniter\CodeIgniter->runController(Object(App\Controllers\Admin\Penugasan))
 8 SYSTEMPATH\CodeIgniter.php(351): CodeIgniter\CodeIgniter->handleRequest(null, Object(Config\Cache), false)
 9 FCPATH\index.php(67): CodeIgniter\CodeIgniter->run()
10 SYSTEMPATH\Commands\Server\rewrite.php(46): require_once('FCPATH\\index.php')
CRITICAL - 2022-12-23 07:59:38 --> Undefined variable: penugasan
in APPPATH\Views\admin\penugasan.php on line 103.
 1 APPPATH\Views\admin\penugasan.php(103): CodeIgniter\Debug\Exceptions->errorHandler(8, 'Undefined variable: penugasan', 'APPPATH\\Views\\admin\\penugasan.php', 103, [...])
 2 SYSTEMPATH\View\View.php(213): include('APPPATH\\Views\\admin\\penugasan.php')
 3 SYSTEMPATH\View\View.php(216): CodeIgniter\View\View->CodeIgniter\View\{closure}()
 4 SYSTEMPATH\Common.php(1134): CodeIgniter\View\View->render('admin/penugasan', [], true)
 5 APPPATH\Controllers\Admin\Penugasan.php(27): view('admin/penugasan', [...])
 6 SYSTEMPATH\CodeIgniter.php(927): App\Controllers\Admin\Penugasan->index()
 7 SYSTEMPATH\CodeIgniter.php(482): CodeIgniter\CodeIgniter->runController(Object(App\Controllers\Admin\Penugasan))
 8 SYSTEMPATH\CodeIgniter.php(351): CodeIgniter\CodeIgniter->handleRequest(null, Object(Config\Cache), false)
 9 FCPATH\index.php(67): CodeIgniter\CodeIgniter->run()
10 SYSTEMPATH\Commands\Server\rewrite.php(46): require_once('FCPATH\\index.php')
CRITICAL - 2022-12-23 07:59:54 --> Illegal string offset 'id'
in APPPATH\Views\admin\penugasan.php on line 113.
 1 APPPATH\Views\admin\penugasan.php(113): CodeIgniter\Debug\Exceptions->errorHandler(2, 'Illegal string offset \'id\'', 'APPPATH\\Views\\admin\\penugasan.php', 113, [...])
 2 SYSTEMPATH\View\View.php(213): include('APPPATH\\Views\\admin\\penugasan.php')
 3 SYSTEMPATH\View\View.php(216): CodeIgniter\View\View->CodeIgniter\View\{closure}()
 4 SYSTEMPATH\Common.php(1134): CodeIgniter\View\View->render('admin/penugasan', [], true)
 5 APPPATH\Controllers\Admin\Penugasan.php(27): view('admin/penugasan', [...])
 6 SYSTEMPATH\CodeIgniter.php(927): App\Controllers\Admin\Penugasan->index()
 7 SYSTEMPATH\CodeIgniter.php(482): CodeIgniter\CodeIgniter->runController(Object(App\Controllers\Admin\Penugasan))
 8 SYSTEMPATH\CodeIgniter.php(351): CodeIgniter\CodeIgniter->handleRequest(null, Object(Config\Cache), false)
 9 FCPATH\index.php(67): CodeIgniter\CodeIgniter->run()
10 SYSTEMPATH\Commands\Server\rewrite.php(46): require_once('FCPATH\\index.php')
