ERROR - 2023-01-09 08:27:03 --> mysqli_sql_exception: Unknown column 'pemA.idAnggota' in 'field list' in C:\xampp\htdocs\si-biara\vendor\codeigniter4\framework\system\Database\MySQLi\Connection.php:292
Stack trace:
#0 C:\xampp\htdocs\si-biara\vendor\codeigniter4\framework\system\Database\MySQLi\Connection.php(292): mysqli->query('SELECT `anggota...', 0)
#1 C:\xampp\htdocs\si-biara\vendor\codeigniter4\framework\system\Database\BaseConnection.php(666): CodeIgniter\Database\MySQLi\Connection->execute('SELECT `anggota...')
#2 C:\xampp\htdocs\si-biara\vendor\codeigniter4\framework\system\Database\BaseConnection.php(593): CodeIgniter\Database\BaseConnection->simpleQuery('SELECT `anggota...')
#3 C:\xampp\htdocs\si-biara\vendor\codeigniter4\framework\system\Database\BaseBuilder.php(1585): CodeIgniter\Database\BaseConnection->query('SELECT `anggota...', Array, false)
#4 C:\xampp\htdocs\si-biara\app\Models\RelationTable.php(86): CodeIgniter\Database\BaseBuilder->get()
#5 C:\xampp\htdocs\si-biara\app\Controllers\Admin\Anggota.php(156): App\Models\RelationTable->getAnggotaById('2')
#6 C:\xampp\htdocs\si-biara\vendor\codeigniter4\framework\system\CodeIgniter.php(927): App\Controllers\Admin\Anggota->detail('2')
#7 C:\xampp\htdocs\si-biara\vendor\codeigniter4\framework\system\CodeIgniter.php(482): CodeIgniter\CodeIgniter->runController(Object(App\Controllers\Admin\Anggota))
#8 C:\xampp\htdocs\si-biara\vendor\codeigniter4\framework\system\CodeIgniter.php(351): CodeIgniter\CodeIgniter->handleRequest(NULL, Object(Config\Cache), false)
#9 C:\xampp\htdocs\si-biara\public\index.php(67): CodeIgniter\CodeIgniter->run()
#10 C:\xampp\htdocs\si-biara\vendor\codeigniter4\framework\system\Commands\Server\rewrite.php(46): require_once('C:\\xampp\\htdocs...')
#11 {main}
CRITICAL - 2023-01-09 08:27:03 --> Call to a member function getRowArray() on bool
in APPPATH\Models\RelationTable.php on line 86.
 1 APPPATH\Controllers\Admin\Anggota.php(156): App\Models\RelationTable->getAnggotaById('2')
 2 SYSTEMPATH\CodeIgniter.php(927): App\Controllers\Admin\Anggota->detail('2')
 3 SYSTEMPATH\CodeIgniter.php(482): CodeIgniter\CodeIgniter->runController(Object(App\Controllers\Admin\Anggota))
 4 SYSTEMPATH\CodeIgniter.php(351): CodeIgniter\CodeIgniter->handleRequest(null, Object(Config\Cache), false)
 5 FCPATH\index.php(67): CodeIgniter\CodeIgniter->run()
 6 SYSTEMPATH\Commands\Server\rewrite.php(46): require_once('FCPATH\\index.php')
CRITICAL - 2023-01-09 10:50:10 --> Undefined variable: lisPenugasan
in APPPATH\Views\admin\detailAnggota.php on line 102.
 1 APPPATH\Views\admin\detailAnggota.php(102): CodeIgniter\Debug\Exceptions->errorHandler(8, 'Undefined variable: lisPenugasan', 'APPPATH\\Views\\admin\\detailAnggota.php', 102, [...])
 2 SYSTEMPATH\View\View.php(213): include('APPPATH\\Views\\admin\\detailAnggota.php')
 3 SYSTEMPATH\View\View.php(216): CodeIgniter\View\View->CodeIgniter\View\{closure}()
 4 SYSTEMPATH\Common.php(1134): CodeIgniter\View\View->render('admin/detailAnggota', [], true)
 5 APPPATH\Controllers\Admin\Anggota.php(161): view('admin/detailAnggota', [...])
 6 SYSTEMPATH\CodeIgniter.php(927): App\Controllers\Admin\Anggota->detail('2')
 7 SYSTEMPATH\CodeIgniter.php(482): CodeIgniter\CodeIgniter->runController(Object(App\Controllers\Admin\Anggota))
 8 SYSTEMPATH\CodeIgniter.php(351): CodeIgniter\CodeIgniter->handleRequest(null, Object(Config\Cache), false)
 9 FCPATH\index.php(67): CodeIgniter\CodeIgniter->run()
10 SYSTEMPATH\Commands\Server\rewrite.php(46): require_once('FCPATH\\index.php')
