CRITICAL - 2023-01-31 09:31:14 --> Undefined index: berkas
in APPPATH\Views\admin\suratMasuk.php on line 130.
 1 APPPATH\Views\admin\suratMasuk.php(130): CodeIgniter\Debug\Exceptions->errorHandler(8, 'Undefined index: berkas', 'APPPATH\\Views\\admin\\suratMasuk.php', 130, [...])
 2 SYSTEMPATH\View\View.php(213): include('APPPATH\\Views\\admin\\suratMasuk.php')
 3 SYSTEMPATH\View\View.php(216): CodeIgniter\View\View->CodeIgniter\View\{closure}()
 4 SYSTEMPATH\Common.php(1134): CodeIgniter\View\View->render('admin/suratMasuk', [], true)
 5 APPPATH\Controllers\Admin\Surat.php(23): view('admin/suratMasuk', [...])
 6 SYSTEMPATH\CodeIgniter.php(927): App\Controllers\Admin\Surat->suratMasuk()
 7 SYSTEMPATH\CodeIgniter.php(482): CodeIgniter\CodeIgniter->runController(Object(App\Controllers\Admin\Surat))
 8 SYSTEMPATH\CodeIgniter.php(351): CodeIgniter\CodeIgniter->handleRequest(null, Object(Config\Cache), false)
 9 FCPATH\index.php(67): CodeIgniter\CodeIgniter->run()
10 SYSTEMPATH\Commands\Server\rewrite.php(46): require_once('FCPATH\\index.php')
CRITICAL - 2023-01-31 09:32:02 --> Undefined index: namaAnggota
in APPPATH\Views\admin\suratMasuk.php on line 131.
 1 APPPATH\Views\admin\suratMasuk.php(131): CodeIgniter\Debug\Exceptions->errorHandler(8, 'Undefined index: namaAnggota', 'APPPATH\\Views\\admin\\suratMasuk.php', 131, [...])
 2 SYSTEMPATH\View\View.php(213): include('APPPATH\\Views\\admin\\suratMasuk.php')
 3 SYSTEMPATH\View\View.php(216): CodeIgniter\View\View->CodeIgniter\View\{closure}()
 4 SYSTEMPATH\Common.php(1134): CodeIgniter\View\View->render('admin/suratMasuk', [], true)
 5 APPPATH\Controllers\Admin\Surat.php(23): view('admin/suratMasuk', [...])
 6 SYSTEMPATH\CodeIgniter.php(927): App\Controllers\Admin\Surat->suratMasuk()
 7 SYSTEMPATH\CodeIgniter.php(482): CodeIgniter\CodeIgniter->runController(Object(App\Controllers\Admin\Surat))
 8 SYSTEMPATH\CodeIgniter.php(351): CodeIgniter\CodeIgniter->handleRequest(null, Object(Config\Cache), false)
 9 FCPATH\index.php(67): CodeIgniter\CodeIgniter->run()
10 SYSTEMPATH\Commands\Server\rewrite.php(46): require_once('FCPATH\\index.php')
